#
# A fatal error has been detected by the Java Runtime Environment:
#
#  SIGSEGV (0xb) at pc=0xa798350c, pid=24651, tid=2809793392
#
# JRE version: 6.0_24-b07
# Java VM: Java HotSpot(TM) Server VM (19.1-b02 mixed mode linux-x86 )
# Problematic frame:
# C  [libdcpr.so+0x950c]
#
# If you would like to submit a bug report, please visit:
#   http://java.sun.com/webapps/bugreport/crash.jsp
# The crash happened outside the Java Virtual Machine in native code.
# See problematic frame for where to report the bug.
#

---------------  T H R E A D  ---------------

Current thread (0xa9a3f000):  JavaThread "AWT-EventQueue-1" [_thread_in_native, id=24676, stack(0xa7750000,0xa77a1000)]

siginfo:si_signo=SIGSEGV: si_errno=0, si_code=2 (SEGV_ACCERR), si_addr=0xaa2f9000

Registers:
EAX=0x00000b1b, EBX=0xa79a1e18, ECX=0x00000001, EDX=0x7ffff4e4
ESP=0xa779eaa0, EBP=0xa779eac8, ESI=0xaa2f6394, EDI=0x7fffffff
EIP=0xa798350c, CR2=0xaa2f9000, EFLAGS=0x00210296

Register to memory mapping:

EAX=0x00000b1b
0x00000b1b is pointing to unknown location

EBX=0xa79a1e18
0xa79a1e18: <offset 0x27e18> in /opt/sun-jdk-1.6.0.24/jre/lib/i386/libdcpr.so at 0xa797a000

ECX=0x00000001
0x00000001 is pointing to unknown location

EDX=0x7ffff4e4
0x7ffff4e4 is pointing to unknown location

ESP=0xa779eaa0
0xa779eaa0 is pointing into the stack for thread: 0xa9a3f000
"AWT-EventQueue-1" prio=10 tid=0xa9a3f000 nid=0x6064 runnable [0xa779e000]
   java.lang.Thread.State: RUNNABLE

EBP=0xa779eac8
0xa779eac8 is pointing into the stack for thread: 0xa9a3f000
"AWT-EventQueue-1" prio=10 tid=0xa9a3f000 nid=0x6064 runnable [0xa779e000]
   java.lang.Thread.State: RUNNABLE

ESI=0xaa2f6394
0xaa2f6394 is pointing to unknown location

EDI=0x7fffffff
0x7fffffff is pointing to unknown location


Top of Stack: (sp=0xa779eaa0)
0xa779eaa0:   00000000 027f0e7f 00000000 00000000
0xa779eab0:   a779eae0 067f027f 00000001 a79a1e18
0xa779eac0:   aa2f6394 a9b02e34 a779eb78 a79838a1
0xa779ead0:   aa2f6394 ffc00000 00000000 3b4cccaf
0xa779eae0:   36a0d96c 3b4cccaf 00000001 00000000
0xa779eaf0:   aa2f64a0 a9b949a8 3d000000 3b4ccccf
0xa779eb00:   00000000 a9b949a8 a779eb28 a797d549
0xa779eb10:   36a0d96c a9b949a8 a779eb38 a79a1e18 

Instructions: (pc=0xa798350c)
0xa79834fc:   00 00 00 00 52 4a db 04 24 83 c4 04 d8 e1 d8 f2
0xa798350c:   d9 1c 86 40 39 ca 7d ec dd d8 dd d8 e9 2b ff ff 

Stack: [0xa7750000,0xa77a1000],  sp=0xa779eaa0,  free space=314k
Native frames: (J=compiled Java code, j=interpreted, Vv=VM code, C=native code)
C  [libdcpr.so+0x950c]
C  [libdcpr.so+0x98a1]
C  [libdcpr.so+0x904d]
C  [libdcpr.so+0x350c]
C  [libdcpr.so+0x3b73]
C  [libdcpr.so+0xbd0f]
C  [libdcpr.so+0x4df4]  Java_sun_dc_pr_PathFiller_setOutputArea+0x74
j  sun.dc.pr.PathFiller.setOutputArea(FFII)V+0
j  sun.dc.pr.Rasterizer.setOutputArea(FFII)V+9
j  sun.java2d.pipe.DuctusShapeRenderer.renderTiles(Lsun/java2d/SunGraphics2D;Ljava/awt/Shape;Lsun/dc/pr/Rasterizer;)V+143
j  sun.java2d.pipe.DuctusShapeRenderer.renderPath(Lsun/java2d/SunGraphics2D;Ljava/awt/Shape;Ljava/awt/BasicStroke;)V+71
j  sun.java2d.pipe.DuctusShapeRenderer.draw(Lsun/java2d/SunGraphics2D;Ljava/awt/Shape;)V+38
j  sun.java2d.pipe.PixelToShapeConverter.drawRoundRect(Lsun/java2d/SunGraphics2D;IIIIII)V+28
j  sun.java2d.pipe.ValidatePipe.drawRoundRect(Lsun/java2d/SunGraphics2D;IIIIII)V+23
j  sun.java2d.SunGraphics2D.drawRoundRect(IIIIII)V+14
j  net.java.dev.imagine.layers.raster.WrapperGraphics.drawRoundRect(IIIIII)V+13
j  org.netbeans.paint.tools.RoundRectTool.draw(Ljava/awt/Rectangle;Ljava/awt/Graphics2D;Z)V+126
j  org.netbeans.paint.tools.RectangleTool.paint(Ljava/awt/Graphics2D;)V+87
j  org.netbeans.paint.tools.RectangleTool.paint(Ljava/awt/Graphics2D;Ljava/awt/Rectangle;Z)V+87
j  org.netbeans.paintui.PaintCanvas.requestCommit()V+108
j  org.netbeans.paint.tools.RectangleTool.commit()V+4
j  org.netbeans.paint.tools.RectangleTool.mouseReleased(Ljava/awt/event/MouseEvent;)V+76
j  org.netbeans.paintui.PaintCanvas.dispatchToTool(Ljava/awt/event/MouseEvent;)V+294
j  org.netbeans.paintui.PaintCanvas.processMouseEvent(Ljava/awt/event/MouseEvent;)V+52
j  java.awt.Component.processEvent(Ljava/awt/AWTEvent;)V+81
j  java.awt.Container.processEvent(Ljava/awt/AWTEvent;)V+18
j  java.awt.Component.dispatchEventImpl(Ljava/awt/AWTEvent;)V+566
j  java.awt.Container.dispatchEventImpl(Ljava/awt/AWTEvent;)V+42

Java frames: (J=compiled Java code, j=interpreted, Vv=VM code)
j  sun.dc.pr.PathFiller.setOutputArea(FFII)V+0
j  sun.dc.pr.Rasterizer.setOutputArea(FFII)V+9
j  sun.java2d.pipe.DuctusShapeRenderer.renderTiles(Lsun/java2d/SunGraphics2D;Ljava/awt/Shape;Lsun/dc/pr/Rasterizer;)V+143
j  sun.java2d.pipe.DuctusShapeRenderer.renderPath(Lsun/java2d/SunGraphics2D;Ljava/awt/Shape;Ljava/awt/BasicStroke;)V+71
j  sun.java2d.pipe.DuctusShapeRenderer.draw(Lsun/java2d/SunGraphics2D;Ljava/awt/Shape;)V+38
j  sun.java2d.pipe.PixelToShapeConverter.drawRoundRect(Lsun/java2d/SunGraphics2D;IIIIII)V+28
j  sun.java2d.pipe.ValidatePipe.drawRoundRect(Lsun/java2d/SunGraphics2D;IIIIII)V+23
j  sun.java2d.SunGraphics2D.drawRoundRect(IIIIII)V+14
j  net.java.dev.imagine.layers.raster.WrapperGraphics.drawRoundRect(IIIIII)V+13
j  org.netbeans.paint.tools.RoundRectTool.draw(Ljava/awt/Rectangle;Ljava/awt/Graphics2D;Z)V+126
j  org.netbeans.paint.tools.RectangleTool.paint(Ljava/awt/Graphics2D;)V+87
j  org.netbeans.paint.tools.RectangleTool.paint(Ljava/awt/Graphics2D;Ljava/awt/Rectangle;Z)V+87
j  org.netbeans.paintui.PaintCanvas.requestCommit()V+108
j  org.netbeans.paint.tools.RectangleTool.commit()V+4
j  org.netbeans.paint.tools.RectangleTool.mouseReleased(Ljava/awt/event/MouseEvent;)V+76
j  org.netbeans.paintui.PaintCanvas.dispatchToTool(Ljava/awt/event/MouseEvent;)V+294
j  org.netbeans.paintui.PaintCanvas.processMouseEvent(Ljava/awt/event/MouseEvent;)V+52
j  java.awt.Component.processEvent(Ljava/awt/AWTEvent;)V+81
j  java.awt.Container.processEvent(Ljava/awt/AWTEvent;)V+18
j  java.awt.Component.dispatchEventImpl(Ljava/awt/AWTEvent;)V+566
j  java.awt.Container.dispatchEventImpl(Ljava/awt/AWTEvent;)V+42
J  java.awt.LightweightDispatcher.retargetMouseEvent(Ljava/awt/Component;ILjava/awt/event/MouseEvent;)V
j  java.awt.LightweightDispatcher.processMouseEvent(Ljava/awt/event/MouseEvent;)Z+139
j  java.awt.LightweightDispatcher.dispatchEvent(Ljava/awt/AWTEvent;)Z+50
j  java.awt.Container.dispatchEventImpl(Ljava/awt/AWTEvent;)V+12
j  java.awt.Window.dispatchEventImpl(Ljava/awt/AWTEvent;)V+19
j  java.awt.Component.dispatchEvent(Ljava/awt/AWTEvent;)V+2
j  java.awt.EventQueue.dispatchEventImpl(Ljava/awt/AWTEvent;Ljava/lang/Object;)V+41
j  java.awt.EventQueue.access$000(Ljava/awt/EventQueue;Ljava/awt/AWTEvent;Ljava/lang/Object;)V+3
j  java.awt.EventQueue$1.run()Ljava/lang/Void;+12
j  java.awt.EventQueue$1.run()Ljava/lang/Object;+1
v  ~StubRoutines::call_stub
J  java.security.AccessController.doPrivileged(Ljava/security/PrivilegedAction;Ljava/security/AccessControlContext;)Ljava/lang/Object;
j  java.security.AccessControlContext$1.doIntersectionPrivilege(Ljava/security/PrivilegedAction;Ljava/security/AccessControlContext;Ljava/security/AccessControlContext;)Ljava/lang/Object;+28
j  java.security.AccessControlContext$1.doIntersectionPrivilege(Ljava/security/PrivilegedAction;Ljava/security/AccessControlContext;)Ljava/lang/Object;+6
j  java.awt.EventQueue$2.run()Ljava/lang/Void;+11
j  java.awt.EventQueue$2.run()Ljava/lang/Object;+1
v  ~StubRoutines::call_stub
J  java.security.AccessController.doPrivileged(Ljava/security/PrivilegedAction;Ljava/security/AccessControlContext;)Ljava/lang/Object;
j  java.security.AccessControlContext$1.doIntersectionPrivilege(Ljava/security/PrivilegedAction;Ljava/security/AccessControlContext;Ljava/security/AccessControlContext;)Ljava/lang/Object;+28
j  java.awt.EventQueue.dispatchEvent(Ljava/awt/AWTEvent;)V+73
j  org.netbeans.core.TimableEventQueue.dispatchEvent(Ljava/awt/AWTEvent;)V+17
j  java.awt.EventDispatchThread.pumpOneEventForFilters(I)Z+204
j  java.awt.EventDispatchThread.pumpEventsForFilter(ILjava/awt/Conditional;Ljava/awt/EventFilter;)V+30
j  java.awt.EventDispatchThread.pumpEventsForHierarchy(ILjava/awt/Conditional;Ljava/awt/Component;)V+11
j  java.awt.EventDispatchThread.pumpEvents(ILjava/awt/Conditional;)V+4
j  java.awt.EventDispatchThread.pumpEvents(Ljava/awt/Conditional;)V+3
j  java.awt.EventDispatchThread.run()V+9
v  ~StubRoutines::call_stub

---------------  P R O C E S S  ---------------

Java Threads: ( => current thread )
  0x087c0c00 JavaThread "Timer-1" daemon [_thread_blocked, id=24699, stack(0xa7be3000,0xa7c34000)]
  0xab495400 JavaThread "DestroyJavaVM" [_thread_blocked, id=24652, stack(0xb69b3000,0xb6a04000)]
  0x08786c00 JavaThread "Inactive RequestProcessor thread [Was:Logging Flush/org.netbeans.core.startup.TopLogging$NonClose]" daemon [_thread_blocked, id=24678, stack(0xa76ae000,0xa76ff000)]
=>0xa9a3f000 JavaThread "AWT-EventQueue-1" [_thread_in_native, id=24676, stack(0xa7750000,0xa77a1000)]
  0xa9a31800 JavaThread "TimerQueue" daemon [_thread_blocked, id=24675, stack(0xaa5f7000,0xaa648000)]
  0xa9a34400 JavaThread "Thread-2" daemon [_thread_blocked, id=24674, stack(0xa77a1000,0xa77f2000)]
  0x08306400 JavaThread "AWT-Shutdown" [_thread_blocked, id=24672, stack(0xaa648000,0xaa699000)]
  0x0834bc00 JavaThread "AWT-XAWT" daemon [_thread_in_native, id=24671, stack(0xaa699000,0xaa6ea000)]
  0xaaa42800 JavaThread "Java2D Disposer" daemon [_thread_blocked, id=24670, stack(0xaa725000,0xaa776000)]
  0xab493800 JavaThread "Inactive RequestProcessor thread [Was:Data System Nodes/org.openide.loaders.FolderChildren$1R]" daemon [_thread_blocked, id=24668, stack(0xaabfe000,0xaac4f000)]
  0xab492400 JavaThread "CLI Requests Server" daemon [_thread_in_native, id=24667, stack(0xaac4f000,0xaaca0000)]
  0x081b8400 JavaThread "Active Reference Queue Daemon" daemon [_thread_blocked, id=24666, stack(0xaacff000,0xaad50000)]
  0x0813f800 JavaThread "Timer-0" daemon [_thread_blocked, id=24665, stack(0xaad50000,0xaada1000)]
  0x08115c00 JavaThread "Low Memory Detector" daemon [_thread_blocked, id=24663, stack(0xaae22000,0xaae73000)]
  0x08113800 JavaThread "CompilerThread1" daemon [_thread_blocked, id=24662, stack(0xaae73000,0xaaef4000)]
  0x08111000 JavaThread "CompilerThread0" daemon [_thread_blocked, id=24661, stack(0xaaef4000,0xaaf75000)]
  0x0810f800 JavaThread "Signal Dispatcher" daemon [_thread_blocked, id=24660, stack(0xaaf75000,0xaafc6000)]
  0x08101000 JavaThread "Finalizer" daemon [_thread_blocked, id=24659, stack(0xab1c6000,0xab217000)]
  0x080fc400 JavaThread "Reference Handler" daemon [_thread_blocked, id=24658, stack(0xab217000,0xab268000)]

Other Threads:
  0x080f8800 VMThread [stack: 0xab540000,0xab5c1000] [id=24657]
  0x0811fc00 WatcherThread [stack: 0xaada1000,0xaae22000] [id=24664]

VM state:not at safepoint (normal execution)

VM Mutex/Monitor currently owned by a thread: None

Heap
 PSYoungGen      total 14592K, used 2656K [0xb2320000, 0xb3870000, 0xb3870000)
  eden space 7360K, 5% used [0xb2320000,0xb237f5c0,0xb2a50000)
  from space 7232K, 31% used [0xb2a50000,0xb2c88b30,0xb3160000)
  to   space 7232K, 0% used [0xb3160000,0xb3160000,0xb3870000)
 PSOldGen        total 39360K, used 31117K [0xaf870000, 0xb1ee0000, 0xb2320000)
  object space 39360K, 79% used [0xaf870000,0xb16d35f0,0xb1ee0000)
 PSPermGen       total 52224K, used 26167K [0xab870000, 0xaeb70000, 0xaf870000)
  object space 52224K, 50% used [0xab870000,0xad1fdee8,0xaeb70000)

Dynamic libraries:
08048000-08052000 r-xp 00000000 08:06 4255205    /opt/sun-jdk-1.6.0.24/bin/java
08052000-08053000 rwxp 00009000 08:06 4255205    /opt/sun-jdk-1.6.0.24/bin/java
08053000-09351000 rwxp 00000000 00:00 0          [heap]
a2f00000-a2ff8000 rwxp 00000000 00:00 0 
a2ff8000-a3000000 ---p 00000000 00:00 0 
a3100000-a31fd000 rwxp 00000000 00:00 0 
a31fd000-a3200000 ---p 00000000 00:00 0 
a3321000-a3333000 rwxs 00000000 00:04 578355239  /SYSV00000000 (deleted)
a3333000-a3345000 rwxs 00000000 00:04 578322470  /SYSV00000000 (deleted)
a3365000-a352e000 rwxs 00000000 00:04 602144801  /SYSV00000000 (deleted)
a352e000-a380e000 r-xp 00000000 08:06 2318837    /usr/share/icons/hicolor/icon-theme.cache
a380e000-a6c00000 r-xp 00000000 08:06 135034     /usr/share/icons/gnome/icon-theme.cache
a6c00000-a6cfb000 rwxp 00000000 00:00 0 
a6cfb000-a6d00000 ---p 00000000 00:00 0 
a6d00000-a6de2000 rwxp 00000000 00:00 0 
a6de2000-a6e00000 ---p 00000000 00:00 0 
a6e00000-a6efb000 rwxp 00000000 00:00 0 
a6efb000-a6f00000 ---p 00000000 00:00 0 
a6f00000-a6ffc000 rwxp 00000000 00:00 0 
a6ffc000-a7000000 ---p 00000000 00:00 0 
a7000000-a70ff000 rwxp 00000000 00:00 0 
a70ff000-a7100000 ---p 00000000 00:00 0 
a7100000-a71fd000 rwxp 00000000 00:00 0 
a71fd000-a7200000 ---p 00000000 00:00 0 
a7300000-a73f7000 rwxp 00000000 00:00 0 
a73f7000-a7400000 ---p 00000000 00:00 0 
a7400000-a74fe000 rwxp 00000000 00:00 0 
a74fe000-a7500000 ---p 00000000 00:00 0 
a7500000-a75f4000 rwxp 00000000 00:00 0 
a75f4000-a7600000 ---p 00000000 00:00 0 
a765d000-a7660000 ---p 00000000 00:00 0 
a7660000-a76ae000 rwxp 00000000 00:00 0 
a76ae000-a76b1000 ---p 00000000 00:00 0 
a76b1000-a76ff000 rwxp 00000000 00:00 0 
a76ff000-a7702000 ---p 00000000 00:00 0 
a7702000-a7750000 rwxp 00000000 00:00 0 
a7750000-a7753000 ---p 00000000 00:00 0 
a7753000-a77a1000 rwxp 00000000 00:00 0 
a77a1000-a77a4000 ---p 00000000 00:00 0 
a77a4000-a77f2000 rwxp 00000000 00:00 0 
a77f2000-a7841000 r-xp 00000000 08:06 5620105    /usr/share/fonts/dejavu/DejaVuSansMono.ttf
a7841000-a7855000 r-xp 00000000 08:06 5612441    /usr/share/fonts/urw-fonts/n019003l.pfb
a7855000-a7857000 r-xp 00000000 08:06 6138833    /usr/lib/pango/1.6.0/modules/pango-basic-fc.so
a7857000-a7858000 r-xp 00001000 08:06 6138833    /usr/lib/pango/1.6.0/modules/pango-basic-fc.so
a7858000-a7859000 rwxp 00002000 08:06 6138833    /usr/lib/pango/1.6.0/modules/pango-basic-fc.so
a7859000-a785f000 r-xs 00000000 08:06 5743251    /var/cache/fontconfig/87f5e051180a7a75f16eb6fe7dbd3749-le32d4.cache-3
a785f000-a7865000 r-xs 00000000 08:06 5743239    /var/cache/fontconfig/acc285bc1956c3c4bc7afb41d537a85a-le32d4.cache-3
a7865000-a7867000 r-xs 00000000 08:06 5743249    /var/cache/fontconfig/76fa4b957c916922374347f144bde9da-le32d4.cache-3
a7867000-a786d000 r-xs 00000000 08:06 5743283    /var/cache/fontconfig/4460665c0f3e88acdd4c85aa2f409b99-le32d4.cache-3
a786d000-a787d000 r-xs 00000000 08:06 5743271    /var/cache/fontconfig/8d4af663993b81a124ee82e610bb31f9-le32d4.cache-3
a787d000-a788c000 r-xs 00000000 08:06 5743268    /var/cache/fontconfig/25e0aa14c68cecf4ab53db3a88a7a060-le32d4.cache-3
a788c000-a7890000 r-xs 00000000 08:06 5743282    /var/cache/fontconfig/a336a40326b5f097d6a660e43ed65741-le32d4.cache-3
a7890000-a789d000 r-xs 00000000 08:06 5743264    /var/cache/fontconfig/221fd1126b80b777db535aea535e87ba-le32d4.cache-3
a789d000-a78a4000 r-xs 00000000 08:06 5743250    /var/cache/fontconfig/12b26b760a24f8b4feb03ad48a333a72-le32d4.cache-3
a78a4000-a78b7000 r-xs 00000000 08:06 5743270    /var/cache/fontconfig/4b5cf4386f1cde02a336ba961b4ac82d-le32d4.cache-3
a78b7000-a78bc000 r-xs 00000000 08:06 5743269    /var/cache/fontconfig/d62e99ef547d1d24cdb1bd22ec1a2976-le32d4.cache-3
a78bc000-a78bf000 r-xs 00000000 08:06 5743252    /var/cache/fontconfig/f6b893a7224233d96cb72fd88691c0b4-le32d4.cache-3
a78bf000-a78c4000 r-xs 00000000 08:06 5744393    /var/cache/fontconfig/f349e9996a5320f6dd491cedd2b1f964-le32d4.cache-3
a78c4000-a7905000 r-xs 00000000 08:06 5743247    /var/cache/fontconfig/17090aa38d5c6f09fb8c5c354938f1d7-le32d4.cache-3
a7905000-a7946000 r-xs 00000000 08:06 5743245    /var/cache/fontconfig/df311e82a1a24c41a75c2c930223552e-le32d4.cache-3
a797a000-a798f000 r-xp 00000000 08:06 5750904    /opt/sun-jdk-1.6.0.24/jre/lib/i386/libdcpr.so
a798f000-a79a2000 rwxp 00014000 08:06 5750904    /opt/sun-jdk-1.6.0.24/jre/lib/i386/libdcpr.so
a79a2000-a79aa000 r-xs 00115000 08:06 1125208    /opt/sun-jdk-1.6.0.24/jre/lib/resources.jar
a79c4000-a7a08000 r-xp 00000000 08:06 5784141    /usr/lib/libdbus-1.so.3.5.3
a7a08000-a7a09000 r-xp 00043000 08:06 5784141    /usr/lib/libdbus-1.so.3.5.3
a7a09000-a7a0a000 rwxp 00044000 08:06 5784141    /usr/lib/libdbus-1.so.3.5.3
a7a0a000-a7a20000 r-xp 00000000 08:06 5670111    /usr/lib/libgvfscommon.so.0.0.0
a7a20000-a7a21000 r-xp 00015000 08:06 5670111    /usr/lib/libgvfscommon.so.0.0.0
a7a21000-a7a22000 rwxp 00016000 08:06 5670111    /usr/lib/libgvfscommon.so.0.0.0
a7a23000-a7a3f000 r-xs 00000000 08:06 2796614    /usr/share/mime/mime.cache
a7a3f000-a7a51000 r-xp 00000000 08:06 5670056    /usr/lib/gio/modules/libgioremote-volume-monitor.so
a7a51000-a7a52000 r-xp 00011000 08:06 5670056    /usr/lib/gio/modules/libgioremote-volume-monitor.so
a7a52000-a7a53000 rwxp 00012000 08:06 5670056    /usr/lib/gio/modules/libgioremote-volume-monitor.so
a7a53000-a7a77000 r-xp 00000000 08:06 5278573    /usr/share/icons/Foxtrot/icon-theme.cache
a7a77000-a7a8a000 r-xp 00000000 08:06 2442614    /tmp/jna9126935520265177722.tmp
a7a8a000-a7a8b000 rwxp 00013000 08:06 2442614    /tmp/jna9126935520265177722.tmp
a7a9d000-a7aa2000 rwxs 00000000 00:04 578060318  /SYSV00000000 (deleted)
a7aa2000-a7aa7000 rwxs 00000000 00:04 578027549  /SYSV00000000 (deleted)
a7aa7000-a7aab000 rwxs 00000000 00:04 577994780  /SYSV00000000 (deleted)
a7aab000-a7aaf000 rwxs 00000000 00:04 577962011  /SYSV00000000 (deleted)
a7aaf000-a7ab7000 rwxs 00000000 00:04 577929242  /SYSV00000000 (deleted)
a7ab7000-a7b7d000 r-xp 00000000 08:06 5750893    /opt/sun-jdk-1.6.0.24/jre/lib/i386/libmlib_image.so
a7b7d000-a7b7e000 rwxp 000c5000 08:06 5750893    /opt/sun-jdk-1.6.0.24/jre/lib/i386/libmlib_image.so
a7b7e000-a7bde000 rwxs 00000000 00:04 577798166  /SYSV00000000 (deleted)
a7be3000-a7be6000 ---p 00000000 00:00 0 
a7be6000-a7c34000 rwxp 00000000 00:00 0 
a7c34000-a7c3e000 rwxs 00000000 00:04 578519082  /SYSV00000000 (deleted)
a7cdc000-a7ce4000 rwxs 0020e000 08:06 2442615    /tmp/imagine_-14268550713520542214779325676825450740imgdata
a7ce4000-a7cec000 rwxs 00207000 08:06 2442615    /tmp/imagine_-14268550713520542214779325676825450740imgdata
a7cec000-a7cf4000 rwxs 001ff000 08:06 2442615    /tmp/imagine_-14268550713520542214779325676825450740imgdata
a7cf4000-a7de7000 rwxs 000f1000 08:06 2442615    /tmp/imagine_-14268550713520542214779325676825450740imgdata
a7de7000-a7ed9000 rwxs 00000000 08:06 2442615    /tmp/imagine_-14268550713520542214779325676825450740imgdata
a7edf000-a7ee8000 rwxs 001f7000 08:06 2442615    /tmp/imagine_-14268550713520542214779325676825450740imgdata
a7ee8000-a7eeb000 rwxs 00000000 00:04 597491744  /SYSV00000000 (deleted)
a7eeb000-a7eee000 rwxs 00000000 00:04 597458975  /SYSV00000000 (deleted)
a7eee000-a7f00000 rwxs 001e6000 08:06 2442615    /tmp/imagine_-14268550713520542214779325676825450740imgdata
a7f00000-a7ff0000 rwxp 00000000 00:00 0 
a7ff0000-a8000000 ---p 00000000 00:00 0 
a8000000-a8002000 rwxs 00206000 08:06 2442615    /tmp/imagine_-14268550713520542214779325676825450740imgdata
a8002000-a8005000 ---p 00000000 00:00 0 
a8005000-a8053000 rwxp 00000000 00:00 0 
a8053000-a8056000 ---p 00000000 00:00 0 
a8056000-a80a4000 rwxp 00000000 00:00 0 
a80a4000-a80a8000 r-xp 00000000 08:06 5785636    /lib/libuuid.so.1.3.0
a80a8000-a80a9000 r-xp 00003000 08:06 5785636    /lib/libuuid.so.1.3.0
a80a9000-a80aa000 rwxp 00004000 08:06 5785636    /lib/libuuid.so.1.3.0
a80aa000-a80c5000 r-xp 00000000 08:06 1045328    /usr/lib/gcc/i686-pc-linux-gnu/4.4.5/libgcc_s.so.1
a80c5000-a80c6000 r-xp 0001a000 08:06 1045328    /usr/lib/gcc/i686-pc-linux-gnu/4.4.5/libgcc_s.so.1
a80c6000-a80c7000 rwxp 0001b000 08:06 1045328    /usr/lib/gcc/i686-pc-linux-gnu/4.4.5/libgcc_s.so.1
a80c7000-a81b0000 r-xp 00000000 08:06 1045323    /usr/lib/gcc/i686-pc-linux-gnu/4.4.5/libstdc++.so.6.0.13
a81b0000-a81b1000 ---p 000e9000 08:06 1045323    /usr/lib/gcc/i686-pc-linux-gnu/4.4.5/libstdc++.so.6.0.13
a81b1000-a81b5000 r-xp 000e9000 08:06 1045323    /usr/lib/gcc/i686-pc-linux-gnu/4.4.5/libstdc++.so.6.0.13
a81b5000-a81b6000 rwxp 000ed000 08:06 1045323    /usr/lib/gcc/i686-pc-linux-gnu/4.4.5/libstdc++.so.6.0.13
a81b6000-a81bd000 rwxp 00000000 00:00 0 
a81bd000-a81d7000 r-xp 00000000 08:06 6136357    /usr/lib/libICE.so.6.3.0
a81d7000-a81d8000 r-xp 00019000 08:06 6136357    /usr/lib/libICE.so.6.3.0
a81d8000-a81d9000 rwxp 0001a000 08:06 6136357    /usr/lib/libICE.so.6.3.0
a81d9000-a81db000 rwxp 00000000 00:00 0 
a81db000-a81e3000 r-xp 00000000 08:06 6136668    /usr/lib/libSM.so.6.0.1
a81e3000-a81e4000 r-xp 00007000 08:06 6136668    /usr/lib/libSM.so.6.0.1
a81e4000-a81e5000 rwxp 00008000 08:06 6136668    /usr/lib/libSM.so.6.0.1
a81e5000-a81ed000 r-xp 00000000 08:06 5688349    /usr/lib/libltdl.so.7.2.2
a81ed000-a81ee000 ---p 00008000 08:06 5688349    /usr/lib/libltdl.so.7.2.2
a81ee000-a81ef000 r-xp 00008000 08:06 5688349    /usr/lib/libltdl.so.7.2.2
a81ef000-a81f0000 rwxp 00009000 08:06 5688349    /usr/lib/libltdl.so.7.2.2
a81f0000-a81f6000 r-xp 00000000 08:06 5669298    /usr/lib/libogg.so.0.7.0
a81f6000-a81f7000 r-xp 00005000 08:06 5669298    /usr/lib/libogg.so.0.7.0
a81f7000-a81f8000 rwxp 00006000 08:06 5669298    /usr/lib/libogg.so.0.7.0
a81f8000-a823c000 r-xp 00000000 08:06 5808715    /usr/lib/libvorbis.so.0.4.4
a823c000-a823d000 r-xp 00043000 08:06 5808715    /usr/lib/libvorbis.so.0.4.4
a823d000-a823e000 rwxp 00044000 08:06 5808715    /usr/lib/libvorbis.so.0.4.4
a823e000-a8248000 r-xp 00000000 08:06 5808803    /usr/lib/libvorbisfile.so.3.3.2
a8248000-a8249000 r-xp 00009000 08:06 5808803    /usr/lib/libvorbisfile.so.3.3.2
a8249000-a824a000 rwxp 0000a000 08:06 5808803    /usr/lib/libvorbisfile.so.3.3.2
a824a000-a8522000 r-xp 00000000 08:06 639950     /usr/lib/qt4/libQtCore.so.4.6.3
a8522000-a8529000 r-xp 002d7000 08:06 639950     /usr/lib/qt4/libQtCore.so.4.6.3
a8529000-a852a000 rwxp 002de000 08:06 639950     /usr/lib/qt4/libQtCore.so.4.6.3
a852a000-a90d7000 r-xp 00000000 08:06 6171012    /usr/lib/qt4/libQtGui.so.4.6.3
a90d7000-a90f7000 r-xp 00bad000 08:06 6171012    /usr/lib/qt4/libQtGui.so.4.6.3
a90f7000-a90fa000 rwxp 00bcd000 08:06 6171012    /usr/lib/qt4/libQtGui.so.4.6.3
a90fa000-a90fd000 rwxp 00000000 00:00 0 
a90fd000-a9101000 rwxs 001e3000 08:06 2442615    /tmp/imagine_-14268550713520542214779325676825450740imgdata
a9101000-a9109000 rwxs 00000000 00:04 577896473  /SYSV00000000 (deleted)
a9109000-a910e000 rwxs 00000000 00:04 577863704  /SYSV00000000 (deleted)
a910e000-a9113000 rwxs 00000000 00:04 577830935  /SYSV00000000 (deleted)
a9113000-a9119000 r-xp 00000000 08:06 5750878    /opt/sun-jdk-1.6.0.24/jre/lib/i386/libmanagement.so
a9119000-a911a000 rwxp 00005000 08:06 5750878    /opt/sun-jdk-1.6.0.24/jre/lib/i386/libmanagement.so
a911a000-a914d000 r-xp 00000000 08:06 5679654    /usr/lib/gtk-2.0/2.10.0/engines/libclearlooks.so
a914d000-a914e000 r-xp 00032000 08:06 5679654    /usr/lib/gtk-2.0/2.10.0/engines/libclearlooks.so
a914e000-a914f000 rwxp 00033000 08:06 5679654    /usr/lib/gtk-2.0/2.10.0/engines/libclearlooks.so
a914f000-a915a000 r-xp 00000000 08:06 6136632    /usr/lib/libdrm.so.2.4.0
a915a000-a915b000 r-xp 0000a000 08:06 6136632    /usr/lib/libdrm.so.2.4.0
a915b000-a915c000 rwxp 0000b000 08:06 6136632    /usr/lib/libdrm.so.2.4.0
a915c000-a916e000 r-xp 00000000 08:06 5582016    /usr/lib/libxcb-glx.so.0.0.0
a916e000-a916f000 r-xp 00012000 08:06 5582016    /usr/lib/libxcb-glx.so.0.0.0
a916f000-a9170000 rwxp 00013000 08:06 5582016    /usr/lib/libxcb-glx.so.0.0.0
a9170000-a9174000 r-xp 00000000 08:06 6136396    /usr/lib/libXxf86vm.so.1.0.0
a9174000-a9175000 r-xp 00003000 08:06 6136396    /usr/lib/libXxf86vm.so.1.0.0
a9175000-a9176000 rwxp 00004000 08:06 6136396    /usr/lib/libXxf86vm.so.1.0.0
a9176000-a9187000 r-xp 00000000 08:06 5682050    /lib/libresolv-2.11.3.so
a9187000-a9188000 r-xp 00010000 08:06 5682050    /lib/libresolv-2.11.3.so
a9188000-a9189000 rwxp 00011000 08:06 5682050    /lib/libresolv-2.11.3.so
a9189000-a918b000 rwxp 00000000 00:00 0 
a918b000-a91b6000 r-xp 00000000 08:06 5768985    /usr/lib/libexpat.so.1.5.2
a91b6000-a91b8000 r-xp 0002a000 08:06 5768985    /usr/lib/libexpat.so.1.5.2
a91b8000-a91b9000 rwxp 0002c000 08:06 5768985    /usr/lib/libexpat.so.1.5.2
a91b9000-a91d7000 r-xp 00000000 08:06 5669174    /lib/libz.so.1.2.5
a91d7000-a91d8000 r-xp 0001d000 08:06 5669174    /lib/libz.so.1.2.5
a91d8000-a91d9000 rwxp 0001e000 08:06 5669174    /lib/libz.so.1.2.5
a91d9000-a9295000 r-xp 00000000 08:06 5695572    /usr/lib/libfreetype.so.6.6.2
a9295000-a9299000 r-xp 000bb000 08:06 5695572    /usr/lib/libfreetype.so.6.6.2
a9299000-a929a000 rwxp 000bf000 08:06 5695572    /usr/lib/libfreetype.so.6.6.2
a929a000-a929e000 r-xp 00000000 08:06 5794877    /usr/lib/libgthread-2.0.so.0.2800.5
a929e000-a929f000 r-xp 00003000 08:06 5794877    /usr/lib/libgthread-2.0.so.0.2800.5
a929f000-a92a0000 rwxp 00004000 08:06 5794877    /usr/lib/libgthread-2.0.so.0.2800.5
a92a0000-a92fa000 r-xp 00000000 08:06 5704501    /usr/lib/opengl/xorg-x11/lib/libGL.so.1.2
a92fa000-a92fb000 ---p 0005a000 08:06 5704501    /usr/lib/opengl/xorg-x11/lib/libGL.so.1.2
a92fb000-a9300000 r-xp 0005a000 08:06 5704501    /usr/lib/opengl/xorg-x11/lib/libGL.so.1.2
a9300000-a9306000 rwxp 0005f000 08:06 5704501    /usr/lib/opengl/xorg-x11/lib/libGL.so.1.2
a9306000-a9307000 rwxp 00000000 00:00 0 
a9307000-a930e000 r-xp 00000000 08:06 5582032    /usr/lib/libxcb-render.so.0.0.0
a930e000-a930f000 r-xp 00006000 08:06 5582032    /usr/lib/libxcb-render.so.0.0.0
a930f000-a9310000 rwxp 00007000 08:06 5582032    /usr/lib/libxcb-render.so.0.0.0
a9310000-a9312000 r-xp 00000000 08:06 5582040    /usr/lib/libxcb-shm.so.0.0.0
a9312000-a9313000 r-xp 00001000 08:06 5582040    /usr/lib/libxcb-shm.so.0.0.0
a9313000-a9314000 rwxp 00002000 08:06 5582040    /usr/lib/libxcb-shm.so.0.0.0
a9314000-a9351000 r-xp 00000000 08:06 5661852    /usr/lib/libpng14.so.14.5.0
a9351000-a9352000 r-xp 0003c000 08:06 5661852    /usr/lib/libpng14.so.14.5.0
a9352000-a9353000 rwxp 0003d000 08:06 5661852    /usr/lib/libpng14.so.14.5.0
a9353000-a9363000 r-xp 00000000 08:06 5704502    /usr/lib/libEGL.so.1.0
a9363000-a9364000 r-xp 0000f000 08:06 5704502    /usr/lib/libEGL.so.1.0
a9364000-a9365000 rwxp 00010000 08:06 5704502    /usr/lib/libEGL.so.1.0
a9365000-a93ea000 r-xp 00000000 08:06 6136517    /usr/lib/libpixman-1.so.0.20.2
a93ea000-a93ec000 r-xp 00085000 08:06 6136517    /usr/lib/libpixman-1.so.0.20.2
a93ec000-a93ed000 rwxp 00087000 08:06 6136517    /usr/lib/libpixman-1.so.0.20.2
a93ed000-a93ef000 r-xp 00000000 08:06 6136228    /usr/lib/libXdamage.so.1.1.0
a93ef000-a93f0000 r-xp 00001000 08:06 6136228    /usr/lib/libXdamage.so.1.1.0
a93f0000-a93f1000 rwxp 00002000 08:06 6136228    /usr/lib/libXdamage.so.1.1.0
a93f1000-a93f8000 r-xp 00000000 08:06 6136448    /usr/lib/libXrandr.so.2.2.0
a93f8000-a93f9000 r-xp 00006000 08:06 6136448    /usr/lib/libXrandr.so.2.2.0
a93f9000-a93fa000 rwxp 00007000 08:06 6136448    /usr/lib/libXrandr.so.2.2.0
a93fa000-a951c000 r-xp 00000000 08:06 5795455    /usr/lib/libglib-2.0.so.0.2800.5
a951c000-a951d000 r-xp 00121000 08:06 5795455    /usr/lib/libglib-2.0.so.0.2800.5
a951d000-a951e000 rwxp 00122000 08:06 5795455    /usr/lib/libglib-2.0.so.0.2800.5
a951e000-a9629000 r-xp 00000000 08:06 5795458    /usr/lib/libgio-2.0.so.0.2800.5
a9629000-a962a000 ---p 0010b000 08:06 5795458    /usr/lib/libgio-2.0.so.0.2800.5
a962a000-a962c000 r-xp 0010b000 08:06 5795458    /usr/lib/libgio-2.0.so.0.2800.5
a962c000-a962d000 rwxp 0010d000 08:06 5795458    /usr/lib/libgio-2.0.so.0.2800.5
a962d000-a962e000 rwxp 00000000 00:00 0 
a962e000-a99f8000 r-xp 00000000 08:06 5653683    /usr/lib/libgtk-x11-2.0.so.0.2200.1
a99f8000-a99fc000 r-xp 003ca000 08:06 5653683    /usr/lib/libgtk-x11-2.0.so.0.2200.1
a99fc000-a99fe000 rwxp 003ce000 08:06 5653683    /usr/lib/libgtk-x11-2.0.so.0.2200.1
a99fe000-a9a00000 rwxp 00000000 00:00 0 
a9a00000-a9afa000 rwxp 00000000 00:00 0 
a9afa000-a9b00000 ---p 00000000 00:00 0 
a9b00000-a9bf3000 rwxp 00000000 00:00 0 
a9bf3000-a9c00000 ---p 00000000 00:00 0 
a9c00000-a9cff000 rwxp 00000000 00:00 0 
a9cff000-a9d00000 ---p 00000000 00:00 0 
a9d00000-a9d47000 r-xp 00000000 08:06 5795456    /usr/lib/libgobject-2.0.so.0.2800.5
a9d47000-a9d48000 r-xp 00046000 08:06 5795456    /usr/lib/libgobject-2.0.so.0.2800.5
a9d48000-a9d49000 rwxp 00047000 08:06 5795456    /usr/lib/libgobject-2.0.so.0.2800.5
a9d49000-a9d7e000 r-xp 00000000 08:06 5695749    /usr/lib/libfontconfig.so.1.4.4
a9d7e000-a9d7f000 r-xp 00035000 08:06 5695749    /usr/lib/libfontconfig.so.1.4.4
a9d7f000-a9d80000 rwxp 00036000 08:06 5695749    /usr/lib/libfontconfig.so.1.4.4
a9d80000-a9ea2000 r-xp 00000000 08:06 6144466    /usr/lib/libcairo.so.2.11000.2
a9ea2000-a9ea3000 ---p 00122000 08:06 6144466    /usr/lib/libcairo.so.2.11000.2
a9ea3000-a9ea6000 r-xp 00122000 08:06 6144466    /usr/lib/libcairo.so.2.11000.2
a9ea6000-a9ea7000 rwxp 00125000 08:06 6144466    /usr/lib/libcairo.so.2.11000.2
a9ea7000-a9eab000 rwxp 00000000 00:00 0 
a9eab000-a9f9f000 rwxs 00000000 00:04 577732627  /SYSV00000000 (deleted)
a9f9f000-a9fa0000 r-xp 00000000 08:06 2310511    /usr/lib/libX11-xcb.so.1.0.0
a9fa0000-a9fa1000 r-xp 00000000 08:06 2310511    /usr/lib/libX11-xcb.so.1.0.0
a9fa1000-a9fa2000 rwxp 00001000 08:06 2310511    /usr/lib/libX11-xcb.so.1.0.0
a9fa2000-a9feb000 r-xp 00000000 08:06 6138932    /usr/lib/libpango-1.0.so.0.2800.3
a9feb000-a9fec000 ---p 00049000 08:06 6138932    /usr/lib/libpango-1.0.so.0.2800.3
a9fec000-a9fed000 r-xp 00049000 08:06 6138932    /usr/lib/libpango-1.0.so.0.2800.3
a9fed000-a9fee000 rwxp 0004a000 08:06 6138932    /usr/lib/libpango-1.0.so.0.2800.3
a9fee000-aa01a000 r-xp 00000000 08:06 6138934    /usr/lib/libpangoft2-1.0.so.0.2800.3
aa01a000-aa01b000 r-xp 0002c000 08:06 6138934    /usr/lib/libpangoft2-1.0.so.0.2800.3
aa01b000-aa01c000 rwxp 0002d000 08:06 6138934    /usr/lib/libpangoft2-1.0.so.0.2800.3
aa01c000-aa039000 r-xp 00000000 08:06 6138205    /usr/lib/libgdk_pixbuf-2.0.so.0.2200.1
aa039000-aa03a000 r-xp 0001c000 08:06 6138205    /usr/lib/libgdk_pixbuf-2.0.so.0.2200.1
aa03a000-aa03b000 rwxp 0001d000 08:06 6138205    /usr/lib/libgdk_pixbuf-2.0.so.0.2200.1
aa03b000-aa056000 r-xp 00000000 08:06 5778595    /usr/lib/libatk-1.0.so.0.3209.1
aa056000-aa057000 r-xp 0001b000 08:06 5778595    /usr/lib/libatk-1.0.so.0.3209.1
aa057000-aa058000 rwxp 0001c000 08:06 5778595    /usr/lib/libatk-1.0.so.0.3209.1
aa058000-aa064000 r-xp 00000000 08:06 6138928    /usr/lib/libpangocairo-1.0.so.0.2800.3
aa064000-aa065000 r-xp 0000b000 08:06 6138928    /usr/lib/libpangocairo-1.0.so.0.2800.3
aa065000-aa066000 rwxp 0000c000 08:06 6138928    /usr/lib/libpangocairo-1.0.so.0.2800.3
aa066000-aa0fd000 r-xp 00000000 08:06 5655445    /usr/lib/libgdk-x11-2.0.so.0.2200.1
aa0fd000-aa0ff000 r-xp 00097000 08:06 5655445    /usr/lib/libgdk-x11-2.0.so.0.2200.1
aa0ff000-aa100000 rwxp 00099000 08:06 5655445    /usr/lib/libgdk-x11-2.0.so.0.2200.1
aa100000-aa1f9000 rwxp 00000000 00:00 0 
aa1f9000-aa200000 ---p 00000000 00:00 0 
aa200000-aa2f9000 rwxp 00000000 00:00 0 
aa2f9000-aa300000 ---p 00000000 00:00 0 
aa300000-aa302000 r-xs 00000000 08:06 5743279    /var/cache/fontconfig/5a8e70faeac692eefe28f2b44727cf4d-le32d4.cache-3
aa302000-aa304000 r-xp 00000000 08:06 6136665    /usr/lib/libXcomposite.so.1.0.0
aa304000-aa305000 r-xp 00001000 08:06 6136665    /usr/lib/libXcomposite.so.1.0.0
aa305000-aa306000 rwxp 00002000 08:06 6136665    /usr/lib/libXcomposite.so.1.0.0
aa306000-aa309000 r-xp 00000000 08:06 5794869    /usr/lib/libgmodule-2.0.so.0.2800.5
aa309000-aa30a000 r-xp 00002000 08:06 5794869    /usr/lib/libgmodule-2.0.so.0.2800.5
aa30a000-aa30b000 rwxp 00003000 08:06 5794869    /usr/lib/libgmodule-2.0.so.0.2800.5
aa30c000-aa319000 r-xp 00000000 08:06 5605581    /usr/lib/libcanberra.so.0.2.4
aa319000-aa31a000 r-xp 0000d000 08:06 5605581    /usr/lib/libcanberra.so.0.2.4
aa31a000-aa31b000 rwxp 0000e000 08:06 5605581    /usr/lib/libcanberra.so.0.2.4
aa31b000-aa31f000 r-xp 00000000 08:06 5605538    /usr/lib/libcanberra-gtk.so.0.1.7
aa31f000-aa320000 r-xp 00003000 08:06 5605538    /usr/lib/libcanberra-gtk.so.0.1.7
aa320000-aa321000 rwxp 00004000 08:06 5605538    /usr/lib/libcanberra-gtk.so.0.1.7
aa321000-aa326000 r-xp 00000000 08:06 5605559    /usr/lib/gtk-2.0/modules/libcanberra-gtk-module.so
aa326000-aa327000 r-xp 00004000 08:06 5605559    /usr/lib/gtk-2.0/modules/libcanberra-gtk-module.so
aa327000-aa328000 rwxp 00005000 08:06 5605559    /usr/lib/gtk-2.0/modules/libcanberra-gtk-module.so
aa328000-aa329000 r-xs 00000000 08:06 3992902    /home/tim/work/imagine~hg/Imagine/application/target/imagine/imagine/modules/net-dev-java-imagine-branding.jar
aa329000-aa32b000 r-xs 00002000 08:06 2304338    /home/tim/work/imagine~hg/Imagine/application/target/imagine/imagine/modules/net-dev-java-imagine-effectsui.jar
aa32b000-aa332000 r-xs 0004d000 08:06 2304360    /home/tim/work/imagine~hg/Imagine/application/target/imagine/imagine/modules/ext/com.jhlabs/filters-2.0.235.jar
aa332000-aa334000 r-xs 00003000 08:06 2304362    /home/tim/work/imagine~hg/Imagine/application/target/imagine/imagine/modules/net-dev-java-imagine-fx.jar
aa334000-aa336000 r-xs 00007000 08:06 2304335    /home/tim/work/imagine~hg/Imagine/application/target/imagine/imagine/modules/net-dev-java-imagine-effects.jar
aa336000-aa338000 r-xs 0000b000 08:06 2304344    /home/tim/work/imagine~hg/Imagine/application/target/imagine/imagine/modules/net-dev-java-imagine-layers-raster.jar
aa338000-aa371000 rwxs 00000000 00:04 577699854  /SYSV00000000 (deleted)
aa372000-aa374000 r-xs 00005000 08:06 2304350    /home/tim/work/imagine~hg/Imagine/application/target/imagine/imagine/modules/net-dev-java-imagine-misc-nio.jar
aa374000-aa375000 r-xs 0001c000 08:06 2304334    /home/tim/work/imagine~hg/Imagine/application/target/imagine/imagine/modules/ext/org.swinglabs/swing-layout-1.0.3.jar
aa375000-aa377000 r-xs 00015000 08:06 2304353    /home/tim/work/imagine~hg/Imagine/application/target/imagine/imagine/modules/net-dev-java-imagine-paintui.jar
aa377000-aa379000 r-xs 00001000 08:06 2304356    /home/tim/work/imagine~hg/Imagine/application/target/imagine/imagine/modules/net-dev-java-imagine-toolconfigurationui.jar
aa379000-aa37d000 r-xs 0001d000 08:06 3992905    /home/tim/work/imagine~hg/Imagine/application/target/imagine/imagine/modules/net-dev-java-imagine-tools.jar
aa37d000-aa37f000 r-xs 00005000 08:06 2304329    /home/tim/work/imagine~hg/Imagine/application/target/imagine/imagine/modules/net-dev-java-imagine-splines.jar
aa37f000-aa381000 r-xs 00006000 08:06 3992906    /home/tim/work/imagine~hg/Imagine/application/target/imagine/imagine/modules/net-dev-java-imagine-toolcustomizers.jar
aa381000-aa384000 r-xs 00010000 08:06 3992904    /home/tim/work/imagine~hg/Imagine/application/target/imagine/imagine/modules/net-dev-java-imagine-paintapi.jar
aa384000-aa387000 r-xs 00017000 08:06 3992903    /home/tim/work/imagine~hg/Imagine/application/target/imagine/imagine/modules/net-dev-java-imagine-colorchooser.jar
aa387000-aa389000 r-xs 0000f000 08:06 3992907    /home/tim/work/imagine~hg/Imagine/application/target/imagine/imagine/modules/net-dev-java-imagine-misc-swing.jar
aa389000-aa38b000 r-xs 00008000 08:06 2304151    /home/tim/work/imagine~hg/Imagine/application/target/imagine/platform/modules/org-netbeans-core-io-ui.jar
aa38b000-aa394000 r-xs 000ba000 08:06 2304157    /home/tim/work/imagine~hg/Imagine/application/target/imagine/platform/modules/ext/platform-3.2.7.jar
aa394000-aa395000 r-xs 00001000 08:06 2304158    /home/tim/work/imagine~hg/Imagine/application/target/imagine/platform/modules/org-netbeans-core-nativeaccess.jar
aa395000-aa397000 r-xs 00009000 08:06 2304161    /home/tim/work/imagine~hg/Imagine/application/target/imagine/platform/modules/org-netbeans-core-netigso.jar
aa397000-aa39a000 r-xs 00050000 08:06 2304167    /home/tim/work/imagine~hg/Imagine/application/target/imagine/platform/modules/org-netbeans-core-output2.jar
aa39a000-aa39b000 r-xs 00000000 08:06 2304220    /home/tim/work/imagine~hg/Imagine/application/target/imagine/platform/modules/org-netbeans-modules-core-kit.jar
aa39b000-aa39c000 r-xs 00000000 08:06 4001067    /home/tim/work/imagine~hg/Imagine/application/target/imagine/imagine/modules/locale/org-netbeans-core-windows_imagine.jar
aa39c000-aa3a8000 r-xs 001b9000 08:06 2304173    /home/tim/work/imagine~hg/Imagine/application/target/imagine/platform/modules/org-netbeans-core-windows.jar
aa3a8000-aa3ad000 r-xs 00041000 08:06 2304181    /home/tim/work/imagine~hg/Imagine/application/target/imagine/platform/modules/ext/felix-2.0.3.jar
aa3ad000-aa3ae000 r-xs 00000000 08:06 2304183    /home/tim/work/imagine~hg/Imagine/application/target/imagine/platform/modules/org-netbeans-libs-felix.jar
aa3ae000-aa3b5000 r-xs 0002f000 08:06 2304204    /home/tim/work/imagine~hg/Imagine/application/target/imagine/platform/modules/ext/osgi.cmpn-4.2.jar
aa3b5000-aa3b8000 r-xs 00015000 08:06 2304205    /home/tim/work/imagine~hg/Imagine/application/target/imagine/platform/modules/ext/osgi.core-4.2.jar
aa3b8000-aa3b9000 r-xs 00000000 08:06 2304206    /home/tim/work/imagine~hg/Imagine/application/target/imagine/platform/modules/org-netbeans-libs-osgi.jar
aa3b9000-aa3c1000 r-xs 000e2000 08:06 2304216    /home/tim/work/imagine~hg/Imagine/application/target/imagine/platform/modules/org-netbeans-modules-autoupdate-ui.jar
aa3c1000-aa3c6000 r-xs 00062000 08:06 2304170    /home/tim/work/imagine~hg/Imagine/application/target/imagine/platform/modules/org-netbeans-core-ui.jar
aa3c6000-aa3c8000 r-xs 00039000 08:06 2304212    /home/tim/work/imagine~hg/Imagine/application/target/imagine/platform/modules/ext/updater.jar
aa3c8000-aa3cd000 r-xs 000ac000 08:06 2304213    /home/tim/work/imagine~hg/Imagine/application/target/imagine/platform/modules/org-netbeans-modules-autoupdate-services.jar
aa3cd000-aa3cf000 r-xs 0000b000 08:06 2304223    /home/tim/work/imagine~hg/Imagine/application/target/imagine/platform/modules/org-netbeans-modules-editor-mimelookup-impl.jar
aa3cf000-aa3d2000 r-xs 00033000 08:06 2304229    /home/tim/work/imagine~hg/Imagine/application/target/imagine/platform/modules/org-netbeans-modules-favorites.jar
aa3d2000-aa3d4000 r-xs 0000f000 08:06 2304237    /home/tim/work/imagine~hg/Imagine/application/target/imagine/platform/modules/org-netbeans-modules-keyring-impl.jar
aa3d4000-aa3d9000 r-xs 00071000 08:06 2304243    /home/tim/work/imagine~hg/Imagine/application/target/imagine/platform/modules/org-netbeans-modules-masterfs.jar
aa3d9000-aa3dd000 r-xs 000e4000 08:06 2304186    /home/tim/work/imagine~hg/Imagine/application/target/imagine/platform/modules/ext/jna-3.2.7.jar
aa3dd000-aa3df000 r-xs 00000000 08:06 2304198    /home/tim/work/imagine~hg/Imagine/application/target/imagine/platform/modules/org-netbeans-libs-jna.jar
aa3df000-aa3e3000 r-xs 0004b000 08:06 2304250    /home/tim/work/imagine~hg/Imagine/application/target/imagine/platform/modules/org-netbeans-modules-options-keymap.jar
aa3e3000-aa3e7000 r-xs 00062000 08:06 2304247    /home/tim/work/imagine~hg/Imagine/application/target/imagine/platform/modules/org-netbeans-modules-options-api.jar
aa3e7000-aa3e8000 r-xs 00000000 08:06 4001068    /home/tim/work/imagine~hg/Imagine/application/target/imagine/imagine/modules/locale/org-netbeans-core_imagine.jar
aa3e8000-aa3ee000 r-xs 0008f000 08:06 2304178    /home/tim/work/imagine~hg/Imagine/application/target/imagine/platform/modules/org-netbeans-core.jar
aa3ee000-aa3f0000 r-xs 00001000 08:06 2304240    /home/tim/work/imagine~hg/Imagine/application/target/imagine/platform/modules/org-netbeans-modules-keyring.jar
aa3f0000-aa3f4000 r-xs 0003e000 08:06 2304253    /home/tim/work/imagine~hg/Imagine/application/target/imagine/platform/modules/org-netbeans-modules-print.jar
aa3f4000-aa3f7000 r-xs 00020000 08:06 2304256    /home/tim/work/imagine~hg/Imagine/application/target/imagine/platform/modules/org-netbeans-modules-progress-ui.jar
aa3f7000-aa3f9000 r-xs 0003e000 08:06 2304266    /home/tim/work/imagine~hg/Imagine/application/target/imagine/platform/modules/org-netbeans-modules-settings.jar
aa3f9000-aa3fc000 r-xs 00022000 08:06 2304272    /home/tim/work/imagine~hg/Imagine/application/target/imagine/platform/modules/org-netbeans-spi-quicksearch.jar
aa3fc000-aa3fd000 r-xs 00002000 08:06 2304139    /home/tim/work/imagine~hg/Imagine/application/target/imagine/platform/modules/org-netbeans-api-annotations-common.jar
aa3fd000-aa400000 r-xs 00036000 08:06 2304278    /home/tim/work/imagine~hg/Imagine/application/target/imagine/platform/modules/org-netbeans-swing-plaf.jar
aa400000-aa4fe000 rwxp 00000000 00:00 0 
aa4fe000-aa500000 ---p 00000000 00:00 0 
aa500000-aa502000 r-xs 00007000 08:06 2304341    /home/tim/work/imagine~hg/Imagine/application/target/imagine/imagine/modules/net-dev-java-imagine-layersui.jar
aa502000-aa50f000 r-xs 0019e000 08:06 2304309    /home/tim/work/imagine~hg/Imagine/application/target/imagine/platform/modules/org-openide-explorer.jar
aa50f000-aa515000 r-xs 00000000 08:06 5743251    /var/cache/fontconfig/87f5e051180a7a75f16eb6fe7dbd3749-le32d4.cache-3
aa515000-aa51b000 r-xs 00000000 08:06 5743239    /var/cache/fontconfig/acc285bc1956c3c4bc7afb41d537a85a-le32d4.cache-3
aa51b000-aa521000 r-xs 00000000 08:06 5743283    /var/cache/fontconfig/4460665c0f3e88acdd4c85aa2f409b99-le32d4.cache-3
aa521000-aa531000 r-xs 00000000 08:06 5743271    /var/cache/fontconfig/8d4af663993b81a124ee82e610bb31f9-le32d4.cache-3
aa531000-aa540000 r-xs 00000000 08:06 5743268    /var/cache/fontconfig/25e0aa14c68cecf4ab53db3a88a7a060-le32d4.cache-3
aa540000-aa544000 r-xs 00000000 08:06 5743282    /var/cache/fontconfig/a336a40326b5f097d6a660e43ed65741-le32d4.cache-3
aa544000-aa551000 r-xs 00000000 08:06 5743264    /var/cache/fontconfig/221fd1126b80b777db535aea535e87ba-le32d4.cache-3
aa551000-aa558000 r-xs 00000000 08:06 5743250    /var/cache/fontconfig/12b26b760a24f8b4feb03ad48a333a72-le32d4.cache-3
aa558000-aa55d000 r-xs 00000000 08:06 5744393    /var/cache/fontconfig/f349e9996a5320f6dd491cedd2b1f964-le32d4.cache-3
aa55d000-aa59e000 r-xs 00000000 08:06 5743247    /var/cache/fontconfig/17090aa38d5c6f09fb8c5c354938f1d7-le32d4.cache-3
aa59e000-aa5df000 r-xs 00000000 08:06 5743245    /var/cache/fontconfig/df311e82a1a24c41a75c2c930223552e-le32d4.cache-3
aa5df000-aa5e1000 r-xs 0000a000 08:06 2304312    /home/tim/work/imagine~hg/Imagine/application/target/imagine/platform/modules/org-openide-io.jar
aa5e1000-aa5ea000 r-xs 0013a000 08:06 2304316    /home/tim/work/imagine~hg/Imagine/application/target/imagine/platform/modules/org-openide-loaders.jar
aa5ea000-aa5f7000 r-xs 000de000 08:06 2304281    /home/tim/work/imagine~hg/Imagine/application/target/imagine/platform/modules/org-netbeans-swing-tabcontrol.jar
aa5f7000-aa5fa000 ---p 00000000 00:00 0 
aa5fa000-aa648000 rwxp 00000000 00:00 0 
aa648000-aa64b000 ---p 00000000 00:00 0 
aa64b000-aa699000 rwxp 00000000 00:00 0 
aa699000-aa69c000 ---p 00000000 00:00 0 
aa69c000-aa6ea000 rwxp 00000000 00:00 0 
aa6ea000-aa6ee000 r-xp 00000000 08:06 6136046    /usr/lib/libXfixes.so.3.1.0
aa6ee000-aa6ef000 r-xp 00003000 08:06 6136046    /usr/lib/libXfixes.so.3.1.0
aa6ef000-aa6f0000 rwxp 00004000 08:06 6136046    /usr/lib/libXfixes.so.3.1.0
aa6f0000-aa6fa000 r-xp 00000000 08:06 6136270    /usr/lib/libXrender.so.1.3.0
aa6fa000-aa6fb000 r-xp 00009000 08:06 6136270    /usr/lib/libXrender.so.1.3.0
aa6fb000-aa6fc000 rwxp 0000a000 08:06 6136270    /usr/lib/libXrender.so.1.3.0
aa6fc000-aa706000 r-xp 00000000 08:06 6136785    /usr/lib/libXcursor.so.1.0.2
aa706000-aa707000 r-xp 00009000 08:06 6136785    /usr/lib/libXcursor.so.1.0.2
aa707000-aa708000 rwxp 0000a000 08:06 6136785    /usr/lib/libXcursor.so.1.0.2
aa709000-aa70c000 r-xs 00032000 08:06 2304284    /home/tim/work/imagine~hg/Imagine/application/target/imagine/platform/modules/org-openide-actions.jar
aa70c000-aa70f000 r-xs 0003a000 08:06 2304275    /home/tim/work/imagine~hg/Imagine/application/target/imagine/platform/modules/org-netbeans-swing-outline.jar
aa70f000-aa713000 r-xs 0005f000 08:06 2409058    /home/tim/work/imagine~hg/Imagine/application/target/imagine/platform/modules/org-openide-text.jar
aa713000-aa715000 r-xs 0000b000 08:06 2304226    /home/tim/work/imagine~hg/Imagine/application/target/imagine/platform/modules/org-netbeans-modules-editor-mimelookup.jar
aa715000-aa717000 r-xs 00025000 08:06 2409065    /home/tim/work/imagine~hg/Imagine/application/target/imagine/platform/modules/org-openide-windows.jar
aa717000-aa71c000 r-xs 00081000 08:06 2304319    /home/tim/work/imagine~hg/Imagine/application/target/imagine/platform/modules/org-openide-nodes.jar
aa71c000-aa71e000 r-xs 0002e000 08:06 2304294    /home/tim/work/imagine~hg/Imagine/application/target/imagine/platform/modules/org-openide-dialogs.jar
aa71e000-aa720000 r-xs 00010000 08:06 2304142    /home/tim/work/imagine~hg/Imagine/application/target/imagine/platform/modules/org-netbeans-api-progress.jar
aa720000-aa725000 r-xs 00086000 08:06 2304287    /home/tim/work/imagine~hg/Imagine/application/target/imagine/platform/modules/org-openide-awt.jar
aa725000-aa728000 ---p 00000000 00:00 0 
aa728000-aa776000 rwxp 00000000 00:00 0 
aa776000-aa7ef000 r-xp 00000000 08:06 5750880    /opt/sun-jdk-1.6.0.24/jre/lib/i386/libfontmanager.so
aa7ef000-aa7f9000 rwxp 00078000 08:06 5750880    /opt/sun-jdk-1.6.0.24/jre/lib/i386/libfontmanager.so
aa7f9000-aa7fe000 rwxp 00000000 00:00 0 
aa7fe000-aa94d000 r-xp 00000000 08:06 2310512    /usr/lib/libX11.so.6.3.0
aa94d000-aa94e000 r-xp 0014f000 08:06 2310512    /usr/lib/libX11.so.6.3.0
aa94e000-aa951000 rwxp 00150000 08:06 2310512    /usr/lib/libX11.so.6.3.0
aa951000-aa9d5000 r-xp 00000000 08:06 5750837    /opt/sun-jdk-1.6.0.24/jre/lib/i386/libawt.so
aa9d5000-aa9dc000 rwxp 00084000 08:06 5750837    /opt/sun-jdk-1.6.0.24/jre/lib/i386/libawt.so
aa9dc000-aaa00000 rwxp 00000000 00:00 0 
aaa00000-aaafe000 rwxp 00000000 00:00 0 
aaafe000-aab00000 ---p 00000000 00:00 0 
aab00000-aab02000 r-xs 0000a000 08:06 2304260    /home/tim/work/imagine~hg/Imagine/application/target/imagine/platform/modules/org-netbeans-modules-queries.jar
aab02000-aab08000 r-xp 00000000 08:06 6136272    /usr/lib/libXdmcp.so.6.0.0
aab08000-aab09000 r-xp 00005000 08:06 6136272    /usr/lib/libXdmcp.so.6.0.0
aab09000-aab0a000 rwxp 00006000 08:06 6136272    /usr/lib/libXdmcp.so.6.0.0
aab0a000-aab25000 r-xp 00000000 08:06 5582024    /usr/lib/libxcb.so.1.1.0
aab25000-aab26000 r-xp 0001a000 08:06 5582024    /usr/lib/libxcb.so.1.1.0
aab26000-aab27000 rwxp 0001b000 08:06 5582024    /usr/lib/libxcb.so.1.1.0
aab27000-aab36000 r-xp 00000000 08:06 6137621    /usr/lib/libXi.so.6.1.0
aab36000-aab37000 r-xp 0000e000 08:06 6137621    /usr/lib/libXi.so.6.1.0
aab37000-aab38000 rwxp 0000f000 08:06 6137621    /usr/lib/libXi.so.6.1.0
aab38000-aab48000 r-xp 00000000 08:06 6136630    /usr/lib/libXext.so.6.4.0
aab48000-aab49000 r-xp 0000f000 08:06 6136630    /usr/lib/libXext.so.6.4.0
aab49000-aab4a000 rwxp 00010000 08:06 6136630    /usr/lib/libXext.so.6.4.0
aab4b000-aab4d000 r-xs 00000000 08:06 5743249    /var/cache/fontconfig/76fa4b957c916922374347f144bde9da-le32d4.cache-3
aab4d000-aab4f000 r-xs 00000000 08:06 5743279    /var/cache/fontconfig/5a8e70faeac692eefe28f2b44727cf4d-le32d4.cache-3
aab4f000-aab62000 r-xs 00000000 08:06 5743270    /var/cache/fontconfig/4b5cf4386f1cde02a336ba961b4ac82d-le32d4.cache-3
aab62000-aab67000 r-xs 00000000 08:06 5743269    /var/cache/fontconfig/d62e99ef547d1d24cdb1bd22ec1a2976-le32d4.cache-3
aab67000-aabaa000 r-xp 00000000 08:06 5767518    /opt/sun-jdk-1.6.0.24/jre/lib/i386/xawt/libmawt.so
aabaa000-aabac000 rwxp 00043000 08:06 5767518    /opt/sun-jdk-1.6.0.24/jre/lib/i386/xawt/libmawt.so
aabac000-aabad000 rwxp 00000000 00:00 0 
aabad000-aabb0000 ---p 00000000 00:00 0 
aabb0000-aabfe000 rwxp 00000000 00:00 0 
aabfe000-aac01000 ---p 00000000 00:00 0 
aac01000-aac4f000 rwxp 00000000 00:00 0 
aac4f000-aac52000 ---p 00000000 00:00 0 
aac52000-aaca0000 rwxp 00000000 00:00 0 
aaca0000-aacff000 r-xs 00baa000 08:06 4255245    /opt/sun-jdk-1.6.0.24/lib/tools.jar
aacff000-aad02000 ---p 00000000 00:00 0 
aad02000-aad50000 rwxp 00000000 00:00 0 
aad50000-aad53000 ---p 00000000 00:00 0 
aad53000-aada1000 rwxp 00000000 00:00 0 
aada1000-aada2000 ---p 00000000 00:00 0 
aada2000-aae22000 rwxp 00000000 00:00 0 
aae22000-aae25000 ---p 00000000 00:00 0 
aae25000-aae73000 rwxp 00000000 00:00 0 
aae73000-aae76000 ---p 00000000 00:00 0 
aae76000-aaef4000 rwxp 00000000 00:00 0 
aaef4000-aaef7000 ---p 00000000 00:00 0 
aaef7000-aaf75000 rwxp 00000000 00:00 0 
aaf75000-aaf78000 ---p 00000000 00:00 0 
aaf78000-aafc6000 rwxp 00000000 00:00 0 
aafc6000-ab1c6000 r-xp 00000000 08:06 4776585    /usr/lib/locale/locale-archive
ab1c6000-ab1c9000 ---p 00000000 00:00 0 
ab1c9000-ab217000 rwxp 00000000 00:00 0 
ab217000-ab21a000 ---p 00000000 00:00 0 
ab21a000-ab268000 rwxp 00000000 00:00 0 
ab268000-ab400000 r-xs 03027000 08:06 1125216    /opt/sun-jdk-1.6.0.24/jre/lib/rt.jar
ab400000-ab4fc000 rwxp 00000000 00:00 0 
ab4fc000-ab500000 ---p 00000000 00:00 0 
ab500000-ab501000 rwxs 00207000 08:06 2442615    /tmp/imagine_-14268550713520542214779325676825450740imgdata
ab501000-ab504000 r-xs 00000000 08:06 5743252    /var/cache/fontconfig/f6b893a7224233d96cb72fd88691c0b4-le32d4.cache-3
ab504000-ab507000 r-xp 00000000 08:06 6136263    /usr/lib/libXau.so.6.0.0
ab507000-ab508000 r-xp 00002000 08:06 6136263    /usr/lib/libXau.so.6.0.0
ab508000-ab509000 rwxp 00003000 08:06 6136263    /usr/lib/libXau.so.6.0.0
ab509000-ab50e000 r-xp 00000000 08:06 6136488    /usr/lib/libXtst.so.6.1.0
ab50e000-ab50f000 r-xp 00004000 08:06 6136488    /usr/lib/libXtst.so.6.1.0
ab50f000-ab510000 rwxp 00005000 08:06 6136488    /usr/lib/libXtst.so.6.1.0
ab510000-ab517000 r-xp 00000000 08:06 5750902    /opt/sun-jdk-1.6.0.24/jre/lib/i386/libnio.so
ab517000-ab518000 rwxp 00006000 08:06 5750902    /opt/sun-jdk-1.6.0.24/jre/lib/i386/libnio.so
ab518000-ab52c000 r-xp 00000000 08:06 5750898    /opt/sun-jdk-1.6.0.24/jre/lib/i386/libnet.so
ab52c000-ab52d000 rwxp 00013000 08:06 5750898    /opt/sun-jdk-1.6.0.24/jre/lib/i386/libnet.so
ab52d000-ab533000 r-xs 0001e000 08:06 4255247    /opt/sun-jdk-1.6.0.24/lib/dt.jar
ab533000-ab534000 r-xs 00088000 08:06 3982902    /home/tim/work/imagine~hg/Imagine/application/target/imagine/imagine/core/locale/core_imagine.jar
ab534000-ab53b000 r-xs 000d0000 08:06 2304109    /home/tim/work/imagine~hg/Imagine/application/target/imagine/platform/core/org-openide-filesystems.jar
ab53b000-ab540000 r-xs 000b9000 08:06 2304106    /home/tim/work/imagine~hg/Imagine/application/target/imagine/platform/core/core.jar
ab540000-ab541000 ---p 00000000 00:00 0 
ab541000-ab5f5000 rwxp 00000000 00:00 0 
ab5f5000-ab5f6000 ---p 00000000 00:00 0 
ab5f6000-ab676000 rwxp 00000000 00:00 0 
ab676000-ab677000 ---p 00000000 00:00 0 
ab677000-ab6f7000 rwxp 00000000 00:00 0 
ab6f7000-ab6f8000 ---p 00000000 00:00 0 
ab6f8000-ab778000 rwxp 00000000 00:00 0 
ab778000-ab779000 ---p 00000000 00:00 0 
ab779000-ab813000 rwxp 00000000 00:00 0 
ab813000-ab819000 rwxp 00000000 00:00 0 
ab819000-ab82d000 rwxp 00000000 00:00 0 
ab82d000-ab82f000 rwxp 00000000 00:00 0 
ab82f000-ab849000 rwxp 00000000 00:00 0 
ab849000-ab84f000 rwxp 00000000 00:00 0 
ab84f000-ab863000 rwxp 00000000 00:00 0 
ab863000-ab864000 rwxp 00000000 00:00 0 
ab864000-ab86f000 rwxp 00000000 00:00 0 
ab86f000-aeb70000 rwxp 00000000 00:00 0 
aeb70000-af870000 rwxp 00000000 00:00 0 
af870000-b1ee0000 rwxp 00000000 00:00 0 
b1ee0000-b2320000 rwxp 00000000 00:00 0 
b2320000-b3870000 rwxp 00000000 00:00 0 
b3870000-b3873000 r-xs 00047000 08:06 2304122    /home/tim/work/imagine~hg/Imagine/application/target/imagine/platform/lib/org-openide-util-lookup.jar
b3873000-b387a000 r-xs 000a7000 08:06 2304125    /home/tim/work/imagine~hg/Imagine/application/target/imagine/platform/lib/org-openide-util.jar
b387a000-b3884000 rwxp 00000000 00:00 0 
b3884000-b393a000 rwxp 00000000 00:00 0 
b393a000-b3b82000 rwxp 00000000 00:00 0 
b3b82000-b693a000 rwxp 00000000 00:00 0 
b693a000-b6944000 r-xp 00000000 08:06 5681981    /lib/libnss_files-2.11.3.so
b6944000-b6945000 r-xp 00009000 08:06 5681981    /lib/libnss_files-2.11.3.so
b6945000-b6946000 rwxp 0000a000 08:06 5681981    /lib/libnss_files-2.11.3.so
b6946000-b694f000 r-xp 00000000 08:06 5682012    /lib/libnss_nis-2.11.3.so
b694f000-b6950000 r-xp 00008000 08:06 5682012    /lib/libnss_nis-2.11.3.so
b6950000-b6951000 rwxp 00009000 08:06 5682012    /lib/libnss_nis-2.11.3.so
b6951000-b6964000 r-xp 00000000 08:06 5682028    /lib/libnsl-2.11.3.so
b6964000-b6965000 r-xp 00012000 08:06 5682028    /lib/libnsl-2.11.3.so
b6965000-b6966000 rwxp 00013000 08:06 5682028    /lib/libnsl-2.11.3.so
b6966000-b6968000 rwxp 00000000 00:00 0 
b6968000-b6969000 r-xs 00009000 08:06 2304120    /home/tim/work/imagine~hg/Imagine/application/target/imagine/platform/lib/org-openide-modules.jar
b6969000-b696b000 r-xs 0005b000 08:06 2304112    /home/tim/work/imagine~hg/Imagine/application/target/imagine/platform/lib/boot.jar
b696b000-b696c000 r-xp 00e19000 08:06 4776585    /usr/lib/locale/locale-archive
b696c000-b697b000 r-xp 00000000 08:06 5750903    /opt/sun-jdk-1.6.0.24/jre/lib/i386/libzip.so
b697b000-b697d000 rwxp 0000e000 08:06 5750903    /opt/sun-jdk-1.6.0.24/jre/lib/i386/libzip.so
b697d000-b6985000 rwxs 00000000 08:06 2442613    /tmp/hsperfdata_tim/24651
b6985000-b69a8000 r-xp 00000000 08:06 3917773    /opt/sun-jdk-1.6.0.24/jre/lib/i386/libjava.so
b69a8000-b69aa000 rwxp 00023000 08:06 3917773    /opt/sun-jdk-1.6.0.24/jre/lib/i386/libjava.so
b69aa000-b69b1000 r-xp 00000000 08:06 5682015    /lib/librt-2.11.3.so
b69b1000-b69b2000 r-xp 00006000 08:06 5682015    /lib/librt-2.11.3.so
b69b2000-b69b3000 rwxp 00007000 08:06 5682015    /lib/librt-2.11.3.so
b69b3000-b69b6000 ---p 00000000 00:00 0 
b69b6000-b6a04000 rwxp 00000000 00:00 0 
b6a04000-b6a28000 r-xp 00000000 08:06 5682026    /lib/libm-2.11.3.so
b6a28000-b6a29000 r-xp 00023000 08:06 5682026    /lib/libm-2.11.3.so
b6a29000-b6a2a000 rwxp 00024000 08:06 5682026    /lib/libm-2.11.3.so
b6a2a000-b71b7000 r-xp 00000000 08:06 3765318    /opt/sun-jdk-1.6.0.24/jre/lib/i386/server/libjvm.so
b71b7000-b720a000 rwxp 0078d000 08:06 3765318    /opt/sun-jdk-1.6.0.24/jre/lib/i386/server/libjvm.so
b720a000-b7629000 rwxp 00000000 00:00 0 
b7629000-b776a000 r-xp 00000000 08:06 5682027    /lib/libc-2.11.3.so
b776a000-b776c000 r-xp 00141000 08:06 5682027    /lib/libc-2.11.3.so
b776c000-b776d000 rwxp 00143000 08:06 5682027    /lib/libc-2.11.3.so
b776d000-b7771000 rwxp 00000000 00:00 0 
b7771000-b7773000 r-xp 00000000 08:06 5682010    /lib/libdl-2.11.3.so
b7773000-b7774000 r-xp 00001000 08:06 5682010    /lib/libdl-2.11.3.so
b7774000-b7775000 rwxp 00002000 08:06 5682010    /lib/libdl-2.11.3.so
b7775000-b777c000 r-xp 00000000 08:06 3744522    /opt/sun-jdk-1.6.0.24/jre/lib/i386/jli/libjli.so
b777c000-b777e000 rwxp 00006000 08:06 3744522    /opt/sun-jdk-1.6.0.24/jre/lib/i386/jli/libjli.so
b777e000-b7793000 r-xp 00000000 08:06 5682020    /lib/libpthread-2.11.3.so
b7793000-b7794000 r-xp 00014000 08:06 5682020    /lib/libpthread-2.11.3.so
b7794000-b7795000 rwxp 00015000 08:06 5682020    /lib/libpthread-2.11.3.so
b7795000-b7797000 rwxp 00000000 00:00 0 
b7797000-b779d000 r-xp 00000000 08:06 5682030    /lib/libnss_compat-2.11.3.so
b779d000-b779e000 r-xp 00006000 08:06 5682030    /lib/libnss_compat-2.11.3.so
b779e000-b779f000 rwxp 00007000 08:06 5682030    /lib/libnss_compat-2.11.3.so
b779f000-b77a5000 r-xp 00000000 08:06 5783791    /opt/sun-jdk-1.6.0.24/jre/lib/i386/native_threads/libhpi.so
b77a5000-b77a6000 rwxp 00006000 08:06 5783791    /opt/sun-jdk-1.6.0.24/jre/lib/i386/native_threads/libhpi.so
b77a6000-b77a7000 rwxp 00000000 00:00 0 
b77a7000-b77a8000 r-xp 00000000 00:00 0 
b77a8000-b77b3000 r-xp 00000000 08:06 5750875    /opt/sun-jdk-1.6.0.24/jre/lib/i386/libverify.so
b77b3000-b77b4000 rwxp 0000b000 08:06 5750875    /opt/sun-jdk-1.6.0.24/jre/lib/i386/libverify.so
b77b4000-b77b5000 rwxp 00000000 00:00 0 
b77b5000-b77b6000 r-xp 00000000 00:00 0          [vdso]
b77b6000-b77d2000 r-xp 00000000 08:06 5682018    /lib/ld-2.11.3.so
b77d2000-b77d3000 r-xp 0001b000 08:06 5682018    /lib/ld-2.11.3.so
b77d3000-b77d4000 rwxp 0001c000 08:06 5682018    /lib/ld-2.11.3.so
bf9ef000-bfa11000 rwxp 00000000 00:00 0          [stack]

VM Arguments:
jvm_args: -Djdk.home=/opt/sun-jdk-1.6.0.24 -Dnetbeans.system_http_proxy=DIRECT -Dnetbeans.system_http_non_proxy_hosts= -Dnetbeans.dirs=/home/tim/work/imagine~hg/Imagine/application/target/imagine/bin/../etc:/home/tim/work/imagine~hg/Imagine/application/target/imagine/bin/../platform:/home/tim/work/imagine~hg/Imagine/application/target/imagine/bin/../bin:/home/tim/work/imagine~hg/Imagine/application/target/imagine/bin/../imagine: -Dnetbeans.home=/home/tim/work/imagine~hg/Imagine/application/target/imagine/platform -Xms24m -Xmx64m -Dnetbeans.logger.console=true -ea -XX:+HeapDumpOnOutOfMemoryError -XX:HeapDumpPath=/home/tim/work/imagine~hg/Imagine/application/target/userdir/var/log/heapdump.hprof 
java_command: org.netbeans.Main --userdir /home/tim/work/imagine~hg/Imagine/application/target/userdir --branding imagine --branding imagine
Launcher Type: SUN_STANDARD

Environment Variables:
JAVA_HOME=/opt/sun-jdk-1.6.0.24
PATH=/usr/local/bin:/usr/bin:/bin:/opt/bin:/usr/i686-pc-linux-gnu/gcc-bin/4.4.5://opt/android-sdk-update-manager/tools:/usr/lib/subversion/bin:/home/tim/bin:/home/tim/bin
LD_LIBRARY_PATH=/opt/sun-jdk-1.6.0.24/jre/lib/i386/server:/opt/sun-jdk-1.6.0.24/jre/lib/i386:/opt/sun-jdk-1.6.0.24/jre/../lib/i386:/opt/sun-jdk-1.6.0.24/jre/lib/i386/client:/opt/sun-jdk-1.6.0.24/jre/lib/i386:/opt/sun-jdk-1.6.0.24/jre/../lib/i386
SHELL=/bin/bash
DISPLAY=:0

Signal Handlers:
SIGSEGV: [libjvm.so+0x708f80], sa_mask[0]=0x7ffbfeff, sa_flags=0x10000004
SIGBUS: [libjvm.so+0x708f80], sa_mask[0]=0x7ffbfeff, sa_flags=0x10000004
SIGFPE: [libjvm.so+0x5c4100], sa_mask[0]=0x7ffbfeff, sa_flags=0x10000004
SIGPIPE: SIG_IGN, sa_mask[0]=0x00001000, sa_flags=0x10000000
SIGXFSZ: [libjvm.so+0x5c4100], sa_mask[0]=0x7ffbfeff, sa_flags=0x10000004
SIGILL: [libjvm.so+0x5c4100], sa_mask[0]=0x7ffbfeff, sa_flags=0x10000004
SIGUSR1: SIG_DFL, sa_mask[0]=0x00000000, sa_flags=0x00000000
SIGUSR2: [libjvm.so+0x5c70e0], sa_mask[0]=0x00000004, sa_flags=0x10000004
SIGHUP: [libjvm.so+0x5c6cc0], sa_mask[0]=0x7ffbfeff, sa_flags=0x10000004
SIGINT: SIG_IGN, sa_mask[0]=0x00000000, sa_flags=0x00000000
SIGTERM: [libjvm.so+0x5c6cc0], sa_mask[0]=0x7ffbfeff, sa_flags=0x10000004
SIGQUIT: [libjvm.so+0x5c6cc0], sa_mask[0]=0x7ffbfeff, sa_flags=0x10000004


---------------  S Y S T E M  ---------------

OS:Gentoo Base System release 1.12.14

uname:Linux 2.6.37-tuxonice #3 SMP PREEMPT Sun Jun 5 22:53:43 EDT 2011 i686
libc:glibc 2.11.3 NPTL 2.11.3 
rlimit: STACK 8192k, CORE 0k, NPROC 25214, NOFILE 1024, AS infinity
load average:1.34 1.35 1.38

/proc/meminfo:
MemTotal:        3227932 kB
MemFree:          344304 kB
Buffers:          203884 kB
Cached:          1427744 kB
SwapCached:          160 kB
Active:          1818288 kB
Inactive:         972036 kB
Active(anon):    1090468 kB
Inactive(anon):   164948 kB
Active(file):     727820 kB
Inactive(file):   807088 kB
Unevictable:           0 kB
Mlocked:               0 kB
HighTotal:       2356136 kB
HighFree:          17760 kB
LowTotal:         871796 kB
LowFree:          326544 kB
SwapTotal:       8388604 kB
SwapFree:        8383852 kB
Dirty:               272 kB
Writeback:             0 kB
AnonPages:       1158552 kB
Mapped:           114508 kB
Shmem:             96720 kB
Slab:              70364 kB
SReclaimable:      57340 kB
SUnreclaim:        13024 kB
KernelStack:        2848 kB
PageTables:         5436 kB
NFS_Unstable:          0 kB
Bounce:                0 kB
WritebackTmp:          0 kB
CommitLimit:    10002568 kB
Committed_AS:    2710808 kB
VmallocTotal:     122880 kB
VmallocUsed:       20644 kB
VmallocChunk:      87136 kB
HugePages_Total:       0
HugePages_Free:        0
HugePages_Rsvd:        0
HugePages_Surp:        0
Hugepagesize:       4096 kB
DirectMap4k:       20472 kB
DirectMap4M:      888832 kB


CPU:total 4 (2 cores per cpu, 2 threads per core) family 6 model 37 stepping 5, cmov, cx8, fxsr, mmx, sse, sse2, sse3, ssse3, sse4.1, sse4.2, popcnt, ht

Memory: 4k page, physical 3227932k(344304k free), swap 8388604k(8383852k free)

vm_info: Java HotSpot(TM) Server VM (19.1-b02) for linux-x86 JRE (1.6.0_24-b07), built on Feb  2 2011 16:51:52 by "java_re" with gcc 3.2.1-7a (J2SE release)

time: Tue Sep 13 21:40:40 2011
elapsed time: 65 seconds

