#
# A fatal error has been detected by the Java Runtime Environment:
#
#  SIGSEGV (0xb) at pc=0xa681a50c, pid=21009, tid=2805377904
#
# JRE version: 6.0_24-b07
# Java VM: Java HotSpot(TM) Server VM (19.1-b02 mixed mode linux-x86 )
# Problematic frame:
# C  [libdcpr.so+0x950c]
#
# If you would like to submit a bug report, please visit:
#   http://java.sun.com/webapps/bugreport/crash.jsp
# The crash happened outside the Java Virtual Machine in native code.
# See problematic frame for where to report the bug.
#

---------------  T H R E A D  ---------------

Current thread (0x08ab4c00):  JavaThread "AWT-EventQueue-1" [_thread_in_native, id=21036, stack(0xa731a000,0xa736b000)]

siginfo:si_signo=SIGSEGV: si_errno=0, si_code=2 (SEGV_ACCERR), si_addr=0xa71f3000

Registers:
EAX=0x000254c3, EBX=0xa6838e18, ECX=0x00000001, EDX=0x7ffdab3c
ESP=0xa7368d80, EBP=0xa7368da8, ESI=0xa715dcf4, EDI=0x7fffffff
EIP=0xa681a50c, CR2=0xa71f3000, EFLAGS=0x00210292

Register to memory mapping:

EAX=0x000254c3
0x000254c3 is pointing to unknown location

EBX=0xa6838e18
0xa6838e18: <offset 0x27e18> in /opt/sun-jdk-1.6.0.24/jre/lib/i386/libdcpr.so at 0xa6811000

ECX=0x00000001
0x00000001 is pointing to unknown location

EDX=0x7ffdab3c
0x7ffdab3c is pointing to unknown location

ESP=0xa7368d80
0xa7368d80 is pointing into the stack for thread: 0x08ab4c00
"AWT-EventQueue-1" prio=10 tid=0x08ab4c00 nid=0x522c runnable [0xa7369000]
   java.lang.Thread.State: RUNNABLE

EBP=0xa7368da8
0xa7368da8 is pointing into the stack for thread: 0x08ab4c00
"AWT-EventQueue-1" prio=10 tid=0x08ab4c00 nid=0x522c runnable [0xa7369000]
   java.lang.Thread.State: RUNNABLE

ESI=0xa715dcf4
0xa715dcf4 is pointing to unknown location

EDI=0x7fffffff
0x7fffffff is pointing to unknown location


Top of Stack: (sp=0xa7368d80)
0xa7368d80:   00000000 027f0e7f 00000000 00000000
0xa7368d90:   08ab4c00 067f027f a7368db8 a6838e18
0xa7368da0:   80000003 a6bd8db4 a7368e58 a681a813
0xa7368db0:   a715dcf4 ffc00000 00000000 b6e5e0f7
0xa7368dc0:   08ab0408 081e3b38 081e3b40 081e3f2c
0xa7368dd0:   08ab4c00 00000003 3d000000 00000030
0xa7368de0:   ffc00000 00000004 00000004 00000030
0xa7368df0:   aaf00020 00000004 00000018 aaf00060 

Instructions: (pc=0xa681a50c)
0xa681a4fc:   00 00 00 00 52 4a db 04 24 83 c4 04 d8 e1 d8 f2
0xa681a50c:   d9 1c 86 40 39 ca 7d ec dd d8 dd d8 e9 2b ff ff 

Stack: [0xa731a000,0xa736b000],  sp=0xa7368d80,  free space=315k
Native frames: (J=compiled Java code, j=interpreted, Vv=VM code, C=native code)
C  [libdcpr.so+0x950c]
C  [libdcpr.so+0x9813]
C  [libdcpr.so+0x9ba1]
C  [libdcpr.so+0x904d]
C  [libdcpr.so+0x350c]
C  [libdcpr.so+0x3b73]
C  [libdcpr.so+0xbd0f]
C  [libdcpr.so+0x4df4]  Java_sun_dc_pr_PathFiller_setOutputArea+0x74
J  sun.dc.pr.PathFiller.setOutputArea(FFII)V

Java frames: (J=compiled Java code, j=interpreted, Vv=VM code)
J  sun.dc.pr.PathFiller.setOutputArea(FFII)V
J  sun.java2d.pipe.DuctusShapeRenderer.renderTiles(Lsun/java2d/SunGraphics2D;Ljava/awt/Shape;Lsun/dc/pr/Rasterizer;)V
j  sun.java2d.pipe.DuctusShapeRenderer.renderPath(Lsun/java2d/SunGraphics2D;Ljava/awt/Shape;Ljava/awt/BasicStroke;)V+71
j  sun.java2d.pipe.DuctusShapeRenderer.draw(Lsun/java2d/SunGraphics2D;Ljava/awt/Shape;)V+38
j  sun.java2d.pipe.PixelToShapeConverter.drawOval(Lsun/java2d/SunGraphics2D;IIII)V+22
j  sun.java2d.SunGraphics2D.drawOval(IIII)V+10
j  org.netbeans.paint.tools.OvalTool.draw(Ljava/awt/Rectangle;Ljava/awt/Graphics2D;Z)V+71
j  org.netbeans.paint.tools.RectangleTool.paint(Ljava/awt/Graphics2D;)V+99
j  org.netbeans.paint.tools.RectangleTool.paint(Ljava/awt/Graphics2D;Ljava/awt/Rectangle;Z)V+15
j  org.netbeans.paintui.PictureScene$SelectionWidget.paintWidget()V+91
j  org.netbeans.api.visual.widget.Widget.paint()V+215
j  org.netbeans.api.visual.widget.Widget.paintChildren()V+127
j  org.netbeans.api.visual.widget.Widget.paint()V+219
j  org.netbeans.api.visual.widget.SceneComponent.paint(Ljava/awt/Graphics;)V+92
J  javax.swing.JComponent.paintChildren(Ljava/awt/Graphics;)V
j  javax.swing.JComponent.paint(Ljava/awt/Graphics;)V+322
J  javax.swing.JComponent.paintChildren(Ljava/awt/Graphics;)V
j  javax.swing.JComponent.paint(Ljava/awt/Graphics;)V+322
j  javax.swing.JViewport.paint(Ljava/awt/Graphics;)V+205
J  javax.swing.RepaintManager$PaintManager.paintDoubleBuffered(Ljavax/swing/JComponent;Ljava/awt/Image;Ljava/awt/Graphics;IIII)V
j  javax.swing.RepaintManager$PaintManager.paint(Ljavax/swing/JComponent;Ljavax/swing/JComponent;Ljava/awt/Graphics;IIII)Z+116
j  javax.swing.BufferStrategyPaintManager.paint(Ljavax/swing/JComponent;Ljavax/swing/JComponent;Ljava/awt/Graphics;IIII)Z+224
J  javax.swing.JComponent._paintImmediately(IIII)V
J  javax.swing.RepaintManager.paintDirtyRegions(Ljava/util/Map;)V
j  javax.swing.RepaintManager.paintDirtyRegions()V+46
j  javax.swing.RepaintManager.seqPaintDirtyRegions()V+73
j  javax.swing.SystemEventQueueUtilities$ComponentWorkRequest.run()V+36
j  java.awt.event.InvocationEvent.dispatch()V+47
J  java.awt.EventQueue$1.run()Ljava/lang/Object;
v  ~StubRoutines::call_stub
J  java.security.AccessController.doPrivileged(Ljava/security/PrivilegedAction;Ljava/security/AccessControlContext;)Ljava/lang/Object;
J  org.netbeans.core.TimableEventQueue.dispatchEvent(Ljava/awt/AWTEvent;)V
J  java.awt.EventDispatchThread.pumpOneEventForFilters(I)Z
J  java.awt.EventDispatchThread.pumpEventsForFilter(ILjava/awt/Conditional;Ljava/awt/EventFilter;)V
j  java.awt.EventDispatchThread.pumpEventsForHierarchy(ILjava/awt/Conditional;Ljava/awt/Component;)V+11
j  java.awt.EventDispatchThread.pumpEvents(ILjava/awt/Conditional;)V+4
j  java.awt.EventDispatchThread.pumpEvents(Ljava/awt/Conditional;)V+3
j  java.awt.EventDispatchThread.run()V+9
v  ~StubRoutines::call_stub

---------------  P R O C E S S  ---------------

Java Threads: ( => current thread )
  0xa983e400 JavaThread "Inactive RequestProcessor thread [Was:TimedSoftReference/org.openide.util.TimedSoftReference]" daemon [_thread_blocked, id=21202, stack(0xa7227000,0xa7278000)]
  0x09056400 JavaThread "Timer-1" daemon [_thread_blocked, id=21124, stack(0xa72c9000,0xa731a000)]
  0xaaada000 JavaThread "DestroyJavaVM" [_thread_blocked, id=21010, stack(0xb69e6000,0xb6a37000)]
=>0x08ab4c00 JavaThread "AWT-EventQueue-1" [_thread_in_native, id=21036, stack(0xa731a000,0xa736b000)]
  0x08ab4400 JavaThread "TimerQueue" daemon [_thread_blocked, id=21035, stack(0xaa4d2000,0xaa523000)]
  0x08ab2800 JavaThread "Thread-2" daemon [_thread_blocked, id=21034, stack(0xa736b000,0xa73bc000)]
  0xaaa44800 JavaThread "AWT-Shutdown" [_thread_blocked, id=21031, stack(0xaa647000,0xaa698000)]
  0xaaa97c00 JavaThread "AWT-XAWT" daemon [_thread_in_native, id=21030, stack(0xaa698000,0xaa6e9000)]
  0xaaa5fc00 JavaThread "Java2D Disposer" daemon [_thread_blocked, id=21028, stack(0xaa758000,0xaa7a9000)]
  0xaaf9e000 JavaThread "CLI Requests Server" daemon [_thread_in_native, id=21025, stack(0xaac8f000,0xaace0000)]
  0xaaf74c00 JavaThread "Active Reference Queue Daemon" daemon [_thread_blocked, id=21024, stack(0xaad5c000,0xaadad000)]
  0xaaf69000 JavaThread "Timer-0" daemon [_thread_blocked, id=21023, stack(0xaadad000,0xaadfe000)]
  0xaaf02c00 JavaThread "Low Memory Detector" daemon [_thread_blocked, id=21021, stack(0xab013000,0xab064000)]
  0xaaf00c00 JavaThread "CompilerThread1" daemon [_thread_blocked, id=21020, stack(0xaae7f000,0xaaf00000)]
  0x08111000 JavaThread "CompilerThread0" daemon [_thread_blocked, id=21019, stack(0xab064000,0xab0e5000)]
  0x0810f800 JavaThread "Signal Dispatcher" daemon [_thread_blocked, id=21018, stack(0xab0e5000,0xab136000)]
  0x08101000 JavaThread "Finalizer" daemon [_thread_blocked, id=21017, stack(0xab336000,0xab387000)]
  0x080fc400 JavaThread "Reference Handler" daemon [_thread_blocked, id=21016, stack(0xab387000,0xab3d8000)]

Other Threads:
  0x080f8800 VMThread [stack: 0xab3d8000,0xab459000] [id=21015]
  0xaaf0cc00 WatcherThread [stack: 0xaadfe000,0xaae7f000] [id=21022]

VM state:not at safepoint (normal execution)

VM Mutex/Monitor currently owned by a thread: None

Heap
 PSYoungGen      total 10048K, used 3942K [0xb2350000, 0xb3180000, 0xb38a0000)
  eden space 6080K, 62% used [0xb2350000,0xb2705810,0xb2940000)
  from space 3968K, 3% used [0xb2da0000,0xb2dc4000,0xb3180000)
  to   space 4224K, 0% used [0xb2940000,0xb2940000,0xb2d60000)
 PSOldGen        total 28032K, used 24451K [0xaf8a0000, 0xb1400000, 0xb2350000)
  object space 28032K, 87% used [0xaf8a0000,0xb1080e70,0xb1400000)
 PSPermGen       total 48000K, used 28327K [0xab8a0000, 0xae780000, 0xaf8a0000)
  object space 48000K, 59% used [0xab8a0000,0xad449f88,0xae780000)

Dynamic libraries:
08048000-08052000 r-xp 00000000 08:06 4255205    /opt/sun-jdk-1.6.0.24/bin/java
08052000-08053000 rwxp 00009000 08:06 4255205    /opt/sun-jdk-1.6.0.24/bin/java
08053000-09cd5000 rwxp 00000000 00:00 0          [heap]
a28ac000-a2b8c000 r-xp 00000000 08:06 2318837    /usr/share/icons/hicolor/icon-theme.cache
a2b8c000-a5f7e000 r-xp 00000000 08:06 135034     /usr/share/icons/gnome/icon-theme.cache
a5f7e000-a5fde000 rwxs 00000000 00:04 134053908  /SYSV00000000 (deleted)
a6025000-a6347000 rwxs 00000000 00:04 134578194  /SYSV00000000 (deleted)
a6347000-a6500000 rwxs 00000000 00:04 134184984  /SYSV00000000 (deleted)
a6500000-a657a000 rwxp 00000000 00:00 0 
a657a000-a6600000 ---p 00000000 00:00 0 
a66af000-a66b5000 rwxs 00000000 00:04 134545443  /SYSV00000000 (deleted)
a6700000-a67f7000 rwxp 00000000 00:00 0 
a67f7000-a6800000 ---p 00000000 00:00 0 
a6811000-a6826000 r-xp 00000000 08:06 5750904    /opt/sun-jdk-1.6.0.24/jre/lib/i386/libdcpr.so
a6826000-a6839000 rwxp 00014000 08:06 5750904    /opt/sun-jdk-1.6.0.24/jre/lib/i386/libdcpr.so
a6839000-a68ff000 r-xp 00000000 08:06 5750893    /opt/sun-jdk-1.6.0.24/jre/lib/i386/libmlib_image.so
a68ff000-a6900000 rwxp 000c5000 08:06 5750893    /opt/sun-jdk-1.6.0.24/jre/lib/i386/libmlib_image.so
a6900000-a69f7000 rwxp 00000000 00:00 0 
a69f7000-a6a00000 ---p 00000000 00:00 0 
a6a0b000-a6a11000 rwxs 00000000 00:04 134479905  /SYSV00000000 (deleted)
a6a11000-a6a17000 rwxs 00000000 00:04 134447136  /SYSV00000000 (deleted)
a6a17000-a6a1a000 rwxs 00000000 00:04 134414367  /SYSV00000000 (deleted)
a6a1a000-a6a1d000 rwxs 00000000 00:04 134381598  /SYSV00000000 (deleted)
a6a1d000-a6a30000 rwxs 00000000 00:04 134348829  /SYSV00000000 (deleted)
a6a30000-a6a43000 rwxs 00000000 00:04 134316060  /SYSV00000000 (deleted)
a6a43000-a6a56000 rwxs 00000000 00:04 134283291  /SYSV00000000 (deleted)
a6a56000-a6a69000 rwxs 00000000 00:04 134250522  /SYSV00000000 (deleted)
a6a69000-a6aad000 r-xp 00000000 08:06 5784141    /usr/lib/libdbus-1.so.3.5.3
a6aad000-a6aae000 r-xp 00043000 08:06 5784141    /usr/lib/libdbus-1.so.3.5.3
a6aae000-a6aaf000 rwxp 00044000 08:06 5784141    /usr/lib/libdbus-1.so.3.5.3
a6aaf000-a6ab2000 ---p 00000000 00:00 0 
a6ab2000-a6b00000 rwxp 00000000 00:00 0 
a6b00000-a6bf2000 rwxp 00000000 00:00 0 
a6bf2000-a6c00000 ---p 00000000 00:00 0 
a6c00000-a6ce1000 rwxp 00000000 00:00 0 
a6ce1000-a6d00000 ---p 00000000 00:00 0 
a6d00000-a6dfc000 rwxp 00000000 00:00 0 
a6dfc000-a6e00000 ---p 00000000 00:00 0 
a6e10000-a6e1c000 rwxs 00000000 00:04 134152215  /SYSV00000000 (deleted)
a6e1c000-a6e28000 rwxs 00000000 00:04 134119446  /SYSV00000000 (deleted)
a6e28000-a6e42000 rwxs 00000000 00:04 134086677  /SYSV00000000 (deleted)
a6e42000-a6e58000 r-xp 00000000 08:06 5670111    /usr/lib/libgvfscommon.so.0.0.0
a6e58000-a6e59000 r-xp 00015000 08:06 5670111    /usr/lib/libgvfscommon.so.0.0.0
a6e59000-a6e5a000 rwxp 00016000 08:06 5670111    /usr/lib/libgvfscommon.so.0.0.0
a6e5b000-a6e77000 r-xs 00000000 08:06 2796614    /usr/share/mime/mime.cache
a6e77000-a6e89000 r-xp 00000000 08:06 5670056    /usr/lib/gio/modules/libgioremote-volume-monitor.so
a6e89000-a6e8a000 r-xp 00011000 08:06 5670056    /usr/lib/gio/modules/libgioremote-volume-monitor.so
a6e8a000-a6e8b000 rwxp 00012000 08:06 5670056    /usr/lib/gio/modules/libgioremote-volume-monitor.so
a6e8b000-a6eaf000 r-xp 00000000 08:06 5278573    /usr/share/icons/Foxtrot/icon-theme.cache
a6eaf000-a6eb2000 ---p 00000000 00:00 0 
a6eb2000-a6f00000 rwxp 00000000 00:00 0 
a6f00000-a6fec000 rwxp 00000000 00:00 0 
a6fec000-a7000000 ---p 00000000 00:00 0 
a7000000-a70fc000 rwxp 00000000 00:00 0 
a70fc000-a7100000 ---p 00000000 00:00 0 
a7100000-a71f3000 rwxp 00000000 00:00 0 
a71f3000-a7200000 ---p 00000000 00:00 0 
a7204000-a720c000 rwxs 00000000 00:04 134217753  /SYSV00000000 (deleted)
a720c000-a721f000 r-xp 00000000 08:06 2443257    /tmp/jna3559092959403818367.tmp
a721f000-a7220000 rwxp 00013000 08:06 2443257    /tmp/jna3559092959403818367.tmp
a7220000-a7226000 r-xp 00000000 08:06 5750878    /opt/sun-jdk-1.6.0.24/jre/lib/i386/libmanagement.so
a7226000-a7227000 rwxp 00005000 08:06 5750878    /opt/sun-jdk-1.6.0.24/jre/lib/i386/libmanagement.so
a7227000-a722a000 ---p 00000000 00:00 0 
a722a000-a7278000 rwxp 00000000 00:00 0 
a7278000-a727b000 ---p 00000000 00:00 0 
a727b000-a72c9000 rwxp 00000000 00:00 0 
a72c9000-a72cc000 ---p 00000000 00:00 0 
a72cc000-a731a000 rwxp 00000000 00:00 0 
a731a000-a731d000 ---p 00000000 00:00 0 
a731d000-a736b000 rwxp 00000000 00:00 0 
a736b000-a736e000 ---p 00000000 00:00 0 
a736e000-a73bc000 rwxp 00000000 00:00 0 
a73bc000-a740b000 r-xp 00000000 08:06 5620105    /usr/share/fonts/dejavu/DejaVuSansMono.ttf
a740b000-a741f000 r-xp 00000000 08:06 5612441    /usr/share/fonts/urw-fonts/n019003l.pfb
a741f000-a7421000 r-xp 00000000 08:06 6138833    /usr/lib/pango/1.6.0/modules/pango-basic-fc.so
a7421000-a7422000 r-xp 00001000 08:06 6138833    /usr/lib/pango/1.6.0/modules/pango-basic-fc.so
a7422000-a7423000 rwxp 00002000 08:06 6138833    /usr/lib/pango/1.6.0/modules/pango-basic-fc.so
a7423000-a7429000 r-xs 00000000 08:06 5743251    /var/cache/fontconfig/87f5e051180a7a75f16eb6fe7dbd3749-le32d4.cache-3
a7429000-a742f000 r-xs 00000000 08:06 5743239    /var/cache/fontconfig/acc285bc1956c3c4bc7afb41d537a85a-le32d4.cache-3
a742f000-a7431000 r-xs 00000000 08:06 5743249    /var/cache/fontconfig/76fa4b957c916922374347f144bde9da-le32d4.cache-3
a7431000-a7437000 r-xs 00000000 08:06 5743283    /var/cache/fontconfig/4460665c0f3e88acdd4c85aa2f409b99-le32d4.cache-3
a7437000-a7447000 r-xs 00000000 08:06 5743271    /var/cache/fontconfig/8d4af663993b81a124ee82e610bb31f9-le32d4.cache-3
a7447000-a7456000 r-xs 00000000 08:06 5743268    /var/cache/fontconfig/25e0aa14c68cecf4ab53db3a88a7a060-le32d4.cache-3
a7456000-a745a000 r-xs 00000000 08:06 5743282    /var/cache/fontconfig/a336a40326b5f097d6a660e43ed65741-le32d4.cache-3
a745a000-a7467000 r-xs 00000000 08:06 5743264    /var/cache/fontconfig/221fd1126b80b777db535aea535e87ba-le32d4.cache-3
a7467000-a746e000 r-xs 00000000 08:06 5743250    /var/cache/fontconfig/12b26b760a24f8b4feb03ad48a333a72-le32d4.cache-3
a746e000-a7481000 r-xs 00000000 08:06 5743270    /var/cache/fontconfig/4b5cf4386f1cde02a336ba961b4ac82d-le32d4.cache-3
a7481000-a7486000 r-xs 00000000 08:06 5743269    /var/cache/fontconfig/d62e99ef547d1d24cdb1bd22ec1a2976-le32d4.cache-3
a7486000-a7489000 r-xs 00000000 08:06 5743252    /var/cache/fontconfig/f6b893a7224233d96cb72fd88691c0b4-le32d4.cache-3
a7489000-a748e000 r-xs 00000000 08:06 5744393    /var/cache/fontconfig/f349e9996a5320f6dd491cedd2b1f964-le32d4.cache-3
a748e000-a74cf000 r-xs 00000000 08:06 5743247    /var/cache/fontconfig/17090aa38d5c6f09fb8c5c354938f1d7-le32d4.cache-3
a74cf000-a7510000 r-xs 00000000 08:06 5743245    /var/cache/fontconfig/df311e82a1a24c41a75c2c930223552e-le32d4.cache-3
a7a8b000-a7a98000 rwxs 00000000 00:04 137134130  /SYSV00000000 (deleted)
a7a98000-a7aa5000 rwxs 00000000 00:04 137101361  /SYSV00000000 (deleted)
a7aa5000-a7ab8000 rwxs 00000000 00:04 137068598  /SYSV00000000 (deleted)
a7ab8000-a7acb000 rwxs 00000000 00:04 137035829  /SYSV00000000 (deleted)
a7acb000-a7ad1000 rwxs 002e3000 08:06 955512     /tmp/imagine_-16039307380248262967062930902103738857imgdata
a7ad1000-a7ad8000 rwxs 002dd000 08:06 955512     /tmp/imagine_-16039307380248262967062930902103738857imgdata
a7ad8000-a7ade000 rwxs 002d8000 08:06 955512     /tmp/imagine_-16039307380248262967062930902103738857imgdata
a7ade000-a7ae4000 rwxs 002d3000 08:06 955512     /tmp/imagine_-16039307380248262967062930902103738857imgdata
a7ae4000-a7aea000 rwxs 002cd000 08:06 955512     /tmp/imagine_-16039307380248262967062930902103738857imgdata
a7aea000-a7af0000 rwxs 002c8000 08:06 955512     /tmp/imagine_-16039307380248262967062930902103738857imgdata
a7af0000-a7af7000 rwxs 002c2000 08:06 955512     /tmp/imagine_-16039307380248262967062930902103738857imgdata
a7af7000-a7afd000 rwxs 002bd000 08:06 955512     /tmp/imagine_-16039307380248262967062930902103738857imgdata
a7afd000-a7b25000 rwxs 00296000 08:06 955512     /tmp/imagine_-16039307380248262967062930902103738857imgdata
a7b25000-a7b4d000 rwxs 0026f000 08:06 955512     /tmp/imagine_-16039307380248262967062930902103738857imgdata
a7b4d000-a7ba5000 rwxs 00000000 00:04 136642600  /SYSV00000000 (deleted)
a7ba5000-a7bb8000 rwxs 00000000 00:04 135266343  /SYSV00000000 (deleted)
a7bb8000-a7bcb000 rwxs 00000000 00:04 135233573  /SYSV00000000 (deleted)
a7bcc000-a7bdf000 rwxs 00000000 00:04 136806444  /SYSV00000000 (deleted)
a7bdf000-a7bf2000 rwxs 00000000 00:04 136773673  /SYSV00000000 (deleted)
a7bf2000-a7bf6000 rwxs 0025e000 08:06 955512     /tmp/imagine_-16039307380248262967062930902103738857imgdata
a7bf6000-a7bf8000 rwxs 0025c000 08:06 955512     /tmp/imagine_-16039307380248262967062930902103738857imgdata
a7bf8000-a7bfe000 rwxs 00000000 00:04 137003060  /SYSV00000000 (deleted)
a7bfe000-a7c04000 rwxs 00000000 00:04 136970291  /SYSV00000000 (deleted)
a7c0e000-a7c14000 rwxs 00000000 00:04 136871984  /SYSV00000000 (deleted)
a7c14000-a7c1a000 rwxs 00000000 00:04 136839213  /SYSV00000000 (deleted)
a7c1a000-a7c1c000 rwxs 00265000 08:06 955512     /tmp/imagine_-16039307380248262967062930902103738857imgdata
a7c1c000-a7c29000 rwxs 00000000 00:04 136740907  /SYSV00000000 (deleted)
a7c29000-a7c43000 rwxs 00000000 00:04 136675384  /SYSV00000000 (deleted)
a7c43000-a7c50000 rwxs 00000000 00:04 136708138  /SYSV00000000 (deleted)
a7c50000-a7c5c000 rwxs 00000000 00:04 135069743  /SYSV00000000 (deleted)
a7c5c000-a7c68000 rwxs 00000000 00:04 135036974  /SYSV00000000 (deleted)
a7c68000-a7c69000 rwxs 00266000 08:06 955512     /tmp/imagine_-16039307380248262967062930902103738857imgdata
a7c69000-a7c6b000 rwxs 00264000 08:06 955512     /tmp/imagine_-16039307380248262967062930902103738857imgdata
a7c6b000-a7c6c000 rwxs 0025b000 08:06 955512     /tmp/imagine_-16039307380248262967062930902103738857imgdata
a7c6c000-a7c6e000 rwxs 00263000 08:06 955512     /tmp/imagine_-16039307380248262967062930902103738857imgdata
a7c6e000-a7c72000 r-xp 00000000 08:06 5785636    /lib/libuuid.so.1.3.0
a7c72000-a7c73000 r-xp 00003000 08:06 5785636    /lib/libuuid.so.1.3.0
a7c73000-a7c74000 rwxp 00004000 08:06 5785636    /lib/libuuid.so.1.3.0
a7c74000-a7c8f000 r-xp 00000000 08:06 1045328    /usr/lib/gcc/i686-pc-linux-gnu/4.4.5/libgcc_s.so.1
a7c8f000-a7c90000 r-xp 0001a000 08:06 1045328    /usr/lib/gcc/i686-pc-linux-gnu/4.4.5/libgcc_s.so.1
a7c90000-a7c91000 rwxp 0001b000 08:06 1045328    /usr/lib/gcc/i686-pc-linux-gnu/4.4.5/libgcc_s.so.1
a7c91000-a7d7a000 r-xp 00000000 08:06 1045323    /usr/lib/gcc/i686-pc-linux-gnu/4.4.5/libstdc++.so.6.0.13
a7d7a000-a7d7b000 ---p 000e9000 08:06 1045323    /usr/lib/gcc/i686-pc-linux-gnu/4.4.5/libstdc++.so.6.0.13
a7d7b000-a7d7f000 r-xp 000e9000 08:06 1045323    /usr/lib/gcc/i686-pc-linux-gnu/4.4.5/libstdc++.so.6.0.13
a7d7f000-a7d80000 rwxp 000ed000 08:06 1045323    /usr/lib/gcc/i686-pc-linux-gnu/4.4.5/libstdc++.so.6.0.13
a7d80000-a7d87000 rwxp 00000000 00:00 0 
a7d87000-a7da1000 r-xp 00000000 08:06 6136357    /usr/lib/libICE.so.6.3.0
a7da1000-a7da2000 r-xp 00019000 08:06 6136357    /usr/lib/libICE.so.6.3.0
a7da2000-a7da3000 rwxp 0001a000 08:06 6136357    /usr/lib/libICE.so.6.3.0
a7da3000-a7da5000 rwxp 00000000 00:00 0 
a7da5000-a7dad000 r-xp 00000000 08:06 6136668    /usr/lib/libSM.so.6.0.1
a7dad000-a7dae000 r-xp 00007000 08:06 6136668    /usr/lib/libSM.so.6.0.1
a7dae000-a7daf000 rwxp 00008000 08:06 6136668    /usr/lib/libSM.so.6.0.1
a7daf000-a7db7000 r-xp 00000000 08:06 5688349    /usr/lib/libltdl.so.7.2.2
a7db7000-a7db8000 ---p 00008000 08:06 5688349    /usr/lib/libltdl.so.7.2.2
a7db8000-a7db9000 r-xp 00008000 08:06 5688349    /usr/lib/libltdl.so.7.2.2
a7db9000-a7dba000 rwxp 00009000 08:06 5688349    /usr/lib/libltdl.so.7.2.2
a7dba000-a7dfe000 r-xp 00000000 08:06 5808715    /usr/lib/libvorbis.so.0.4.4
a7dfe000-a7dff000 r-xp 00043000 08:06 5808715    /usr/lib/libvorbis.so.0.4.4
a7dff000-a7e00000 rwxp 00044000 08:06 5808715    /usr/lib/libvorbis.so.0.4.4
a7e00000-a7e0a000 r-xp 00000000 08:06 5808803    /usr/lib/libvorbisfile.so.3.3.2
a7e0a000-a7e0b000 r-xp 00009000 08:06 5808803    /usr/lib/libvorbisfile.so.3.3.2
a7e0b000-a7e0c000 rwxp 0000a000 08:06 5808803    /usr/lib/libvorbisfile.so.3.3.2
a7e0c000-a80e4000 r-xp 00000000 08:06 639950     /usr/lib/qt4/libQtCore.so.4.6.3
a80e4000-a80eb000 r-xp 002d7000 08:06 639950     /usr/lib/qt4/libQtCore.so.4.6.3
a80eb000-a80ec000 rwxp 002de000 08:06 639950     /usr/lib/qt4/libQtCore.so.4.6.3
a80ec000-a8c99000 r-xp 00000000 08:06 6171012    /usr/lib/qt4/libQtGui.so.4.6.3
a8c99000-a8cb9000 r-xp 00bad000 08:06 6171012    /usr/lib/qt4/libQtGui.so.4.6.3
a8cb9000-a8cbc000 rwxp 00bcd000 08:06 6171012    /usr/lib/qt4/libQtGui.so.4.6.3
a8cbc000-a8cbf000 rwxp 00000000 00:00 0 
a8cbf000-a8cc0000 rwxs 00263000 08:06 955512     /tmp/imagine_-16039307380248262967062930902103738857imgdata
a8cc0000-a8cc2000 rwxs 00262000 08:06 955512     /tmp/imagine_-16039307380248262967062930902103738857imgdata
a8cc2000-a8cc3000 rwxs 00262000 08:06 955512     /tmp/imagine_-16039307380248262967062930902103738857imgdata
a8cc3000-a8cc4000 rwxs 00261000 08:06 955512     /tmp/imagine_-16039307380248262967062930902103738857imgdata
a8cc4000-a8cc6000 rwxs 00261000 08:06 955512     /tmp/imagine_-16039307380248262967062930902103738857imgdata
a8cc6000-a8cc8000 rwxs 0025d000 08:06 955512     /tmp/imagine_-16039307380248262967062930902103738857imgdata
a8cc8000-a8cc9000 rwxs 0025e000 08:06 955512     /tmp/imagine_-16039307380248262967062930902103738857imgdata
a8cc9000-a8ccc000 rwxs 0025b000 08:06 955512     /tmp/imagine_-16039307380248262967062930902103738857imgdata
a8cce000-a8cd1000 rwxs 00000000 00:04 135757860  /SYSV00000000 (deleted)
a8cd1000-a8cd4000 rwxs 00000000 00:04 135725090  /SYSV00000000 (deleted)
a8cd4000-a8cdc000 r-xs 00115000 08:06 1125208    /opt/sun-jdk-1.6.0.24/jre/lib/resources.jar
a8cdc000-a8d0f000 r-xp 00000000 08:06 5679654    /usr/lib/gtk-2.0/2.10.0/engines/libclearlooks.so
a8d0f000-a8d10000 r-xp 00032000 08:06 5679654    /usr/lib/gtk-2.0/2.10.0/engines/libclearlooks.so
a8d10000-a8d11000 rwxp 00033000 08:06 5679654    /usr/lib/gtk-2.0/2.10.0/engines/libclearlooks.so
a8d11000-a8d23000 r-xp 00000000 08:06 5582016    /usr/lib/libxcb-glx.so.0.0.0
a8d23000-a8d24000 r-xp 00012000 08:06 5582016    /usr/lib/libxcb-glx.so.0.0.0
a8d24000-a8d25000 rwxp 00013000 08:06 5582016    /usr/lib/libxcb-glx.so.0.0.0
a8d25000-a8d36000 r-xp 00000000 08:06 5682050    /lib/libresolv-2.11.3.so
a8d36000-a8d37000 r-xp 00010000 08:06 5682050    /lib/libresolv-2.11.3.so
a8d37000-a8d38000 rwxp 00011000 08:06 5682050    /lib/libresolv-2.11.3.so
a8d38000-a8d3a000 rwxp 00000000 00:00 0 
a8d3a000-a8d65000 r-xp 00000000 08:06 5768985    /usr/lib/libexpat.so.1.5.2
a8d65000-a8d67000 r-xp 0002a000 08:06 5768985    /usr/lib/libexpat.so.1.5.2
a8d67000-a8d68000 rwxp 0002c000 08:06 5768985    /usr/lib/libexpat.so.1.5.2
a8d68000-a8e24000 r-xp 00000000 08:06 5695572    /usr/lib/libfreetype.so.6.6.2
a8e24000-a8e28000 r-xp 000bb000 08:06 5695572    /usr/lib/libfreetype.so.6.6.2
a8e28000-a8e29000 rwxp 000bf000 08:06 5695572    /usr/lib/libfreetype.so.6.6.2
a8e29000-a8e83000 r-xp 00000000 08:06 5704501    /usr/lib/opengl/xorg-x11/lib/libGL.so.1.2
a8e83000-a8e84000 ---p 0005a000 08:06 5704501    /usr/lib/opengl/xorg-x11/lib/libGL.so.1.2
a8e84000-a8e89000 r-xp 0005a000 08:06 5704501    /usr/lib/opengl/xorg-x11/lib/libGL.so.1.2
a8e89000-a8e8f000 rwxp 0005f000 08:06 5704501    /usr/lib/opengl/xorg-x11/lib/libGL.so.1.2
a8e8f000-a8e90000 rwxp 00000000 00:00 0 
a8e90000-a8ecd000 r-xp 00000000 08:06 5661852    /usr/lib/libpng14.so.14.5.0
a8ecd000-a8ece000 r-xp 0003c000 08:06 5661852    /usr/lib/libpng14.so.14.5.0
a8ece000-a8ecf000 rwxp 0003d000 08:06 5661852    /usr/lib/libpng14.so.14.5.0
a8ecf000-a8ff1000 r-xp 00000000 08:06 5795455    /usr/lib/libglib-2.0.so.0.2800.5
a8ff1000-a8ff2000 r-xp 00121000 08:06 5795455    /usr/lib/libglib-2.0.so.0.2800.5
a8ff2000-a8ff3000 rwxp 00122000 08:06 5795455    /usr/lib/libglib-2.0.so.0.2800.5
a8ff3000-a90fe000 r-xp 00000000 08:06 5795458    /usr/lib/libgio-2.0.so.0.2800.5
a90fe000-a90ff000 ---p 0010b000 08:06 5795458    /usr/lib/libgio-2.0.so.0.2800.5
a90ff000-a9101000 r-xp 0010b000 08:06 5795458    /usr/lib/libgio-2.0.so.0.2800.5
a9101000-a9102000 rwxp 0010d000 08:06 5795458    /usr/lib/libgio-2.0.so.0.2800.5
a9102000-a9103000 rwxp 00000000 00:00 0 
a9103000-a9225000 r-xp 00000000 08:06 6144466    /usr/lib/libcairo.so.2.11000.2
a9225000-a9226000 ---p 00122000 08:06 6144466    /usr/lib/libcairo.so.2.11000.2
a9226000-a9229000 r-xp 00122000 08:06 6144466    /usr/lib/libcairo.so.2.11000.2
a9229000-a922a000 rwxp 00125000 08:06 6144466    /usr/lib/libcairo.so.2.11000.2
a922a000-a922e000 rwxp 00000000 00:00 0 
a922e000-a95f8000 r-xp 00000000 08:06 5653683    /usr/lib/libgtk-x11-2.0.so.0.2200.1
a95f8000-a95fc000 r-xp 003ca000 08:06 5653683    /usr/lib/libgtk-x11-2.0.so.0.2200.1
a95fc000-a95fe000 rwxp 003ce000 08:06 5653683    /usr/lib/libgtk-x11-2.0.so.0.2200.1
a95fe000-a9600000 rwxp 00000000 00:00 0 
a9600000-a97f9000 rwxp 00000000 00:00 0 
a97f9000-a9800000 ---p 00000000 00:00 0 
a9800000-a98ff000 rwxp 00000000 00:00 0 
a98ff000-a9900000 ---p 00000000 00:00 0 
a9902000-a990d000 r-xp 00000000 08:06 6136632    /usr/lib/libdrm.so.2.4.0
a990d000-a990e000 r-xp 0000a000 08:06 6136632    /usr/lib/libdrm.so.2.4.0
a990e000-a990f000 rwxp 0000b000 08:06 6136632    /usr/lib/libdrm.so.2.4.0
a990f000-a992d000 r-xp 00000000 08:06 5669174    /lib/libz.so.1.2.5
a992d000-a992e000 r-xp 0001d000 08:06 5669174    /lib/libz.so.1.2.5
a992e000-a992f000 rwxp 0001e000 08:06 5669174    /lib/libz.so.1.2.5
a992f000-a99b4000 r-xp 00000000 08:06 6136517    /usr/lib/libpixman-1.so.0.20.2
a99b4000-a99b6000 r-xp 00085000 08:06 6136517    /usr/lib/libpixman-1.so.0.20.2
a99b6000-a99b7000 rwxp 00087000 08:06 6136517    /usr/lib/libpixman-1.so.0.20.2
a99b7000-a99fe000 r-xp 00000000 08:06 5795456    /usr/lib/libgobject-2.0.so.0.2800.5
a99fe000-a99ff000 r-xp 00046000 08:06 5795456    /usr/lib/libgobject-2.0.so.0.2800.5
a99ff000-a9a00000 rwxp 00047000 08:06 5795456    /usr/lib/libgobject-2.0.so.0.2800.5
a9a00000-a9add000 rwxp 00000000 00:00 0 
a9add000-a9b00000 ---p 00000000 00:00 0 
a9b00000-a9bfd000 rwxp 00000000 00:00 0 
a9bfd000-a9c00000 ---p 00000000 00:00 0 
a9c00000-a9cfa000 rwxp 00000000 00:00 0 
a9cfa000-a9d00000 ---p 00000000 00:00 0 
a9d00000-a9d06000 r-xp 00000000 08:06 5669298    /usr/lib/libogg.so.0.7.0
a9d06000-a9d07000 r-xp 00005000 08:06 5669298    /usr/lib/libogg.so.0.7.0
a9d07000-a9d08000 rwxp 00006000 08:06 5669298    /usr/lib/libogg.so.0.7.0
a9d08000-a9d09000 r-xp 00000000 08:06 2310511    /usr/lib/libX11-xcb.so.1.0.0
a9d09000-a9d0a000 r-xp 00000000 08:06 2310511    /usr/lib/libX11-xcb.so.1.0.0
a9d0a000-a9d0b000 rwxp 00001000 08:06 2310511    /usr/lib/libX11-xcb.so.1.0.0
a9d0b000-a9d0f000 r-xp 00000000 08:06 6136396    /usr/lib/libXxf86vm.so.1.0.0
a9d0f000-a9d10000 r-xp 00003000 08:06 6136396    /usr/lib/libXxf86vm.so.1.0.0
a9d10000-a9d11000 rwxp 00004000 08:06 6136396    /usr/lib/libXxf86vm.so.1.0.0
a9d11000-a9d15000 r-xp 00000000 08:06 5794877    /usr/lib/libgthread-2.0.so.0.2800.5
a9d15000-a9d16000 r-xp 00003000 08:06 5794877    /usr/lib/libgthread-2.0.so.0.2800.5
a9d16000-a9d17000 rwxp 00004000 08:06 5794877    /usr/lib/libgthread-2.0.so.0.2800.5
a9d17000-a9d27000 r-xp 00000000 08:06 5704502    /usr/lib/libEGL.so.1.0
a9d27000-a9d28000 r-xp 0000f000 08:06 5704502    /usr/lib/libEGL.so.1.0
a9d28000-a9d29000 rwxp 00010000 08:06 5704502    /usr/lib/libEGL.so.1.0
a9d29000-a9d5e000 r-xp 00000000 08:06 5695749    /usr/lib/libfontconfig.so.1.4.4
a9d5e000-a9d5f000 r-xp 00035000 08:06 5695749    /usr/lib/libfontconfig.so.1.4.4
a9d5f000-a9d60000 rwxp 00036000 08:06 5695749    /usr/lib/libfontconfig.so.1.4.4
a9d60000-a9e54000 rwxs 00000000 00:04 133988365  /SYSV00000000 (deleted)
a9e54000-a9e56000 r-xs 00000000 08:06 5743279    /var/cache/fontconfig/5a8e70faeac692eefe28f2b44727cf4d-le32d4.cache-3
a9e56000-a9e5d000 r-xp 00000000 08:06 5582032    /usr/lib/libxcb-render.so.0.0.0
a9e5d000-a9e5e000 r-xp 00006000 08:06 5582032    /usr/lib/libxcb-render.so.0.0.0
a9e5e000-a9e5f000 rwxp 00007000 08:06 5582032    /usr/lib/libxcb-render.so.0.0.0
a9e5f000-a9e61000 r-xp 00000000 08:06 5582040    /usr/lib/libxcb-shm.so.0.0.0
a9e61000-a9e62000 r-xp 00001000 08:06 5582040    /usr/lib/libxcb-shm.so.0.0.0
a9e62000-a9e63000 rwxp 00002000 08:06 5582040    /usr/lib/libxcb-shm.so.0.0.0
a9e63000-a9e65000 r-xp 00000000 08:06 6136228    /usr/lib/libXdamage.so.1.1.0
a9e65000-a9e66000 r-xp 00001000 08:06 6136228    /usr/lib/libXdamage.so.1.1.0
a9e66000-a9e67000 rwxp 00002000 08:06 6136228    /usr/lib/libXdamage.so.1.1.0
a9e67000-a9eb0000 r-xp 00000000 08:06 6138932    /usr/lib/libpango-1.0.so.0.2800.3
a9eb0000-a9eb1000 ---p 00049000 08:06 6138932    /usr/lib/libpango-1.0.so.0.2800.3
a9eb1000-a9eb2000 r-xp 00049000 08:06 6138932    /usr/lib/libpango-1.0.so.0.2800.3
a9eb2000-a9eb3000 rwxp 0004a000 08:06 6138932    /usr/lib/libpango-1.0.so.0.2800.3
a9eb3000-a9edf000 r-xp 00000000 08:06 6138934    /usr/lib/libpangoft2-1.0.so.0.2800.3
a9edf000-a9ee0000 r-xp 0002c000 08:06 6138934    /usr/lib/libpangoft2-1.0.so.0.2800.3
a9ee0000-a9ee1000 rwxp 0002d000 08:06 6138934    /usr/lib/libpangoft2-1.0.so.0.2800.3
a9ee1000-a9efe000 r-xp 00000000 08:06 6138205    /usr/lib/libgdk_pixbuf-2.0.so.0.2200.1
a9efe000-a9eff000 r-xp 0001c000 08:06 6138205    /usr/lib/libgdk_pixbuf-2.0.so.0.2200.1
a9eff000-a9f00000 rwxp 0001d000 08:06 6138205    /usr/lib/libgdk_pixbuf-2.0.so.0.2200.1
a9f00000-aa000000 rwxp 00000000 00:00 0 
aa001000-aa003000 r-xp 00000000 08:06 6136665    /usr/lib/libXcomposite.so.1.0.0
aa003000-aa004000 r-xp 00001000 08:06 6136665    /usr/lib/libXcomposite.so.1.0.0
aa004000-aa005000 rwxp 00002000 08:06 6136665    /usr/lib/libXcomposite.so.1.0.0
aa005000-aa00c000 r-xp 00000000 08:06 6136448    /usr/lib/libXrandr.so.2.2.0
aa00c000-aa00d000 r-xp 00006000 08:06 6136448    /usr/lib/libXrandr.so.2.2.0
aa00d000-aa00e000 rwxp 00007000 08:06 6136448    /usr/lib/libXrandr.so.2.2.0
aa00e000-aa011000 r-xp 00000000 08:06 5794869    /usr/lib/libgmodule-2.0.so.0.2800.5
aa011000-aa012000 r-xp 00002000 08:06 5794869    /usr/lib/libgmodule-2.0.so.0.2800.5
aa012000-aa013000 rwxp 00003000 08:06 5794869    /usr/lib/libgmodule-2.0.so.0.2800.5
aa013000-aa02e000 r-xp 00000000 08:06 5778595    /usr/lib/libatk-1.0.so.0.3209.1
aa02e000-aa02f000 r-xp 0001b000 08:06 5778595    /usr/lib/libatk-1.0.so.0.3209.1
aa02f000-aa030000 rwxp 0001c000 08:06 5778595    /usr/lib/libatk-1.0.so.0.3209.1
aa030000-aa03c000 r-xp 00000000 08:06 6138928    /usr/lib/libpangocairo-1.0.so.0.2800.3
aa03c000-aa03d000 r-xp 0000b000 08:06 6138928    /usr/lib/libpangocairo-1.0.so.0.2800.3
aa03d000-aa03e000 rwxp 0000c000 08:06 6138928    /usr/lib/libpangocairo-1.0.so.0.2800.3
aa03e000-aa0d5000 r-xp 00000000 08:06 5655445    /usr/lib/libgdk-x11-2.0.so.0.2200.1
aa0d5000-aa0d7000 r-xp 00097000 08:06 5655445    /usr/lib/libgdk-x11-2.0.so.0.2200.1
aa0d7000-aa0d8000 rwxp 00099000 08:06 5655445    /usr/lib/libgdk-x11-2.0.so.0.2200.1
aa0d9000-aa0e6000 r-xp 00000000 08:06 5605581    /usr/lib/libcanberra.so.0.2.4
aa0e6000-aa0e7000 r-xp 0000d000 08:06 5605581    /usr/lib/libcanberra.so.0.2.4
aa0e7000-aa0e8000 rwxp 0000e000 08:06 5605581    /usr/lib/libcanberra.so.0.2.4
aa0e8000-aa0ec000 r-xp 00000000 08:06 5605538    /usr/lib/libcanberra-gtk.so.0.1.7
aa0ec000-aa0ed000 r-xp 00003000 08:06 5605538    /usr/lib/libcanberra-gtk.so.0.1.7
aa0ed000-aa0ee000 rwxp 00004000 08:06 5605538    /usr/lib/libcanberra-gtk.so.0.1.7
aa0ee000-aa0f3000 r-xp 00000000 08:06 5605559    /usr/lib/gtk-2.0/modules/libcanberra-gtk-module.so
aa0f3000-aa0f4000 r-xp 00004000 08:06 5605559    /usr/lib/gtk-2.0/modules/libcanberra-gtk-module.so
aa0f4000-aa0f5000 rwxp 00005000 08:06 5605559    /usr/lib/gtk-2.0/modules/libcanberra-gtk-module.so
aa0f5000-aa0f7000 r-xs 00002000 08:06 6120241    /home/tim/work/imagine~hg/Imagine/application/target/imagine/imagine/modules/net-dev-java-imagine-effectsui.jar
aa0f7000-aa0fe000 r-xs 0004d000 08:06 6103966    /home/tim/work/imagine~hg/Imagine/application/target/imagine/imagine/modules/ext/com.jhlabs/filters-2.0.235.jar
aa0fe000-aa100000 r-xs 00003000 08:06 6120275    /home/tim/work/imagine~hg/Imagine/application/target/imagine/imagine/modules/net-dev-java-imagine-fx.jar
aa100000-aa1c7000 rwxp 00000000 00:00 0 
aa1c7000-aa200000 ---p 00000000 00:00 0 
aa200000-aa2fd000 rwxp 00000000 00:00 0 
aa2fd000-aa300000 ---p 00000000 00:00 0 
aa300000-aa3c5000 rwxp 00000000 00:00 0 
aa3c5000-aa400000 ---p 00000000 00:00 0 
aa400000-aa402000 r-xs 00008000 08:06 6120239    /home/tim/work/imagine~hg/Imagine/application/target/imagine/imagine/modules/net-dev-java-imagine-effects.jar
aa402000-aa404000 r-xs 0000b000 08:06 6120247    /home/tim/work/imagine~hg/Imagine/application/target/imagine/imagine/modules/net-dev-java-imagine-layers-raster.jar
aa404000-aa406000 r-xs 00008000 08:06 6120271    /home/tim/work/imagine~hg/Imagine/application/target/imagine/imagine/modules/net-dev-java-imagine-layers-text-widget.jar
aa406000-aa408000 r-xs 00008000 08:06 6120246    /home/tim/work/imagine~hg/Imagine/application/target/imagine/imagine/modules/net-dev-java-imagine-layersui.jar
aa408000-aa40a000 r-xs 00005000 08:06 6120248    /home/tim/work/imagine~hg/Imagine/application/target/imagine/imagine/modules/net-dev-java-imagine-misc-nio.jar
aa40a000-aa443000 rwxs 00000000 00:04 133955596  /SYSV00000000 (deleted)
aa443000-aa444000 r-xs 0001c000 08:06 491558     /home/tim/work/imagine~hg/Imagine/application/target/imagine/imagine/modules/ext/org.swinglabs/swing-layout-1.0.3.jar
aa444000-aa448000 r-xs 00019000 08:06 6120249    /home/tim/work/imagine~hg/Imagine/application/target/imagine/imagine/modules/net-dev-java-imagine-paintui2.jar
aa448000-aa44a000 r-xs 00001000 08:06 6120250    /home/tim/work/imagine~hg/Imagine/application/target/imagine/imagine/modules/net-dev-java-imagine-toolconfigurationui.jar
aa44a000-aa44e000 r-xs 0001a000 08:06 5665919    /home/tim/work/imagine~hg/Imagine/application/target/imagine/imagine/modules/net-dev-java-imagine-tools.jar
aa44e000-aa44f000 r-xs 00006000 08:06 5730079    /home/tim/work/imagine~hg/Imagine/application/target/imagine/imagine/modules/net-dev-java-imagine-splines.jar
aa44f000-aa451000 r-xs 00006000 08:06 5665920    /home/tim/work/imagine~hg/Imagine/application/target/imagine/imagine/modules/net-dev-java-imagine-toolcustomizers.jar
aa451000-aa454000 r-xs 00017000 08:06 5665916    /home/tim/work/imagine~hg/Imagine/application/target/imagine/imagine/modules/net-dev-java-imagine-colorchooser.jar
aa454000-aa457000 r-xs 0000f000 08:06 5665921    /home/tim/work/imagine~hg/Imagine/application/target/imagine/imagine/modules/net-dev-java-imagine-misc-swing.jar
aa457000-aa459000 r-xs 00006000 08:06 6120272    /home/tim/work/imagine~hg/Imagine/application/target/imagine/imagine/modules/net-dev-java-imagine-vectorlayers.jar
aa459000-aa45d000 r-xs 00013000 08:06 5665917    /home/tim/work/imagine~hg/Imagine/application/target/imagine/imagine/modules/net-dev-java-imagine-paintapi.jar
aa45d000-aa460000 r-xs 00017000 08:06 6120273    /home/tim/work/imagine~hg/Imagine/application/target/imagine/imagine/modules/net-dev-java-imagine-vector.jar
aa460000-aa462000 r-xs 0000d000 08:06 5665918    /home/tim/work/imagine~hg/Imagine/application/target/imagine/imagine/modules/net-java-dev-imagine-toolsapi.jar
aa462000-aa46e000 r-xs 00142000 08:06 516112     /home/tim/work/imagine~hg/Imagine/application/target/imagine/platform/modules/org-netbeans-api-visual.jar
aa46e000-aa470000 r-xs 00008000 08:06 516116     /home/tim/work/imagine~hg/Imagine/application/target/imagine/platform/modules/org-netbeans-core-io-ui.jar
aa470000-aa479000 r-xs 000ba000 08:06 4851227    /home/tim/work/imagine~hg/Imagine/application/target/imagine/platform/modules/ext/platform-3.2.7.jar
aa479000-aa47a000 r-xs 00001000 08:06 516118     /home/tim/work/imagine~hg/Imagine/application/target/imagine/platform/modules/org-netbeans-core-nativeaccess.jar
aa47a000-aa47c000 r-xs 00009000 08:06 516119     /home/tim/work/imagine~hg/Imagine/application/target/imagine/platform/modules/org-netbeans-core-netigso.jar
aa47c000-aa47f000 r-xs 00050000 08:06 516121     /home/tim/work/imagine~hg/Imagine/application/target/imagine/platform/modules/org-netbeans-core-output2.jar
aa47f000-aa480000 r-xs 00000000 08:06 516133     /home/tim/work/imagine~hg/Imagine/application/target/imagine/platform/modules/org-netbeans-modules-core-kit.jar
aa480000-aa481000 r-xs 00000000 08:06 5673925    /home/tim/work/imagine~hg/Imagine/application/target/imagine/imagine/modules/locale/org-netbeans-core-windows_imagine.jar
aa481000-aa48d000 r-xs 001b9000 08:06 516124     /home/tim/work/imagine~hg/Imagine/application/target/imagine/platform/modules/org-netbeans-core-windows.jar
aa48d000-aa492000 r-xs 00041000 08:06 524329     /home/tim/work/imagine~hg/Imagine/application/target/imagine/platform/modules/ext/felix-2.0.3.jar
aa492000-aa493000 r-xs 00000000 08:06 516126     /home/tim/work/imagine~hg/Imagine/application/target/imagine/platform/modules/org-netbeans-libs-felix.jar
aa493000-aa49a000 r-xs 0002f000 08:06 524332     /home/tim/work/imagine~hg/Imagine/application/target/imagine/platform/modules/ext/osgi.cmpn-4.2.jar
aa49a000-aa49d000 r-xs 00015000 08:06 524333     /home/tim/work/imagine~hg/Imagine/application/target/imagine/platform/modules/ext/osgi.core-4.2.jar
aa49d000-aa49e000 r-xs 00000000 08:06 516129     /home/tim/work/imagine~hg/Imagine/application/target/imagine/platform/modules/org-netbeans-libs-osgi.jar
aa49e000-aa4a6000 r-xs 000e2000 08:06 516132     /home/tim/work/imagine~hg/Imagine/application/target/imagine/platform/modules/org-netbeans-modules-autoupdate-ui.jar
aa4a6000-aa4ab000 r-xs 00062000 08:06 516123     /home/tim/work/imagine~hg/Imagine/application/target/imagine/platform/modules/org-netbeans-core-ui.jar
aa4ab000-aa4ad000 r-xs 00039000 08:06 524334     /home/tim/work/imagine~hg/Imagine/application/target/imagine/platform/modules/ext/updater.jar
aa4ad000-aa4b2000 r-xs 000ac000 08:06 516131     /home/tim/work/imagine~hg/Imagine/application/target/imagine/platform/modules/org-netbeans-modules-autoupdate-services.jar
aa4b2000-aa4b4000 r-xs 0000b000 08:06 516134     /home/tim/work/imagine~hg/Imagine/application/target/imagine/platform/modules/org-netbeans-modules-editor-mimelookup-impl.jar
aa4b4000-aa4b7000 r-xs 00033000 08:06 516136     /home/tim/work/imagine~hg/Imagine/application/target/imagine/platform/modules/org-netbeans-modules-favorites.jar
aa4b7000-aa4b9000 r-xs 0000f000 08:06 516138     /home/tim/work/imagine~hg/Imagine/application/target/imagine/platform/modules/org-netbeans-modules-keyring-impl.jar
aa4b9000-aa4be000 r-xs 00071000 08:06 516140     /home/tim/work/imagine~hg/Imagine/application/target/imagine/platform/modules/org-netbeans-modules-masterfs.jar
aa4be000-aa4c2000 r-xs 000e4000 08:06 524331     /home/tim/work/imagine~hg/Imagine/application/target/imagine/platform/modules/ext/jna-3.2.7.jar
aa4c2000-aa4c4000 r-xs 00000000 08:06 516127     /home/tim/work/imagine~hg/Imagine/application/target/imagine/platform/modules/org-netbeans-libs-jna.jar
aa4c4000-aa4c8000 r-xs 0004b000 08:06 516142     /home/tim/work/imagine~hg/Imagine/application/target/imagine/platform/modules/org-netbeans-modules-options-keymap.jar
aa4c8000-aa4cc000 r-xs 00062000 08:06 516141     /home/tim/work/imagine~hg/Imagine/application/target/imagine/platform/modules/org-netbeans-modules-options-api.jar
aa4cc000-aa4d2000 r-xs 0008f000 08:06 516125     /home/tim/work/imagine~hg/Imagine/application/target/imagine/platform/modules/org-netbeans-core.jar
aa4d2000-aa4d5000 ---p 00000000 00:00 0 
aa4d5000-aa523000 rwxp 00000000 00:00 0 
aa523000-aa529000 r-xs 00000000 08:06 5743251    /var/cache/fontconfig/87f5e051180a7a75f16eb6fe7dbd3749-le32d4.cache-3
aa529000-aa52f000 r-xs 00000000 08:06 5743239    /var/cache/fontconfig/acc285bc1956c3c4bc7afb41d537a85a-le32d4.cache-3
aa52f000-aa531000 r-xs 00000000 08:06 5743249    /var/cache/fontconfig/76fa4b957c916922374347f144bde9da-le32d4.cache-3
aa531000-aa537000 r-xs 00000000 08:06 5743283    /var/cache/fontconfig/4460665c0f3e88acdd4c85aa2f409b99-le32d4.cache-3
aa537000-aa547000 r-xs 00000000 08:06 5743271    /var/cache/fontconfig/8d4af663993b81a124ee82e610bb31f9-le32d4.cache-3
aa547000-aa556000 r-xs 00000000 08:06 5743268    /var/cache/fontconfig/25e0aa14c68cecf4ab53db3a88a7a060-le32d4.cache-3
aa556000-aa55a000 r-xs 00000000 08:06 5743282    /var/cache/fontconfig/a336a40326b5f097d6a660e43ed65741-le32d4.cache-3
aa55a000-aa55c000 r-xs 00000000 08:06 5743279    /var/cache/fontconfig/5a8e70faeac692eefe28f2b44727cf4d-le32d4.cache-3
aa55c000-aa569000 r-xs 00000000 08:06 5743264    /var/cache/fontconfig/221fd1126b80b777db535aea535e87ba-le32d4.cache-3
aa569000-aa570000 r-xs 00000000 08:06 5743250    /var/cache/fontconfig/12b26b760a24f8b4feb03ad48a333a72-le32d4.cache-3
aa570000-aa583000 r-xs 00000000 08:06 5743270    /var/cache/fontconfig/4b5cf4386f1cde02a336ba961b4ac82d-le32d4.cache-3
aa583000-aa588000 r-xs 00000000 08:06 5743269    /var/cache/fontconfig/d62e99ef547d1d24cdb1bd22ec1a2976-le32d4.cache-3
aa588000-aa58b000 r-xs 00000000 08:06 5743252    /var/cache/fontconfig/f6b893a7224233d96cb72fd88691c0b4-le32d4.cache-3
aa58b000-aa590000 r-xs 00000000 08:06 5744393    /var/cache/fontconfig/f349e9996a5320f6dd491cedd2b1f964-le32d4.cache-3
aa590000-aa5d1000 r-xs 00000000 08:06 5743247    /var/cache/fontconfig/17090aa38d5c6f09fb8c5c354938f1d7-le32d4.cache-3
aa5d1000-aa612000 r-xs 00000000 08:06 5743245    /var/cache/fontconfig/df311e82a1a24c41a75c2c930223552e-le32d4.cache-3
aa612000-aa613000 rwxs 0025f000 08:06 955512     /tmp/imagine_-16039307380248262967062930902103738857imgdata
aa613000-aa615000 r-xs 00001000 08:06 516139     /home/tim/work/imagine~hg/Imagine/application/target/imagine/platform/modules/org-netbeans-modules-keyring.jar
aa615000-aa619000 r-xs 0003e000 08:06 516143     /home/tim/work/imagine~hg/Imagine/application/target/imagine/platform/modules/org-netbeans-modules-print.jar
aa619000-aa61c000 r-xs 00020000 08:06 516144     /home/tim/work/imagine~hg/Imagine/application/target/imagine/platform/modules/org-netbeans-modules-progress-ui.jar
aa61c000-aa61e000 r-xs 0003e000 08:06 516147     /home/tim/work/imagine~hg/Imagine/application/target/imagine/platform/modules/org-netbeans-modules-settings.jar
aa61e000-aa621000 r-xs 00022000 08:06 516149     /home/tim/work/imagine~hg/Imagine/application/target/imagine/platform/modules/org-netbeans-spi-quicksearch.jar
aa621000-aa62a000 r-xs 0013a000 08:06 419680     /home/tim/work/imagine~hg/Imagine/application/target/imagine/platform/modules/org-openide-loaders.jar
aa62a000-aa62d000 r-xs 00032000 08:06 516153     /home/tim/work/imagine~hg/Imagine/application/target/imagine/platform/modules/org-openide-actions.jar
aa62d000-aa63a000 r-xs 0019e000 08:06 419678     /home/tim/work/imagine~hg/Imagine/application/target/imagine/platform/modules/org-openide-explorer.jar
aa63a000-aa647000 r-xs 000de000 08:06 516152     /home/tim/work/imagine~hg/Imagine/application/target/imagine/platform/modules/org-netbeans-swing-tabcontrol.jar
aa647000-aa64a000 ---p 00000000 00:00 0 
aa64a000-aa698000 rwxp 00000000 00:00 0 
aa698000-aa69b000 ---p 00000000 00:00 0 
aa69b000-aa6e9000 rwxp 00000000 00:00 0 
aa6e9000-aa6ed000 r-xp 00000000 08:06 6136046    /usr/lib/libXfixes.so.3.1.0
aa6ed000-aa6ee000 r-xp 00003000 08:06 6136046    /usr/lib/libXfixes.so.3.1.0
aa6ee000-aa6ef000 rwxp 00004000 08:06 6136046    /usr/lib/libXfixes.so.3.1.0
aa6ef000-aa6f9000 r-xp 00000000 08:06 6136270    /usr/lib/libXrender.so.1.3.0
aa6f9000-aa6fa000 r-xp 00009000 08:06 6136270    /usr/lib/libXrender.so.1.3.0
aa6fa000-aa6fb000 rwxp 0000a000 08:06 6136270    /usr/lib/libXrender.so.1.3.0
aa6fb000-aa705000 r-xp 00000000 08:06 6136785    /usr/lib/libXcursor.so.1.0.2
aa705000-aa706000 r-xp 00009000 08:06 6136785    /usr/lib/libXcursor.so.1.0.2
aa706000-aa707000 rwxp 0000a000 08:06 6136785    /usr/lib/libXcursor.so.1.0.2
aa707000-aa70a000 ---p 00000000 00:00 0 
aa70a000-aa758000 rwxp 00000000 00:00 0 
aa758000-aa75b000 ---p 00000000 00:00 0 
aa75b000-aa7a9000 rwxp 00000000 00:00 0 
aa7a9000-aa822000 r-xp 00000000 08:06 5750880    /opt/sun-jdk-1.6.0.24/jre/lib/i386/libfontmanager.so
aa822000-aa82c000 rwxp 00078000 08:06 5750880    /opt/sun-jdk-1.6.0.24/jre/lib/i386/libfontmanager.so
aa82c000-aa831000 rwxp 00000000 00:00 0 
aa831000-aa837000 r-xp 00000000 08:06 6136272    /usr/lib/libXdmcp.so.6.0.0
aa837000-aa838000 r-xp 00005000 08:06 6136272    /usr/lib/libXdmcp.so.6.0.0
aa838000-aa839000 rwxp 00006000 08:06 6136272    /usr/lib/libXdmcp.so.6.0.0
aa839000-aa854000 r-xp 00000000 08:06 5582024    /usr/lib/libxcb.so.1.1.0
aa854000-aa855000 r-xp 0001a000 08:06 5582024    /usr/lib/libxcb.so.1.1.0
aa855000-aa856000 rwxp 0001b000 08:06 5582024    /usr/lib/libxcb.so.1.1.0
aa856000-aa865000 r-xp 00000000 08:06 6137621    /usr/lib/libXi.so.6.1.0
aa865000-aa866000 r-xp 0000e000 08:06 6137621    /usr/lib/libXi.so.6.1.0
aa866000-aa867000 rwxp 0000f000 08:06 6137621    /usr/lib/libXi.so.6.1.0
aa867000-aa9b6000 r-xp 00000000 08:06 2310512    /usr/lib/libX11.so.6.3.0
aa9b6000-aa9b7000 r-xp 0014f000 08:06 2310512    /usr/lib/libX11.so.6.3.0
aa9b7000-aa9ba000 rwxp 00150000 08:06 2310512    /usr/lib/libX11.so.6.3.0
aa9ba000-aa9fd000 r-xp 00000000 08:06 5767518    /opt/sun-jdk-1.6.0.24/jre/lib/i386/xawt/libmawt.so
aa9fd000-aa9ff000 rwxp 00043000 08:06 5767518    /opt/sun-jdk-1.6.0.24/jre/lib/i386/xawt/libmawt.so
aa9ff000-aaa00000 rwxp 00000000 00:00 0 
aaa00000-aab00000 rwxp 00000000 00:00 0 
aab00000-aab03000 r-xs 00036000 08:06 516151     /home/tim/work/imagine~hg/Imagine/application/target/imagine/platform/modules/org-netbeans-swing-plaf.jar
aab03000-aab06000 r-xp 00000000 08:06 6136263    /usr/lib/libXau.so.6.0.0
aab06000-aab07000 r-xp 00002000 08:06 6136263    /usr/lib/libXau.so.6.0.0
aab07000-aab08000 rwxp 00003000 08:06 6136263    /usr/lib/libXau.so.6.0.0
aab08000-aab0d000 r-xp 00000000 08:06 6136488    /usr/lib/libXtst.so.6.1.0
aab0d000-aab0e000 r-xp 00004000 08:06 6136488    /usr/lib/libXtst.so.6.1.0
aab0e000-aab0f000 rwxp 00005000 08:06 6136488    /usr/lib/libXtst.so.6.1.0
aab0f000-aab1f000 r-xp 00000000 08:06 6136630    /usr/lib/libXext.so.6.4.0
aab1f000-aab20000 r-xp 0000f000 08:06 6136630    /usr/lib/libXext.so.6.4.0
aab20000-aab21000 rwxp 00010000 08:06 6136630    /usr/lib/libXext.so.6.4.0
aab21000-aab22000 r-xs 00000000 08:06 5616782    /home/tim/work/imagine~hg/Imagine/application/target/imagine/imagine/modules/net-dev-java-imagine-branding.jar
aab22000-aab23000 r-xs 00000000 08:06 5673932    /home/tim/work/imagine~hg/Imagine/application/target/imagine/imagine/modules/locale/org-netbeans-core_imagine.jar
aab23000-aab25000 r-xs 0000a000 08:06 419679     /home/tim/work/imagine~hg/Imagine/application/target/imagine/platform/modules/org-openide-io.jar
aab25000-aab28000 r-xs 0003a000 08:06 516150     /home/tim/work/imagine~hg/Imagine/application/target/imagine/platform/modules/org-netbeans-swing-outline.jar
aab28000-aab2c000 r-xs 0005f000 08:06 419683     /home/tim/work/imagine~hg/Imagine/application/target/imagine/platform/modules/org-openide-text.jar
aab2c000-aab2e000 r-xs 0000b000 08:06 516135     /home/tim/work/imagine~hg/Imagine/application/target/imagine/platform/modules/org-netbeans-modules-editor-mimelookup.jar
aab2e000-aab30000 r-xs 00025000 08:06 419685     /home/tim/work/imagine~hg/Imagine/application/target/imagine/platform/modules/org-openide-windows.jar
aab30000-aab35000 r-xs 00081000 08:06 419681     /home/tim/work/imagine~hg/Imagine/application/target/imagine/platform/modules/org-openide-nodes.jar
aab35000-aab37000 r-xs 0002e000 08:06 419676     /home/tim/work/imagine~hg/Imagine/application/target/imagine/platform/modules/org-openide-dialogs.jar
aab37000-aab39000 r-xs 00010000 08:06 516111     /home/tim/work/imagine~hg/Imagine/application/target/imagine/platform/modules/org-netbeans-api-progress.jar
aab39000-aab3e000 r-xs 00086000 08:06 516154     /home/tim/work/imagine~hg/Imagine/application/target/imagine/platform/modules/org-openide-awt.jar
aab3e000-aabc2000 r-xp 00000000 08:06 5750837    /opt/sun-jdk-1.6.0.24/jre/lib/i386/libawt.so
aabc2000-aabc9000 rwxp 00084000 08:06 5750837    /opt/sun-jdk-1.6.0.24/jre/lib/i386/libawt.so
aabc9000-aabed000 rwxp 00000000 00:00 0 
aabed000-aabf0000 ---p 00000000 00:00 0 
aabf0000-aac3e000 rwxp 00000000 00:00 0 
aac3e000-aac41000 ---p 00000000 00:00 0 
aac41000-aac8f000 rwxp 00000000 00:00 0 
aac8f000-aac92000 ---p 00000000 00:00 0 
aac92000-aace0000 rwxp 00000000 00:00 0 
aace0000-aace7000 r-xp 00000000 08:06 5750902    /opt/sun-jdk-1.6.0.24/jre/lib/i386/libnio.so
aace7000-aace8000 rwxp 00006000 08:06 5750902    /opt/sun-jdk-1.6.0.24/jre/lib/i386/libnio.so
aace8000-aacfc000 r-xp 00000000 08:06 5750898    /opt/sun-jdk-1.6.0.24/jre/lib/i386/libnet.so
aacfc000-aacfd000 rwxp 00013000 08:06 5750898    /opt/sun-jdk-1.6.0.24/jre/lib/i386/libnet.so
aacfd000-aad5c000 r-xs 00baa000 08:06 4255245    /opt/sun-jdk-1.6.0.24/lib/tools.jar
aad5c000-aad5f000 ---p 00000000 00:00 0 
aad5f000-aadad000 rwxp 00000000 00:00 0 
aadad000-aadb0000 ---p 00000000 00:00 0 
aadb0000-aadfe000 rwxp 00000000 00:00 0 
aadfe000-aadff000 ---p 00000000 00:00 0 
aadff000-aae7f000 rwxp 00000000 00:00 0 
aae7f000-aae82000 ---p 00000000 00:00 0 
aae82000-aaf00000 rwxp 00000000 00:00 0 
aaf00000-aaffc000 rwxp 00000000 00:00 0 
aaffc000-ab000000 ---p 00000000 00:00 0 
ab000000-ab001000 r-xs 00002000 08:06 516109     /home/tim/work/imagine~hg/Imagine/application/target/imagine/platform/modules/org-netbeans-api-annotations-common.jar
ab001000-ab007000 r-xs 0001e000 08:06 4255247    /opt/sun-jdk-1.6.0.24/lib/dt.jar
ab007000-ab00e000 r-xs 000d0000 08:06 461457     /home/tim/work/imagine~hg/Imagine/application/target/imagine/platform/core/org-openide-filesystems.jar
ab00e000-ab013000 r-xs 000b9000 08:06 4886437    /home/tim/work/imagine~hg/Imagine/application/target/imagine/platform/core/core.jar
ab013000-ab016000 ---p 00000000 00:00 0 
ab016000-ab064000 rwxp 00000000 00:00 0 
ab064000-ab067000 ---p 00000000 00:00 0 
ab067000-ab0e5000 rwxp 00000000 00:00 0 
ab0e5000-ab0e8000 ---p 00000000 00:00 0 
ab0e8000-ab136000 rwxp 00000000 00:00 0 
ab136000-ab336000 r-xp 00000000 08:06 4776585    /usr/lib/locale/locale-archive
ab336000-ab339000 ---p 00000000 00:00 0 
ab339000-ab387000 rwxp 00000000 00:00 0 
ab387000-ab38a000 ---p 00000000 00:00 0 
ab38a000-ab3d8000 rwxp 00000000 00:00 0 
ab3d8000-ab3d9000 ---p 00000000 00:00 0 
ab3d9000-ab48d000 rwxp 00000000 00:00 0 
ab48d000-ab625000 r-xs 03027000 08:06 1125216    /opt/sun-jdk-1.6.0.24/jre/lib/rt.jar
ab625000-ab626000 ---p 00000000 00:00 0 
ab626000-ab6a6000 rwxp 00000000 00:00 0 
ab6a6000-ab6a7000 ---p 00000000 00:00 0 
ab6a7000-ab727000 rwxp 00000000 00:00 0 
ab727000-ab728000 ---p 00000000 00:00 0 
ab728000-ab7a8000 rwxp 00000000 00:00 0 
ab7a8000-ab7a9000 ---p 00000000 00:00 0 
ab7a9000-ab841000 rwxp 00000000 00:00 0 
ab841000-ab849000 rwxp 00000000 00:00 0 
ab849000-ab857000 rwxp 00000000 00:00 0 
ab857000-ab85f000 rwxp 00000000 00:00 0 
ab85f000-ab877000 rwxp 00000000 00:00 0 
ab877000-ab87f000 rwxp 00000000 00:00 0 
ab87f000-ab88d000 rwxp 00000000 00:00 0 
ab88d000-ab894000 rwxp 00000000 00:00 0 
ab894000-ab89c000 rwxp 00000000 00:00 0 
ab89c000-ab89f000 ---p 00000000 00:00 0 
ab89f000-ae780000 rwxp 00000000 00:00 0 
ae780000-af8a0000 rwxp 00000000 00:00 0 
af8a0000-b1400000 rwxp 00000000 00:00 0 
b1400000-b2350000 rwxp 00000000 00:00 0 
b2350000-b3180000 rwxp 00000000 00:00 0 
b3180000-b38a0000 ---p 00000000 00:00 0 
b38a0000-b38a2000 r-xs 0000a000 08:06 516145     /home/tim/work/imagine~hg/Imagine/application/target/imagine/platform/modules/org-netbeans-modules-queries.jar
b38a2000-b38a3000 r-xs 00088000 08:06 5722956    /home/tim/work/imagine~hg/Imagine/application/target/imagine/imagine/core/locale/core_imagine.jar
b38a3000-b38a6000 r-xs 00047000 08:06 475244     /home/tim/work/imagine~hg/Imagine/application/target/imagine/platform/lib/org-openide-util-lookup.jar
b38a6000-b38ad000 r-xs 000a7000 08:06 475245     /home/tim/work/imagine~hg/Imagine/application/target/imagine/platform/lib/org-openide-util.jar
b38ad000-b38bc000 rwxp 00000000 00:00 0 
b38bc000-b396d000 rwxp 00000000 00:00 0 
b396d000-b3d0d000 rwxp 00000000 00:00 0 
b3d0d000-b696d000 rwxp 00000000 00:00 0 
b696d000-b6977000 r-xp 00000000 08:06 5681981    /lib/libnss_files-2.11.3.so
b6977000-b6978000 r-xp 00009000 08:06 5681981    /lib/libnss_files-2.11.3.so
b6978000-b6979000 rwxp 0000a000 08:06 5681981    /lib/libnss_files-2.11.3.so
b6979000-b6982000 r-xp 00000000 08:06 5682012    /lib/libnss_nis-2.11.3.so
b6982000-b6983000 r-xp 00008000 08:06 5682012    /lib/libnss_nis-2.11.3.so
b6983000-b6984000 rwxp 00009000 08:06 5682012    /lib/libnss_nis-2.11.3.so
b6984000-b6997000 r-xp 00000000 08:06 5682028    /lib/libnsl-2.11.3.so
b6997000-b6998000 r-xp 00012000 08:06 5682028    /lib/libnsl-2.11.3.so
b6998000-b6999000 rwxp 00013000 08:06 5682028    /lib/libnsl-2.11.3.so
b6999000-b699b000 rwxp 00000000 00:00 0 
b699b000-b699c000 r-xs 00009000 08:06 475243     /home/tim/work/imagine~hg/Imagine/application/target/imagine/platform/lib/org-openide-modules.jar
b699c000-b699e000 r-xs 0005b000 08:06 4804230    /home/tim/work/imagine~hg/Imagine/application/target/imagine/platform/lib/boot.jar
b699e000-b699f000 r-xp 00e19000 08:06 4776585    /usr/lib/locale/locale-archive
b699f000-b69ae000 r-xp 00000000 08:06 5750903    /opt/sun-jdk-1.6.0.24/jre/lib/i386/libzip.so
b69ae000-b69b0000 rwxp 0000e000 08:06 5750903    /opt/sun-jdk-1.6.0.24/jre/lib/i386/libzip.so
b69b0000-b69b8000 rwxs 00000000 08:06 2443144    /tmp/hsperfdata_tim/21009
b69b8000-b69db000 r-xp 00000000 08:06 3917773    /opt/sun-jdk-1.6.0.24/jre/lib/i386/libjava.so
b69db000-b69dd000 rwxp 00023000 08:06 3917773    /opt/sun-jdk-1.6.0.24/jre/lib/i386/libjava.so
b69dd000-b69e4000 r-xp 00000000 08:06 5682015    /lib/librt-2.11.3.so
b69e4000-b69e5000 r-xp 00006000 08:06 5682015    /lib/librt-2.11.3.so
b69e5000-b69e6000 rwxp 00007000 08:06 5682015    /lib/librt-2.11.3.so
b69e6000-b69e9000 ---p 00000000 00:00 0 
b69e9000-b6a37000 rwxp 00000000 00:00 0 
b6a37000-b6a5b000 r-xp 00000000 08:06 5682026    /lib/libm-2.11.3.so
b6a5b000-b6a5c000 r-xp 00023000 08:06 5682026    /lib/libm-2.11.3.so
b6a5c000-b6a5d000 rwxp 00024000 08:06 5682026    /lib/libm-2.11.3.so
b6a5d000-b71ea000 r-xp 00000000 08:06 3765318    /opt/sun-jdk-1.6.0.24/jre/lib/i386/server/libjvm.so
b71ea000-b723d000 rwxp 0078d000 08:06 3765318    /opt/sun-jdk-1.6.0.24/jre/lib/i386/server/libjvm.so
b723d000-b765c000 rwxp 00000000 00:00 0 
b765c000-b779d000 r-xp 00000000 08:06 5682027    /lib/libc-2.11.3.so
b779d000-b779f000 r-xp 00141000 08:06 5682027    /lib/libc-2.11.3.so
b779f000-b77a0000 rwxp 00143000 08:06 5682027    /lib/libc-2.11.3.so
b77a0000-b77a4000 rwxp 00000000 00:00 0 
b77a4000-b77a6000 r-xp 00000000 08:06 5682010    /lib/libdl-2.11.3.so
b77a6000-b77a7000 r-xp 00001000 08:06 5682010    /lib/libdl-2.11.3.so
b77a7000-b77a8000 rwxp 00002000 08:06 5682010    /lib/libdl-2.11.3.so
b77a8000-b77af000 r-xp 00000000 08:06 3744522    /opt/sun-jdk-1.6.0.24/jre/lib/i386/jli/libjli.so
b77af000-b77b1000 rwxp 00006000 08:06 3744522    /opt/sun-jdk-1.6.0.24/jre/lib/i386/jli/libjli.so
b77b1000-b77c6000 r-xp 00000000 08:06 5682020    /lib/libpthread-2.11.3.so
b77c6000-b77c7000 r-xp 00014000 08:06 5682020    /lib/libpthread-2.11.3.so
b77c7000-b77c8000 rwxp 00015000 08:06 5682020    /lib/libpthread-2.11.3.so
b77c8000-b77ca000 rwxp 00000000 00:00 0 
b77ca000-b77d0000 r-xp 00000000 08:06 5682030    /lib/libnss_compat-2.11.3.so
b77d0000-b77d1000 r-xp 00006000 08:06 5682030    /lib/libnss_compat-2.11.3.so
b77d1000-b77d2000 rwxp 00007000 08:06 5682030    /lib/libnss_compat-2.11.3.so
b77d2000-b77d8000 r-xp 00000000 08:06 5783791    /opt/sun-jdk-1.6.0.24/jre/lib/i386/native_threads/libhpi.so
b77d8000-b77d9000 rwxp 00006000 08:06 5783791    /opt/sun-jdk-1.6.0.24/jre/lib/i386/native_threads/libhpi.so
b77d9000-b77da000 rwxp 00000000 00:00 0 
b77da000-b77db000 r-xp 00000000 00:00 0 
b77db000-b77e6000 r-xp 00000000 08:06 5750875    /opt/sun-jdk-1.6.0.24/jre/lib/i386/libverify.so
b77e6000-b77e7000 rwxp 0000b000 08:06 5750875    /opt/sun-jdk-1.6.0.24/jre/lib/i386/libverify.so
b77e7000-b77e8000 rwxp 00000000 00:00 0 
b77e8000-b77e9000 r-xp 00000000 00:00 0          [vdso]
b77e9000-b7805000 r-xp 00000000 08:06 5682018    /lib/ld-2.11.3.so
b7805000-b7806000 r-xp 0001b000 08:06 5682018    /lib/ld-2.11.3.so
b7806000-b7807000 rwxp 0001c000 08:06 5682018    /lib/ld-2.11.3.so
bfb29000-bfb4b000 rwxp 00000000 00:00 0          [stack]

VM Arguments:
jvm_args: -Djdk.home=/opt/sun-jdk-1.6.0.24 -Dnetbeans.system_http_proxy=DIRECT -Dnetbeans.system_http_non_proxy_hosts= -Dnetbeans.dirs=/home/tim/work/imagine~hg/Imagine/application/target/imagine/bin/../etc:/home/tim/work/imagine~hg/Imagine/application/target/imagine/bin/../platform:/home/tim/work/imagine~hg/Imagine/application/target/imagine/bin/../bin:/home/tim/work/imagine~hg/Imagine/application/target/imagine/bin/../imagine: -Dnetbeans.home=/home/tim/work/imagine~hg/Imagine/application/target/imagine/platform -Xms24m -Xmx64m -Dnetbeans.logger.console=true -ea -XX:+HeapDumpOnOutOfMemoryError -XX:HeapDumpPath=/home/tim/work/imagine~hg/Imagine/application/target/userdir/var/log/heapdump.hprof 
java_command: org.netbeans.Main --userdir /home/tim/work/imagine~hg/Imagine/application/target/userdir --branding imagine --branding imagine
Launcher Type: SUN_STANDARD

Environment Variables:
JAVA_HOME=/opt/sun-jdk-1.6.0.24
PATH=/usr/local/bin:/usr/bin:/bin:/opt/bin:/usr/i686-pc-linux-gnu/gcc-bin/4.4.5://opt/android-sdk-update-manager/tools:/usr/lib/subversion/bin:/home/tim/bin:/home/tim/bin
LD_LIBRARY_PATH=/opt/sun-jdk-1.6.0.24/jre/lib/i386/server:/opt/sun-jdk-1.6.0.24/jre/lib/i386:/opt/sun-jdk-1.6.0.24/jre/../lib/i386:/opt/sun-jdk-1.6.0.24/jre/lib/i386/client:/opt/sun-jdk-1.6.0.24/jre/lib/i386:/opt/sun-jdk-1.6.0.24/jre/../lib/i386
SHELL=/bin/bash
DISPLAY=:0

Signal Handlers:
SIGSEGV: [libjvm.so+0x708f80], sa_mask[0]=0x7ffbfeff, sa_flags=0x10000004
SIGBUS: [libjvm.so+0x708f80], sa_mask[0]=0x7ffbfeff, sa_flags=0x10000004
SIGFPE: [libjvm.so+0x5c4100], sa_mask[0]=0x7ffbfeff, sa_flags=0x10000004
SIGPIPE: SIG_IGN, sa_mask[0]=0x00001000, sa_flags=0x10000000
SIGXFSZ: [libjvm.so+0x5c4100], sa_mask[0]=0x7ffbfeff, sa_flags=0x10000004
SIGILL: [libjvm.so+0x5c4100], sa_mask[0]=0x7ffbfeff, sa_flags=0x10000004
SIGUSR1: SIG_DFL, sa_mask[0]=0x00000000, sa_flags=0x00000000
SIGUSR2: [libjvm.so+0x5c70e0], sa_mask[0]=0x00000004, sa_flags=0x10000004
SIGHUP: [libjvm.so+0x5c6cc0], sa_mask[0]=0x7ffbfeff, sa_flags=0x10000004
SIGINT: SIG_IGN, sa_mask[0]=0x00000000, sa_flags=0x00000000
SIGTERM: [libjvm.so+0x5c6cc0], sa_mask[0]=0x7ffbfeff, sa_flags=0x10000004
SIGQUIT: [libjvm.so+0x5c6cc0], sa_mask[0]=0x7ffbfeff, sa_flags=0x10000004


---------------  S Y S T E M  ---------------

OS:Gentoo Base System release 1.12.14

uname:Linux 2.6.37-tuxonice #3 SMP PREEMPT Sun Jun 5 22:53:43 EDT 2011 i686
libc:glibc 2.11.3 NPTL 2.11.3 
rlimit: STACK 8192k, CORE 0k, NPROC 25214, NOFILE 1024, AS infinity
load average:1.00 1.14 1.23

/proc/meminfo:
MemTotal:        3227932 kB
MemFree:          310420 kB
Buffers:          266812 kB
Cached:          1120280 kB
SwapCached:            0 kB
Active:          1805628 kB
Inactive:         978704 kB
Active(anon):    1134744 kB
Inactive(anon):   370236 kB
Active(file):     670884 kB
Inactive(file):   608468 kB
Unevictable:           0 kB
Mlocked:               0 kB
HighTotal:       2356136 kB
HighFree:          16372 kB
LowTotal:         871796 kB
LowFree:          294048 kB
SwapTotal:       8388604 kB
SwapFree:        8388604 kB
Dirty:               264 kB
Writeback:             0 kB
AnonPages:       1397288 kB
Mapped:           123612 kB
Shmem:            107740 kB
Slab:             107964 kB
SReclaimable:      94860 kB
SUnreclaim:        13104 kB
KernelStack:        3008 kB
PageTables:         5444 kB
NFS_Unstable:          0 kB
Bounce:                0 kB
WritebackTmp:          0 kB
CommitLimit:    10002568 kB
Committed_AS:    2947596 kB
VmallocTotal:     122880 kB
VmallocUsed:       20644 kB
VmallocChunk:      89324 kB
HugePages_Total:       0
HugePages_Free:        0
HugePages_Rsvd:        0
HugePages_Surp:        0
Hugepagesize:       4096 kB
DirectMap4k:       20472 kB
DirectMap4M:      888832 kB


CPU:total 4 (2 cores per cpu, 2 threads per core) family 6 model 37 stepping 5, cmov, cx8, fxsr, mmx, sse, sse2, sse3, ssse3, sse4.1, sse4.2, popcnt, ht

Memory: 4k page, physical 3227932k(310420k free), swap 8388604k(8388604k free)

vm_info: Java HotSpot(TM) Server VM (19.1-b02) for linux-x86 JRE (1.6.0_24-b07), built on Feb  2 2011 16:51:52 by "java_re" with gcc 3.2.1-7a (J2SE release)

time: Thu Sep 29 02:37:35 2011
elapsed time: 319 seconds

