#
# A fatal error has been detected by the Java Runtime Environment:
#
#  SIGSEGV (0xb) at pc=0xa7e3450c, pid=20783, tid=2806987632
#
# JRE version: 6.0_24-b07
# Java VM: Java HotSpot(TM) Server VM (19.1-b02 mixed mode linux-x86 )
# Problematic frame:
# C  [+0x950c]
#
# If you would like to submit a bug report, please visit:
#   http://java.sun.com/webapps/bugreport/crash.jsp
# The crash happened outside the Java Virtual Machine in native code.
# See problematic frame for where to report the bug.
#

---------------  T H R E A D  ---------------

Current thread (0xa7d8f400):  JavaThread "AWT-EventQueue-1" [_thread_in_native, id=20809, stack(0xa74a3000,0xa74f4000)]

siginfo:si_signo=SIGSEGV: si_errno=0, si_code=2 (SEGV_ACCERR), si_addr=0xa64fc000

Registers:
EAX=0x00010e2f, EBX=0xa7e52e18, ECX=0x80000001, EDX=0xfffef1d0
ESP=0xa74f1a20, EBP=0xa74f1a48, ESI=0xa64b8744, EDI=0x7fffffff
EIP=0xa7e3450c, CR2=0xa64fc000, EFLAGS=0x00210292

Register to memory mapping:

EAX=0x00010e2f

[error occurred during error reporting (printing registers, top of stack, instructions near pc), id 0xb]

Stack: [0xa74a3000,0xa74f4000],  sp=0xa74f1a20,  free space=314k
Native frames: (J=compiled Java code, j=interpreted, Vv=VM code, C=native code)
C  [+0x950c]
C  [+0x9813]
C  [+0x904d]
C  [+0x350c]
C  [+0x3b73]
C  [+0xbd0f]
C  [+0x4df4]  Java_sun_dc_pr_PathFiller_setOutputArea+0x74
j  sun.dc.pr.PathFiller.setOutputArea(FFII)V+0

Java frames: (J=compiled Java code, j=interpreted, Vv=VM code)
j  sun.dc.pr.PathFiller.setOutputArea(FFII)V+0
J  sun.java2d.pipe.DuctusShapeRenderer.renderTiles(Lsun/java2d/SunGraphics2D;Ljava/awt/Shape;Lsun/dc/pr/Rasterizer;)V
j  sun.java2d.pipe.DuctusShapeRenderer.renderPath(Lsun/java2d/SunGraphics2D;Ljava/awt/Shape;Ljava/awt/BasicStroke;)V+71
j  sun.java2d.pipe.DuctusShapeRenderer.draw(Lsun/java2d/SunGraphics2D;Ljava/awt/Shape;)V+38
j  sun.java2d.pipe.PixelToShapeConverter.drawOval(Lsun/java2d/SunGraphics2D;IIII)V+22
j  sun.java2d.pipe.ValidatePipe.drawOval(Lsun/java2d/SunGraphics2D;IIII)V+19
j  sun.java2d.SunGraphics2D.drawOval(IIII)V+10
j  org.netbeans.paint.tools.OvalTool.draw(Ljava/awt/Rectangle;Ljava/awt/Graphics2D;Z)V+73
j  org.netbeans.paint.tools.RectangleTool.paint(Ljava/awt/Graphics2D;)V+99
j  org.netbeans.paint.tools.RectangleTool.paint(Ljava/awt/Graphics2D;Ljava/awt/Rectangle;Z)V+15
j  org.netbeans.paintui.PictureScene$SelectionWidget.paintWidget()V+91
j  org.netbeans.api.visual.widget.Widget.paint()V+215
j  org.netbeans.api.visual.widget.Widget.paintChildren()V+127
j  org.netbeans.api.visual.widget.Widget.paint()V+219
j  org.netbeans.api.visual.widget.SceneComponent.paint(Ljava/awt/Graphics;)V+92
j  javax.swing.JComponent.paintChildren(Ljava/awt/Graphics;)V+512
j  javax.swing.JComponent.paint(Ljava/awt/Graphics;)V+322
j  javax.swing.JComponent.paintChildren(Ljava/awt/Graphics;)V+512
j  javax.swing.JComponent.paint(Ljava/awt/Graphics;)V+322
j  javax.swing.JViewport.paint(Ljava/awt/Graphics;)V+205
j  javax.swing.JComponent.paintToOffscreen(Ljava/awt/Graphics;IIIIII)V+41
j  javax.swing.RepaintManager$PaintManager.paintDoubleBuffered(Ljavax/swing/JComponent;Ljava/awt/Image;Ljava/awt/Graphics;IIII)V+105
j  javax.swing.RepaintManager$PaintManager.paint(Ljavax/swing/JComponent;Ljavax/swing/JComponent;Ljava/awt/Graphics;IIII)Z+116
j  javax.swing.BufferStrategyPaintManager.paint(Ljavax/swing/JComponent;Ljavax/swing/JComponent;Ljava/awt/Graphics;IIII)Z+224
J  javax.swing.JComponent._paintImmediately(IIII)V
j  javax.swing.JComponent.paintImmediately(IIII)V+83
j  javax.swing.RepaintManager.paintDirtyRegions(Ljava/util/Map;)V+193
j  javax.swing.RepaintManager.paintDirtyRegions()V+46
j  javax.swing.RepaintManager.seqPaintDirtyRegions()V+73
j  javax.swing.SystemEventQueueUtilities$ComponentWorkRequest.run()V+36
j  java.awt.event.InvocationEvent.dispatch()V+47
j  java.awt.EventQueue.dispatchEventImpl(Ljava/awt/AWTEvent;Ljava/lang/Object;)V+21
j  java.awt.EventQueue.access$000(Ljava/awt/EventQueue;Ljava/awt/AWTEvent;Ljava/lang/Object;)V+3
j  java.awt.EventQueue$1.run()Ljava/lang/Void;+12
j  java.awt.EventQueue$1.run()Ljava/lang/Object;+1
v  ~StubRoutines::call_stub
j  java.security.AccessController.doPrivileged(Ljava/security/PrivilegedAction;Ljava/security/AccessControlContext;)Ljava/lang/Object;+0
j  java.security.AccessControlContext$1.doIntersectionPrivilege(Ljava/security/PrivilegedAction;Ljava/security/AccessControlContext;Ljava/security/AccessControlContext;)Ljava/lang/Object;+28
j  java.awt.EventQueue.dispatchEvent(Ljava/awt/AWTEvent;)V+46
j  org.netbeans.core.TimableEventQueue.dispatchEvent(Ljava/awt/AWTEvent;)V+17
j  java.awt.EventDispatchThread.pumpOneEventForFilters(I)Z+204
j  java.awt.EventDispatchThread.pumpEventsForFilter(ILjava/awt/Conditional;Ljava/awt/EventFilter;)V+30
j  java.awt.EventDispatchThread.pumpEventsForHierarchy(ILjava/awt/Conditional;Ljava/awt/Component;)V+11
j  java.awt.EventDispatchThread.pumpEvents(ILjava/awt/Conditional;)V+4
j  java.awt.EventDispatchThread.pumpEvents(Ljava/awt/Conditional;)V+3
j  java.awt.EventDispatchThread.run()V+9
v  ~StubRoutines::call_stub

---------------  P R O C E S S  ---------------

Java Threads: ( => current thread )
  0x08b81800 JavaThread "Timer-1" daemon [_thread_blocked, id=20840, stack(0xa5baf000,0xa5c00000)]
  0xab5d5800 JavaThread "DestroyJavaVM" [_thread_blocked, id=20784, stack(0xb6a6b000,0xb6abc000)]
  0xa7321400 JavaThread "Inactive RequestProcessor thread [Was:Folder recognizer/org.openide.loaders.FolderList$ListTask]" daemon [_thread_blocked, id=20811, stack(0xa7401000,0xa7452000)]
  0xa7d9c000 JavaThread "Inactive RequestProcessor thread [Was:Folder recognizer/org.openide.loaders.FolderList$ListTask]" daemon [_thread_blocked, id=20810, stack(0xa7452000,0xa74a3000)]
=>0xa7d8f400 JavaThread "AWT-EventQueue-1" [_thread_in_native, id=20809, stack(0xa74a3000,0xa74f4000)]
  0xa7d8f000 JavaThread "TimerQueue" daemon [_thread_blocked, id=20808, stack(0xaa454000,0xaa4a5000)]
  0xa7d8e000 JavaThread "Thread-2" daemon [_thread_blocked, id=20807, stack(0xa74f4000,0xa7545000)]
  0x08344000 JavaThread "AWT-Shutdown" [_thread_blocked, id=20805, stack(0xaa5c9000,0xaa61a000)]
  0x08277c00 JavaThread "AWT-XAWT" daemon [_thread_in_native, id=20804, stack(0xaa61a000,0xaa66b000)]
  0x082fb800 JavaThread "Inactive RequestProcessor thread [Was:System clipboard synchronizer/org.netbeans.NbClipboard]" daemon [_thread_blocked, id=20803, stack(0xaa689000,0xaa6da000)]
  0x0820b000 JavaThread "Java2D Disposer" daemon [_thread_blocked, id=20802, stack(0xaa6da000,0xaa72b000)]
  0x08142800 JavaThread "Inactive RequestProcessor thread [Was:TimedSoftReference/org.openide.util.TimedSoftReference]" daemon [_thread_blocked, id=20800, stack(0xaabae000,0xaabff000)]
  0x0813f000 JavaThread "CLI Requests Server" daemon [_thread_in_native, id=20799, stack(0xaabff000,0xaac50000)]
  0x08114000 JavaThread "Active Reference Queue Daemon" daemon [_thread_blocked, id=20798, stack(0xaacaf000,0xaad00000)]
  0x080e6c00 JavaThread "Timer-0" daemon [_thread_blocked, id=20797, stack(0xaae39000,0xaae8a000)]
  0xab5ab400 JavaThread "Low Memory Detector" daemon [_thread_blocked, id=20795, stack(0xaaf22000,0xaaf73000)]
  0xab5a9400 JavaThread "CompilerThread1" daemon [_thread_in_native, id=20794, stack(0xaaf73000,0xaaff4000)]
  0xab5a7000 JavaThread "CompilerThread0" daemon [_thread_blocked, id=20793, stack(0xaaff4000,0xab075000)]
  0xab5a5800 JavaThread "Signal Dispatcher" daemon [_thread_blocked, id=20792, stack(0xab075000,0xab0c6000)]
  0xab597000 JavaThread "Finalizer" daemon [_thread_blocked, id=20791, stack(0xab2c6000,0xab317000)]
  0xab595c00 JavaThread "Reference Handler" daemon [_thread_blocked, id=20790, stack(0xab317000,0xab368000)]

Other Threads:
  0xab592000 VMThread [stack: 0xab600000,0xab681000] [id=20789]
  0xab5b5800 WatcherThread [stack: 0xaaea1000,0xaaf22000] [id=20796]

VM state:not at safepoint (normal execution)

VM Mutex/Monitor currently owned by a thread: None

Heap
 PSYoungGen      total 14592K, used 9195K [0xb23e0000, 0xb3880000, 0xb3930000)
  eden space 8448K, 92% used [0xb23e0000,0xb2b86fd0,0xb2c20000)
  from space 6144K, 22% used [0xb3280000,0xb33d4010,0xb3880000)
  to   space 6336K, 0% used [0xb2c20000,0xb2c20000,0xb3250000)
 PSOldGen        total 37376K, used 15491K [0xaf930000, 0xb1db0000, 0xb23e0000)
  object space 37376K, 41% used [0xaf930000,0xb0850c40,0xb1db0000)
 PSPermGen       total 53632K, used 26729K [0xab930000, 0xaed90000, 0xaf930000)
  object space 53632K, 49% used [0xab930000,0xad34a4e8,0xaed90000)

Dynamic libraries:
08048000-08052000 r-xp 00000000 08:06 4255205    /opt/sun-jdk-1.6.0.24/bin/java
08052000-08053000 rwxp 00009000 08:06 4255205    /opt/sun-jdk-1.6.0.24/bin/java
08053000-08cf7000 rwxp 00000000 00:00 0          [heap]
a24e1000-a260e000 rwxs 0012c000 08:06 2443082    /tmp/imagine_643254720394989578891097448399396925imgdata
a260e000-a5a00000 r-xp 00000000 08:06 135034     /usr/share/icons/gnome/icon-theme.cache
a5a00000-a5b00000 rwxp 00000000 00:00 0 
a5baf000-a5bb2000 ---p 00000000 00:00 0 
a5bb2000-a5c00000 rwxp 00000000 00:00 0 
a5c00000-a5cff000 rwxp 00000000 00:00 0 
a5cff000-a5d00000 ---p 00000000 00:00 0 
a5d00000-a5df1000 rwxp 00000000 00:00 0 
a5df1000-a5e00000 ---p 00000000 00:00 0 
a5e00000-a5ec0000 rwxp 00000000 00:00 0 
a5ec0000-a5f00000 ---p 00000000 00:00 0 
a5f00000-a5ff2000 rwxp 00000000 00:00 0 
a5ff2000-a6000000 ---p 00000000 00:00 0 
a60df000-a6400000 rwxs 00000000 00:04 102957078  /SYSV00000000 (deleted)
a6400000-a64fc000 rwxp 00000000 00:00 0 
a64fc000-a6500000 ---p 00000000 00:00 0 
a6625000-a6638000 r-xp 00000000 08:06 2443079    /tmp/jna6209530630235015516.tmp
a6638000-a6639000 rwxp 00013000 08:06 2443079    /tmp/jna6209530630235015516.tmp
a6639000-a66ff000 r-xp 00000000 08:06 5750893    /opt/sun-jdk-1.6.0.24/jre/lib/i386/libmlib_image.so
a66ff000-a6700000 rwxp 000c5000 08:06 5750893    /opt/sun-jdk-1.6.0.24/jre/lib/i386/libmlib_image.so
a6700000-a67fe000 rwxp 00000000 00:00 0 
a67fe000-a6800000 ---p 00000000 00:00 0 
a680c000-a680f000 ---p 00000000 00:00 0 
a680f000-a685d000 rwxp 00000000 00:00 0 
a686d000-a6873000 rwxs 00000000 00:04 102531101  /SYSV00000000 (deleted)
a6873000-a6879000 rwxs 00000000 00:04 102498332  /SYSV00000000 (deleted)
a6879000-a687c000 rwxs 00000000 00:04 102465563  /SYSV00000000 (deleted)
a687c000-a687f000 rwxs 00000000 00:04 102432794  /SYSV00000000 (deleted)
a687f000-a688c000 rwxs 00000000 00:04 102400025  /SYSV00000000 (deleted)
a688c000-a6899000 rwxs 00000000 00:04 102367256  /SYSV00000000 (deleted)
a6899000-a689f000 r-xp 00000000 08:06 5750878    /opt/sun-jdk-1.6.0.24/jre/lib/i386/libmanagement.so
a689f000-a68a0000 rwxp 00005000 08:06 5750878    /opt/sun-jdk-1.6.0.24/jre/lib/i386/libmanagement.so
a68a0000-a6900000 rwxs 00000000 00:04 102334487  /SYSV00000000 (deleted)
a6900000-a69f8000 rwxp 00000000 00:00 0 
a69f8000-a6a00000 ---p 00000000 00:00 0 
a6a00000-a6afb000 rwxp 00000000 00:00 0 
a6afb000-a6b00000 ---p 00000000 00:00 0 
a6b00000-a6be6000 rwxp 00000000 00:00 0 
a6be6000-a6c00000 ---p 00000000 00:00 0 
a6c00000-a6cf4000 rwxp 00000000 00:00 0 
a6cf4000-a6d00000 ---p 00000000 00:00 0 
a6d00000-a6dec000 rwxp 00000000 00:00 0 
a6dec000-a6e00000 ---p 00000000 00:00 0 
a6e00000-a6ef7000 rwxp 00000000 00:00 0 
a6ef7000-a6f00000 ---p 00000000 00:00 0 
a6f00000-a6fe1000 rwxp 00000000 00:00 0 
a6fe1000-a7000000 ---p 00000000 00:00 0 
a7000000-a70fd000 rwxp 00000000 00:00 0 
a70fd000-a7100000 ---p 00000000 00:00 0 
a7100000-a71fa000 rwxp 00000000 00:00 0 
a71fa000-a7200000 ---p 00000000 00:00 0 
a7200000-a72e8000 rwxp 00000000 00:00 0 
a72e8000-a7300000 ---p 00000000 00:00 0 
a7300000-a73fa000 rwxp 00000000 00:00 0 
a73fa000-a7400000 ---p 00000000 00:00 0 
a7401000-a7404000 ---p 00000000 00:00 0 
a7404000-a7452000 rwxp 00000000 00:00 0 
a7452000-a7455000 ---p 00000000 00:00 0 
a7455000-a74a3000 rwxp 00000000 00:00 0 
a74a3000-a74a6000 ---p 00000000 00:00 0 
a74a6000-a74f4000 rwxp 00000000 00:00 0 
a74f4000-a74f7000 ---p 00000000 00:00 0 
a74f7000-a7545000 rwxp 00000000 00:00 0 
a7545000-a7594000 r-xp 00000000 08:06 5620105    /usr/share/fonts/dejavu/DejaVuSansMono.ttf
a7594000-a75a8000 r-xp 00000000 08:06 5612441    /usr/share/fonts/urw-fonts/n019003l.pfb
a75a8000-a75aa000 r-xp 00000000 08:06 6138833    /usr/lib/pango/1.6.0/modules/pango-basic-fc.so
a75aa000-a75ab000 r-xp 00001000 08:06 6138833    /usr/lib/pango/1.6.0/modules/pango-basic-fc.so
a75ab000-a75ac000 rwxp 00002000 08:06 6138833    /usr/lib/pango/1.6.0/modules/pango-basic-fc.so
a75ac000-a75b2000 r-xs 00000000 08:06 5743251    /var/cache/fontconfig/87f5e051180a7a75f16eb6fe7dbd3749-le32d4.cache-3
a75b2000-a75b8000 r-xs 00000000 08:06 5743239    /var/cache/fontconfig/acc285bc1956c3c4bc7afb41d537a85a-le32d4.cache-3
a75b8000-a75ba000 r-xs 00000000 08:06 5743249    /var/cache/fontconfig/76fa4b957c916922374347f144bde9da-le32d4.cache-3
a75ba000-a75c0000 r-xs 00000000 08:06 5743283    /var/cache/fontconfig/4460665c0f3e88acdd4c85aa2f409b99-le32d4.cache-3
a75c0000-a75d0000 r-xs 00000000 08:06 5743271    /var/cache/fontconfig/8d4af663993b81a124ee82e610bb31f9-le32d4.cache-3
a75d0000-a75df000 r-xs 00000000 08:06 5743268    /var/cache/fontconfig/25e0aa14c68cecf4ab53db3a88a7a060-le32d4.cache-3
a75df000-a75ec000 r-xs 00000000 08:06 5743264    /var/cache/fontconfig/221fd1126b80b777db535aea535e87ba-le32d4.cache-3
a75ec000-a75f3000 r-xs 00000000 08:06 5743250    /var/cache/fontconfig/12b26b760a24f8b4feb03ad48a333a72-le32d4.cache-3
a75f3000-a7606000 r-xs 00000000 08:06 5743270    /var/cache/fontconfig/4b5cf4386f1cde02a336ba961b4ac82d-le32d4.cache-3
a7606000-a760b000 r-xs 00000000 08:06 5743269    /var/cache/fontconfig/d62e99ef547d1d24cdb1bd22ec1a2976-le32d4.cache-3
a760b000-a760e000 r-xs 00000000 08:06 5743252    /var/cache/fontconfig/f6b893a7224233d96cb72fd88691c0b4-le32d4.cache-3
a760e000-a7613000 r-xs 00000000 08:06 5744393    /var/cache/fontconfig/f349e9996a5320f6dd491cedd2b1f964-le32d4.cache-3
a7613000-a7654000 r-xs 00000000 08:06 5743247    /var/cache/fontconfig/17090aa38d5c6f09fb8c5c354938f1d7-le32d4.cache-3
a7654000-a7695000 r-xs 00000000 08:06 5743245    /var/cache/fontconfig/df311e82a1a24c41a75c2c930223552e-le32d4.cache-3
a773f000-a7762000 rwxs 00000000 00:04 102694944  /SYSV00000000 (deleted)
a7773000-a7781000 rwxs 002fb000 08:06 2443082    /tmp/imagine_643254720394989578891097448399396925imgdata
a7781000-a778f000 rwxs 002ee000 08:06 2443082    /tmp/imagine_643254720394989578891097448399396925imgdata
a778f000-a77a5000 rwxs 002d9000 08:06 2443082    /tmp/imagine_643254720394989578891097448399396925imgdata
a77a5000-a77d0000 rwxs 0029a000 08:06 2443082    /tmp/imagine_643254720394989578891097448399396925imgdata
a77d0000-a77fa000 rwxs 00271000 08:06 2443082    /tmp/imagine_643254720394989578891097448399396925imgdata
a77fa000-a7927000 rwxs 00000000 08:06 2443082    /tmp/imagine_643254720394989578891097448399396925imgdata
a7927000-a792a000 ---p 00000000 00:00 0 
a792a000-a7978000 rwxp 00000000 00:00 0 
a7978000-a79ba000 rwxs 00000000 00:04 102924322  /SYSV00000000 (deleted)
a79ba000-a79d4000 rwxs 00000000 00:04 102891553  /SYSV00000000 (deleted)
a79e1000-a79f7000 rwxs 002c4000 08:06 2443082    /tmp/imagine_643254720394989578891097448399396925imgdata
a79f7000-a7a05000 rwxs 00264000 08:06 2443082    /tmp/imagine_643254720394989578891097448399396925imgdata
a7a05000-a7a12000 rwxs 00258000 08:06 2443082    /tmp/imagine_643254720394989578891097448399396925imgdata
a7a12000-a7a1a000 rwxs 00000000 00:04 102989859  /SYSV00000000 (deleted)
a7a1a000-a7a20000 rwxs 00000000 00:04 102596639  /SYSV00000000 (deleted)
a7a20000-a7d00000 r-xp 00000000 08:06 2318837    /usr/share/icons/hicolor/icon-theme.cache
a7d00000-a7dfc000 rwxp 00000000 00:00 0 
a7dfc000-a7e00000 ---p 00000000 00:00 0 
a7e02000-a7e06000 r-xs 00000000 08:06 5743282    /var/cache/fontconfig/a336a40326b5f097d6a660e43ed65741-le32d4.cache-3
a7e08000-a7e2b000 rwxs 00000000 00:04 102662174  /SYSV00000000 (deleted)
a7e2b000-a7e40000 r-xp 00000000 08:06 5750904    /opt/sun-jdk-1.6.0.24/jre/lib/i386/libdcpr.so
a7e40000-a7e53000 rwxp 00014000 08:06 5750904    /opt/sun-jdk-1.6.0.24/jre/lib/i386/libdcpr.so
a7e53000-a7e97000 r-xp 00000000 08:06 5784141    /usr/lib/libdbus-1.so.3.5.3
a7e97000-a7e98000 r-xp 00043000 08:06 5784141    /usr/lib/libdbus-1.so.3.5.3
a7e98000-a7e99000 rwxp 00044000 08:06 5784141    /usr/lib/libdbus-1.so.3.5.3
a7e99000-a7eaf000 r-xp 00000000 08:06 5670111    /usr/lib/libgvfscommon.so.0.0.0
a7eaf000-a7eb0000 r-xp 00015000 08:06 5670111    /usr/lib/libgvfscommon.so.0.0.0
a7eb0000-a7eb1000 rwxp 00016000 08:06 5670111    /usr/lib/libgvfscommon.so.0.0.0
a7eb2000-a7ece000 r-xs 00000000 08:06 2796614    /usr/share/mime/mime.cache
a7ece000-a7ef2000 r-xp 00000000 08:06 5278573    /usr/share/icons/Foxtrot/icon-theme.cache
a7ef2000-a7ef7000 r-xp 00000000 08:06 5682017    /lib/libnss_dns-2.11.3.so
a7ef7000-a7ef8000 r-xp 00004000 08:06 5682017    /lib/libnss_dns-2.11.3.so
a7ef8000-a7ef9000 rwxp 00005000 08:06 5682017    /lib/libnss_dns-2.11.3.so
a7ef9000-a7efd000 r-xp 00000000 08:06 5785636    /lib/libuuid.so.1.3.0
a7efd000-a7efe000 r-xp 00003000 08:06 5785636    /lib/libuuid.so.1.3.0
a7efe000-a7eff000 rwxp 00004000 08:06 5785636    /lib/libuuid.so.1.3.0
a7eff000-a7f1a000 r-xp 00000000 08:06 1045328    /usr/lib/gcc/i686-pc-linux-gnu/4.4.5/libgcc_s.so.1
a7f1a000-a7f1b000 r-xp 0001a000 08:06 1045328    /usr/lib/gcc/i686-pc-linux-gnu/4.4.5/libgcc_s.so.1
a7f1b000-a7f1c000 rwxp 0001b000 08:06 1045328    /usr/lib/gcc/i686-pc-linux-gnu/4.4.5/libgcc_s.so.1
a7f1c000-a8005000 r-xp 00000000 08:06 1045323    /usr/lib/gcc/i686-pc-linux-gnu/4.4.5/libstdc++.so.6.0.13
a8005000-a8006000 ---p 000e9000 08:06 1045323    /usr/lib/gcc/i686-pc-linux-gnu/4.4.5/libstdc++.so.6.0.13
a8006000-a800a000 r-xp 000e9000 08:06 1045323    /usr/lib/gcc/i686-pc-linux-gnu/4.4.5/libstdc++.so.6.0.13
a800a000-a800b000 rwxp 000ed000 08:06 1045323    /usr/lib/gcc/i686-pc-linux-gnu/4.4.5/libstdc++.so.6.0.13
a800b000-a8012000 rwxp 00000000 00:00 0 
a8012000-a802c000 r-xp 00000000 08:06 6136357    /usr/lib/libICE.so.6.3.0
a802c000-a802d000 r-xp 00019000 08:06 6136357    /usr/lib/libICE.so.6.3.0
a802d000-a802e000 rwxp 0001a000 08:06 6136357    /usr/lib/libICE.so.6.3.0
a802e000-a8030000 rwxp 00000000 00:00 0 
a8030000-a8038000 r-xp 00000000 08:06 6136668    /usr/lib/libSM.so.6.0.1
a8038000-a8039000 r-xp 00007000 08:06 6136668    /usr/lib/libSM.so.6.0.1
a8039000-a803a000 rwxp 00008000 08:06 6136668    /usr/lib/libSM.so.6.0.1
a803a000-a8042000 r-xp 00000000 08:06 5688349    /usr/lib/libltdl.so.7.2.2
a8042000-a8043000 ---p 00008000 08:06 5688349    /usr/lib/libltdl.so.7.2.2
a8043000-a8044000 r-xp 00008000 08:06 5688349    /usr/lib/libltdl.so.7.2.2
a8044000-a8045000 rwxp 00009000 08:06 5688349    /usr/lib/libltdl.so.7.2.2
a8045000-a804b000 r-xp 00000000 08:06 5669298    /usr/lib/libogg.so.0.7.0
a804b000-a804c000 r-xp 00005000 08:06 5669298    /usr/lib/libogg.so.0.7.0
a804c000-a804d000 rwxp 00006000 08:06 5669298    /usr/lib/libogg.so.0.7.0
a804d000-a8091000 r-xp 00000000 08:06 5808715    /usr/lib/libvorbis.so.0.4.4
a8091000-a8092000 r-xp 00043000 08:06 5808715    /usr/lib/libvorbis.so.0.4.4
a8092000-a8093000 rwxp 00044000 08:06 5808715    /usr/lib/libvorbis.so.0.4.4
a8093000-a809d000 r-xp 00000000 08:06 5808803    /usr/lib/libvorbisfile.so.3.3.2
a809d000-a809e000 r-xp 00009000 08:06 5808803    /usr/lib/libvorbisfile.so.3.3.2
a809e000-a809f000 rwxp 0000a000 08:06 5808803    /usr/lib/libvorbisfile.so.3.3.2
a809f000-a8377000 r-xp 00000000 08:06 639950     /usr/lib/qt4/libQtCore.so.4.6.3
a8377000-a837e000 r-xp 002d7000 08:06 639950     /usr/lib/qt4/libQtCore.so.4.6.3
a837e000-a837f000 rwxp 002de000 08:06 639950     /usr/lib/qt4/libQtCore.so.4.6.3
a837f000-a8f2c000 r-xp 00000000 08:06 6171012    /usr/lib/qt4/libQtGui.so.4.6.3
a8f2c000-a8f4c000 r-xp 00bad000 08:06 6171012    /usr/lib/qt4/libQtGui.so.4.6.3
a8f4c000-a8f4f000 rwxp 00bcd000 08:06 6171012    /usr/lib/qt4/libQtGui.so.4.6.3
a8f4f000-a8f52000 rwxp 00000000 00:00 0 
a8f52000-a8f53000 rwxs 00271000 08:06 2443082    /tmp/imagine_643254720394989578891097448399396925imgdata
a8f53000-a8f5b000 r-xs 00115000 08:06 1125208    /opt/sun-jdk-1.6.0.24/jre/lib/resources.jar
a8f5b000-a8f6d000 r-xp 00000000 08:06 5670056    /usr/lib/gio/modules/libgioremote-volume-monitor.so
a8f6d000-a8f6e000 r-xp 00011000 08:06 5670056    /usr/lib/gio/modules/libgioremote-volume-monitor.so
a8f6e000-a8f6f000 rwxp 00012000 08:06 5670056    /usr/lib/gio/modules/libgioremote-volume-monitor.so
a8f6f000-a8fa2000 r-xp 00000000 08:06 5679654    /usr/lib/gtk-2.0/2.10.0/engines/libclearlooks.so
a8fa2000-a8fa3000 r-xp 00032000 08:06 5679654    /usr/lib/gtk-2.0/2.10.0/engines/libclearlooks.so
a8fa3000-a8fa4000 rwxp 00033000 08:06 5679654    /usr/lib/gtk-2.0/2.10.0/engines/libclearlooks.so
a8fa4000-a8faf000 r-xp 00000000 08:06 6136632    /usr/lib/libdrm.so.2.4.0
a8faf000-a8fb0000 r-xp 0000a000 08:06 6136632    /usr/lib/libdrm.so.2.4.0
a8fb0000-a8fb1000 rwxp 0000b000 08:06 6136632    /usr/lib/libdrm.so.2.4.0
a8fb1000-a8fc3000 r-xp 00000000 08:06 5582016    /usr/lib/libxcb-glx.so.0.0.0
a8fc3000-a8fc4000 r-xp 00012000 08:06 5582016    /usr/lib/libxcb-glx.so.0.0.0
a8fc4000-a8fc5000 rwxp 00013000 08:06 5582016    /usr/lib/libxcb-glx.so.0.0.0
a8fc5000-a8fc9000 r-xp 00000000 08:06 6136396    /usr/lib/libXxf86vm.so.1.0.0
a8fc9000-a8fca000 r-xp 00003000 08:06 6136396    /usr/lib/libXxf86vm.so.1.0.0
a8fca000-a8fcb000 rwxp 00004000 08:06 6136396    /usr/lib/libXxf86vm.so.1.0.0
a8fcb000-a8fdc000 r-xp 00000000 08:06 5682050    /lib/libresolv-2.11.3.so
a8fdc000-a8fdd000 r-xp 00010000 08:06 5682050    /lib/libresolv-2.11.3.so
a8fdd000-a8fde000 rwxp 00011000 08:06 5682050    /lib/libresolv-2.11.3.so
a8fde000-a8fe0000 rwxp 00000000 00:00 0 
a8fe0000-a900b000 r-xp 00000000 08:06 5768985    /usr/lib/libexpat.so.1.5.2
a900b000-a900d000 r-xp 0002a000 08:06 5768985    /usr/lib/libexpat.so.1.5.2
a900d000-a900e000 rwxp 0002c000 08:06 5768985    /usr/lib/libexpat.so.1.5.2
a900e000-a902c000 r-xp 00000000 08:06 5669174    /lib/libz.so.1.2.5
a902c000-a902d000 r-xp 0001d000 08:06 5669174    /lib/libz.so.1.2.5
a902d000-a902e000 rwxp 0001e000 08:06 5669174    /lib/libz.so.1.2.5
a902e000-a90ea000 r-xp 00000000 08:06 5695572    /usr/lib/libfreetype.so.6.6.2
a90ea000-a90ee000 r-xp 000bb000 08:06 5695572    /usr/lib/libfreetype.so.6.6.2
a90ee000-a90ef000 rwxp 000bf000 08:06 5695572    /usr/lib/libfreetype.so.6.6.2
a90ef000-a90f3000 r-xp 00000000 08:06 5794877    /usr/lib/libgthread-2.0.so.0.2800.5
a90f3000-a90f4000 r-xp 00003000 08:06 5794877    /usr/lib/libgthread-2.0.so.0.2800.5
a90f4000-a90f5000 rwxp 00004000 08:06 5794877    /usr/lib/libgthread-2.0.so.0.2800.5
a90f5000-a914f000 r-xp 00000000 08:06 5704501    /usr/lib/opengl/xorg-x11/lib/libGL.so.1.2
a914f000-a9150000 ---p 0005a000 08:06 5704501    /usr/lib/opengl/xorg-x11/lib/libGL.so.1.2
a9150000-a9155000 r-xp 0005a000 08:06 5704501    /usr/lib/opengl/xorg-x11/lib/libGL.so.1.2
a9155000-a915b000 rwxp 0005f000 08:06 5704501    /usr/lib/opengl/xorg-x11/lib/libGL.so.1.2
a915b000-a915c000 rwxp 00000000 00:00 0 
a915c000-a9163000 r-xp 00000000 08:06 5582032    /usr/lib/libxcb-render.so.0.0.0
a9163000-a9164000 r-xp 00006000 08:06 5582032    /usr/lib/libxcb-render.so.0.0.0
a9164000-a9165000 rwxp 00007000 08:06 5582032    /usr/lib/libxcb-render.so.0.0.0
a9165000-a9167000 r-xp 00000000 08:06 5582040    /usr/lib/libxcb-shm.so.0.0.0
a9167000-a9168000 r-xp 00001000 08:06 5582040    /usr/lib/libxcb-shm.so.0.0.0
a9168000-a9169000 rwxp 00002000 08:06 5582040    /usr/lib/libxcb-shm.so.0.0.0
a9169000-a91a6000 r-xp 00000000 08:06 5661852    /usr/lib/libpng14.so.14.5.0
a91a6000-a91a7000 r-xp 0003c000 08:06 5661852    /usr/lib/libpng14.so.14.5.0
a91a7000-a91a8000 rwxp 0003d000 08:06 5661852    /usr/lib/libpng14.so.14.5.0
a91a8000-a91b8000 r-xp 00000000 08:06 5704502    /usr/lib/libEGL.so.1.0
a91b8000-a91b9000 r-xp 0000f000 08:06 5704502    /usr/lib/libEGL.so.1.0
a91b9000-a91ba000 rwxp 00010000 08:06 5704502    /usr/lib/libEGL.so.1.0
a91ba000-a923f000 r-xp 00000000 08:06 6136517    /usr/lib/libpixman-1.so.0.20.2
a923f000-a9241000 r-xp 00085000 08:06 6136517    /usr/lib/libpixman-1.so.0.20.2
a9241000-a9242000 rwxp 00087000 08:06 6136517    /usr/lib/libpixman-1.so.0.20.2
a9242000-a9244000 r-xp 00000000 08:06 6136228    /usr/lib/libXdamage.so.1.1.0
a9244000-a9245000 r-xp 00001000 08:06 6136228    /usr/lib/libXdamage.so.1.1.0
a9245000-a9246000 rwxp 00002000 08:06 6136228    /usr/lib/libXdamage.so.1.1.0
a9246000-a924d000 r-xp 00000000 08:06 6136448    /usr/lib/libXrandr.so.2.2.0
a924d000-a924e000 r-xp 00006000 08:06 6136448    /usr/lib/libXrandr.so.2.2.0
a924e000-a924f000 rwxp 00007000 08:06 6136448    /usr/lib/libXrandr.so.2.2.0
a924f000-a9371000 r-xp 00000000 08:06 5795455    /usr/lib/libglib-2.0.so.0.2800.5
a9371000-a9372000 r-xp 00121000 08:06 5795455    /usr/lib/libglib-2.0.so.0.2800.5
a9372000-a9373000 rwxp 00122000 08:06 5795455    /usr/lib/libglib-2.0.so.0.2800.5
a9373000-a93ba000 r-xp 00000000 08:06 5795456    /usr/lib/libgobject-2.0.so.0.2800.5
a93ba000-a93bb000 r-xp 00046000 08:06 5795456    /usr/lib/libgobject-2.0.so.0.2800.5
a93bb000-a93bc000 rwxp 00047000 08:06 5795456    /usr/lib/libgobject-2.0.so.0.2800.5
a93bc000-a93f1000 r-xp 00000000 08:06 5695749    /usr/lib/libfontconfig.so.1.4.4
a93f1000-a93f2000 r-xp 00035000 08:06 5695749    /usr/lib/libfontconfig.so.1.4.4
a93f2000-a93f3000 rwxp 00036000 08:06 5695749    /usr/lib/libfontconfig.so.1.4.4
a93f3000-a94fe000 r-xp 00000000 08:06 5795458    /usr/lib/libgio-2.0.so.0.2800.5
a94fe000-a94ff000 ---p 0010b000 08:06 5795458    /usr/lib/libgio-2.0.so.0.2800.5
a94ff000-a9501000 r-xp 0010b000 08:06 5795458    /usr/lib/libgio-2.0.so.0.2800.5
a9501000-a9502000 rwxp 0010d000 08:06 5795458    /usr/lib/libgio-2.0.so.0.2800.5
a9502000-a9503000 rwxp 00000000 00:00 0 
a9503000-a9625000 r-xp 00000000 08:06 6144466    /usr/lib/libcairo.so.2.11000.2
a9625000-a9626000 ---p 00122000 08:06 6144466    /usr/lib/libcairo.so.2.11000.2
a9626000-a9629000 r-xp 00122000 08:06 6144466    /usr/lib/libcairo.so.2.11000.2
a9629000-a962a000 rwxp 00125000 08:06 6144466    /usr/lib/libcairo.so.2.11000.2
a962a000-a962e000 rwxp 00000000 00:00 0 
a962e000-a99f8000 r-xp 00000000 08:06 5653683    /usr/lib/libgtk-x11-2.0.so.0.2200.1
a99f8000-a99fc000 r-xp 003ca000 08:06 5653683    /usr/lib/libgtk-x11-2.0.so.0.2200.1
a99fc000-a99fe000 rwxp 003ce000 08:06 5653683    /usr/lib/libgtk-x11-2.0.so.0.2200.1
a99fe000-a9a00000 rwxp 00000000 00:00 0 
a9a00000-a9aff000 rwxp 00000000 00:00 0 
a9aff000-a9b00000 ---p 00000000 00:00 0 
a9b00000-a9c00000 rwxp 00000000 00:00 0 
a9c00000-a9cf0000 rwxp 00000000 00:00 0 
a9cf0000-a9d00000 ---p 00000000 00:00 0 
a9d00000-a9d01000 r-xp 00000000 08:06 2310511    /usr/lib/libX11-xcb.so.1.0.0
a9d01000-a9d02000 r-xp 00000000 08:06 2310511    /usr/lib/libX11-xcb.so.1.0.0
a9d02000-a9d03000 rwxp 00001000 08:06 2310511    /usr/lib/libX11-xcb.so.1.0.0
a9d03000-a9d05000 r-xp 00000000 08:06 6136665    /usr/lib/libXcomposite.so.1.0.0
a9d05000-a9d06000 r-xp 00001000 08:06 6136665    /usr/lib/libXcomposite.so.1.0.0
a9d06000-a9d07000 rwxp 00002000 08:06 6136665    /usr/lib/libXcomposite.so.1.0.0
a9d07000-a9d0a000 r-xp 00000000 08:06 5794869    /usr/lib/libgmodule-2.0.so.0.2800.5
a9d0a000-a9d0b000 r-xp 00002000 08:06 5794869    /usr/lib/libgmodule-2.0.so.0.2800.5
a9d0b000-a9d0c000 rwxp 00003000 08:06 5794869    /usr/lib/libgmodule-2.0.so.0.2800.5
a9d0c000-a9e00000 rwxs 00000000 00:04 102268949  /SYSV00000000 (deleted)
a9e00000-a9efb000 rwxp 00000000 00:00 0 
a9efb000-a9f00000 ---p 00000000 00:00 0 
a9f00000-a9f01000 rwxs 00271000 08:06 2443082    /tmp/imagine_643254720394989578891097448399396925imgdata
a9f01000-a9f02000 rwxs 00271000 08:06 2443082    /tmp/imagine_643254720394989578891097448399396925imgdata
a9f02000-a9f4b000 r-xp 00000000 08:06 6138932    /usr/lib/libpango-1.0.so.0.2800.3
a9f4b000-a9f4c000 ---p 00049000 08:06 6138932    /usr/lib/libpango-1.0.so.0.2800.3
a9f4c000-a9f4d000 r-xp 00049000 08:06 6138932    /usr/lib/libpango-1.0.so.0.2800.3
a9f4d000-a9f4e000 rwxp 0004a000 08:06 6138932    /usr/lib/libpango-1.0.so.0.2800.3
a9f4e000-a9f7a000 r-xp 00000000 08:06 6138934    /usr/lib/libpangoft2-1.0.so.0.2800.3
a9f7a000-a9f7b000 r-xp 0002c000 08:06 6138934    /usr/lib/libpangoft2-1.0.so.0.2800.3
a9f7b000-a9f7c000 rwxp 0002d000 08:06 6138934    /usr/lib/libpangoft2-1.0.so.0.2800.3
a9f7c000-a9f99000 r-xp 00000000 08:06 6138205    /usr/lib/libgdk_pixbuf-2.0.so.0.2200.1
a9f99000-a9f9a000 r-xp 0001c000 08:06 6138205    /usr/lib/libgdk_pixbuf-2.0.so.0.2200.1
a9f9a000-a9f9b000 rwxp 0001d000 08:06 6138205    /usr/lib/libgdk_pixbuf-2.0.so.0.2200.1
a9f9b000-a9fb6000 r-xp 00000000 08:06 5778595    /usr/lib/libatk-1.0.so.0.3209.1
a9fb6000-a9fb7000 r-xp 0001b000 08:06 5778595    /usr/lib/libatk-1.0.so.0.3209.1
a9fb7000-a9fb8000 rwxp 0001c000 08:06 5778595    /usr/lib/libatk-1.0.so.0.3209.1
a9fb8000-a9fc4000 r-xp 00000000 08:06 6138928    /usr/lib/libpangocairo-1.0.so.0.2800.3
a9fc4000-a9fc5000 r-xp 0000b000 08:06 6138928    /usr/lib/libpangocairo-1.0.so.0.2800.3
a9fc5000-a9fc6000 rwxp 0000c000 08:06 6138928    /usr/lib/libpangocairo-1.0.so.0.2800.3
a9fc6000-aa05d000 r-xp 00000000 08:06 5655445    /usr/lib/libgdk-x11-2.0.so.0.2200.1
aa05d000-aa05f000 r-xp 00097000 08:06 5655445    /usr/lib/libgdk-x11-2.0.so.0.2200.1
aa05f000-aa060000 rwxp 00099000 08:06 5655445    /usr/lib/libgdk-x11-2.0.so.0.2200.1
aa060000-aa061000 rwxs 00271000 08:06 2443082    /tmp/imagine_643254720394989578891097448399396925imgdata
aa061000-aa06e000 r-xp 00000000 08:06 5605581    /usr/lib/libcanberra.so.0.2.4
aa06e000-aa06f000 r-xp 0000d000 08:06 5605581    /usr/lib/libcanberra.so.0.2.4
aa06f000-aa070000 rwxp 0000e000 08:06 5605581    /usr/lib/libcanberra.so.0.2.4
aa070000-aa074000 r-xp 00000000 08:06 5605538    /usr/lib/libcanberra-gtk.so.0.1.7
aa074000-aa075000 r-xp 00003000 08:06 5605538    /usr/lib/libcanberra-gtk.so.0.1.7
aa075000-aa076000 rwxp 00004000 08:06 5605538    /usr/lib/libcanberra-gtk.so.0.1.7
aa076000-aa07b000 r-xp 00000000 08:06 5605559    /usr/lib/gtk-2.0/modules/libcanberra-gtk-module.so
aa07b000-aa07c000 r-xp 00004000 08:06 5605559    /usr/lib/gtk-2.0/modules/libcanberra-gtk-module.so
aa07c000-aa07d000 rwxp 00005000 08:06 5605559    /usr/lib/gtk-2.0/modules/libcanberra-gtk-module.so
aa07d000-aa07e000 r-xs 00000000 08:06 2306061    /home/tim/work/imagine~hg/Imagine/application/target/imagine/imagine/modules/net-dev-java-imagine-branding.jar
aa07e000-aa080000 r-xs 00002000 08:06 2306092    /home/tim/work/imagine~hg/Imagine/application/target/imagine/imagine/modules/net-dev-java-imagine-effectsui.jar
aa080000-aa087000 r-xs 0004d000 08:06 2306117    /home/tim/work/imagine~hg/Imagine/application/target/imagine/imagine/modules/ext/com.jhlabs/filters-2.0.235.jar
aa087000-aa089000 r-xs 00003000 08:06 2306118    /home/tim/work/imagine~hg/Imagine/application/target/imagine/imagine/modules/net-dev-java-imagine-fx.jar
aa089000-aa08b000 r-xs 00008000 08:06 2306089    /home/tim/work/imagine~hg/Imagine/application/target/imagine/imagine/modules/net-dev-java-imagine-effects.jar
aa08b000-aa08d000 r-xs 0000b000 08:06 2306098    /home/tim/work/imagine~hg/Imagine/application/target/imagine/imagine/modules/net-dev-java-imagine-layers-raster.jar
aa08d000-aa08f000 r-xs 00008000 08:06 2306113    /home/tim/work/imagine~hg/Imagine/application/target/imagine/imagine/modules/net-dev-java-imagine-layers-text-widget.jar
aa08f000-aa091000 r-xs 00008000 08:06 2306095    /home/tim/work/imagine~hg/Imagine/application/target/imagine/imagine/modules/net-dev-java-imagine-layersui.jar
aa091000-aa093000 r-xs 00005000 08:06 2306101    /home/tim/work/imagine~hg/Imagine/application/target/imagine/imagine/modules/net-dev-java-imagine-misc-nio.jar
aa093000-aa094000 r-xs 0001c000 08:06 2306088    /home/tim/work/imagine~hg/Imagine/application/target/imagine/imagine/modules/ext/org.swinglabs/swing-layout-1.0.3.jar
aa094000-aa098000 r-xs 00019000 08:06 2306104    /home/tim/work/imagine~hg/Imagine/application/target/imagine/imagine/modules/net-dev-java-imagine-paintui2.jar
aa098000-aa09a000 r-xs 00001000 08:06 2306108    /home/tim/work/imagine~hg/Imagine/application/target/imagine/imagine/modules/net-dev-java-imagine-toolconfigurationui.jar
aa09a000-aa09d000 r-xs 0001b000 08:06 2306074    /home/tim/work/imagine~hg/Imagine/application/target/imagine/imagine/modules/net-dev-java-imagine-tools.jar
aa09d000-aa0a0000 r-xs 00012000 08:06 2306068    /home/tim/work/imagine~hg/Imagine/application/target/imagine/imagine/modules/net-dev-java-imagine-paintapi.jar
aa0a0000-aa0a1000 r-xs 00006000 08:06 2306083    /home/tim/work/imagine~hg/Imagine/application/target/imagine/imagine/modules/net-dev-java-imagine-splines.jar
aa0a1000-aa0a3000 r-xs 00006000 08:06 2306077    /home/tim/work/imagine~hg/Imagine/application/target/imagine/imagine/modules/net-dev-java-imagine-toolcustomizers.jar
aa0a3000-aa0a6000 r-xs 00017000 08:06 2306065    /home/tim/work/imagine~hg/Imagine/application/target/imagine/imagine/modules/net-dev-java-imagine-colorchooser.jar
aa0a6000-aa0a9000 r-xs 0000f000 08:06 2306080    /home/tim/work/imagine~hg/Imagine/application/target/imagine/imagine/modules/net-dev-java-imagine-misc-swing.jar
aa0a9000-aa0ac000 r-xs 0000c000 08:06 2306071    /home/tim/work/imagine~hg/Imagine/application/target/imagine/imagine/modules/net-java-dev-imagine-toolsapi.jar
aa0ac000-aa0b8000 r-xs 00142000 08:06 2305870    /home/tim/work/imagine~hg/Imagine/application/target/imagine/platform/modules/org-netbeans-api-visual.jar
aa0b8000-aa0ba000 r-xs 00008000 08:06 2305876    /home/tim/work/imagine~hg/Imagine/application/target/imagine/platform/modules/org-netbeans-core-io-ui.jar
aa0ba000-aa0c3000 r-xs 000ba000 08:06 2305882    /home/tim/work/imagine~hg/Imagine/application/target/imagine/platform/modules/ext/platform-3.2.7.jar
aa0c3000-aa0c4000 r-xs 00001000 08:06 2305883    /home/tim/work/imagine~hg/Imagine/application/target/imagine/platform/modules/org-netbeans-core-nativeaccess.jar
aa0c4000-aa0c6000 r-xs 00009000 08:06 2305886    /home/tim/work/imagine~hg/Imagine/application/target/imagine/platform/modules/org-netbeans-core-netigso.jar
aa0c6000-aa0c9000 r-xs 00050000 08:06 2305892    /home/tim/work/imagine~hg/Imagine/application/target/imagine/platform/modules/org-netbeans-core-output2.jar
aa0c9000-aa0ca000 r-xs 00000000 08:06 2305945    /home/tim/work/imagine~hg/Imagine/application/target/imagine/platform/modules/org-netbeans-modules-core-kit.jar
aa0ca000-aa0cb000 r-xs 00000000 08:06 2306059    /home/tim/work/imagine~hg/Imagine/application/target/imagine/imagine/modules/locale/org-netbeans-core-windows_imagine.jar
aa0cb000-aa0d7000 r-xs 001b9000 08:06 2305898    /home/tim/work/imagine~hg/Imagine/application/target/imagine/platform/modules/org-netbeans-core-windows.jar
aa0d7000-aa0dc000 r-xs 00041000 08:06 2305906    /home/tim/work/imagine~hg/Imagine/application/target/imagine/platform/modules/ext/felix-2.0.3.jar
aa0dc000-aa0dd000 r-xs 00000000 08:06 2305908    /home/tim/work/imagine~hg/Imagine/application/target/imagine/platform/modules/org-netbeans-libs-felix.jar
aa0dd000-aa0e4000 r-xs 0002f000 08:06 2305929    /home/tim/work/imagine~hg/Imagine/application/target/imagine/platform/modules/ext/osgi.cmpn-4.2.jar
aa0e4000-aa0e7000 r-xs 00015000 08:06 2305930    /home/tim/work/imagine~hg/Imagine/application/target/imagine/platform/modules/ext/osgi.core-4.2.jar
aa0e7000-aa0ef000 r-xs 000e2000 08:06 2305941    /home/tim/work/imagine~hg/Imagine/application/target/imagine/platform/modules/org-netbeans-modules-autoupdate-ui.jar
aa0ef000-aa0f4000 r-xs 00062000 08:06 2305895    /home/tim/work/imagine~hg/Imagine/application/target/imagine/platform/modules/org-netbeans-core-ui.jar
aa0f4000-aa0f6000 r-xs 00039000 08:06 2305937    /home/tim/work/imagine~hg/Imagine/application/target/imagine/platform/modules/ext/updater.jar
aa0f6000-aa0fb000 r-xs 000ac000 08:06 2305938    /home/tim/work/imagine~hg/Imagine/application/target/imagine/platform/modules/org-netbeans-modules-autoupdate-services.jar
aa0fb000-aa0fd000 r-xs 0000b000 08:06 2305948    /home/tim/work/imagine~hg/Imagine/application/target/imagine/platform/modules/org-netbeans-modules-editor-mimelookup-impl.jar
aa0fd000-aa100000 r-xs 00033000 08:06 2305954    /home/tim/work/imagine~hg/Imagine/application/target/imagine/platform/modules/org-netbeans-modules-favorites.jar
aa100000-aa1ff000 rwxp 00000000 00:00 0 
aa1ff000-aa200000 ---p 00000000 00:00 0 
aa200000-aa2f9000 rwxp 00000000 00:00 0 
aa2f9000-aa300000 ---p 00000000 00:00 0 
aa300000-aa3fc000 rwxp 00000000 00:00 0 
aa3fc000-aa400000 ---p 00000000 00:00 0 
aa400000-aa401000 rwxs 00271000 08:06 2443082    /tmp/imagine_643254720394989578891097448399396925imgdata
aa401000-aa406000 r-xs 00071000 08:06 2305967    /home/tim/work/imagine~hg/Imagine/application/target/imagine/platform/modules/org-netbeans-modules-masterfs.jar
aa406000-aa40a000 r-xs 000e4000 08:06 2305911    /home/tim/work/imagine~hg/Imagine/application/target/imagine/platform/modules/ext/jna-3.2.7.jar
aa40a000-aa40c000 r-xs 00000000 08:06 2305923    /home/tim/work/imagine~hg/Imagine/application/target/imagine/platform/modules/org-netbeans-libs-jna.jar
aa40c000-aa410000 r-xs 0004b000 08:06 2305974    /home/tim/work/imagine~hg/Imagine/application/target/imagine/platform/modules/org-netbeans-modules-options-keymap.jar
aa410000-aa414000 r-xs 00062000 08:06 2305971    /home/tim/work/imagine~hg/Imagine/application/target/imagine/platform/modules/org-netbeans-modules-options-api.jar
aa414000-aa415000 r-xs 00000000 08:06 2306060    /home/tim/work/imagine~hg/Imagine/application/target/imagine/imagine/modules/locale/org-netbeans-core_imagine.jar
aa415000-aa41b000 r-xs 0008f000 08:06 2305903    /home/tim/work/imagine~hg/Imagine/application/target/imagine/platform/modules/org-netbeans-core.jar
aa41b000-aa454000 rwxs 00000000 00:04 102236178  /SYSV00000000 (deleted)
aa454000-aa457000 ---p 00000000 00:00 0 
aa457000-aa4a5000 rwxp 00000000 00:00 0 
aa4a5000-aa4ab000 r-xs 00000000 08:06 5743251    /var/cache/fontconfig/87f5e051180a7a75f16eb6fe7dbd3749-le32d4.cache-3
aa4ab000-aa4b1000 r-xs 00000000 08:06 5743239    /var/cache/fontconfig/acc285bc1956c3c4bc7afb41d537a85a-le32d4.cache-3
aa4b1000-aa4b3000 r-xs 00000000 08:06 5743249    /var/cache/fontconfig/76fa4b957c916922374347f144bde9da-le32d4.cache-3
aa4b3000-aa4b9000 r-xs 00000000 08:06 5743283    /var/cache/fontconfig/4460665c0f3e88acdd4c85aa2f409b99-le32d4.cache-3
aa4b9000-aa4c9000 r-xs 00000000 08:06 5743271    /var/cache/fontconfig/8d4af663993b81a124ee82e610bb31f9-le32d4.cache-3
aa4c9000-aa4d8000 r-xs 00000000 08:06 5743268    /var/cache/fontconfig/25e0aa14c68cecf4ab53db3a88a7a060-le32d4.cache-3
aa4d8000-aa4dc000 r-xs 00000000 08:06 5743282    /var/cache/fontconfig/a336a40326b5f097d6a660e43ed65741-le32d4.cache-3
aa4dc000-aa4de000 r-xs 00000000 08:06 5743279    /var/cache/fontconfig/5a8e70faeac692eefe28f2b44727cf4d-le32d4.cache-3
aa4de000-aa4eb000 r-xs 00000000 08:06 5743264    /var/cache/fontconfig/221fd1126b80b777db535aea535e87ba-le32d4.cache-3
aa4eb000-aa4f2000 r-xs 00000000 08:06 5743250    /var/cache/fontconfig/12b26b760a24f8b4feb03ad48a333a72-le32d4.cache-3
aa4f2000-aa505000 r-xs 00000000 08:06 5743270    /var/cache/fontconfig/4b5cf4386f1cde02a336ba961b4ac82d-le32d4.cache-3
aa505000-aa50a000 r-xs 00000000 08:06 5743269    /var/cache/fontconfig/d62e99ef547d1d24cdb1bd22ec1a2976-le32d4.cache-3
aa50a000-aa50d000 r-xs 00000000 08:06 5743252    /var/cache/fontconfig/f6b893a7224233d96cb72fd88691c0b4-le32d4.cache-3
aa50d000-aa512000 r-xs 00000000 08:06 5744393    /var/cache/fontconfig/f349e9996a5320f6dd491cedd2b1f964-le32d4.cache-3
aa512000-aa553000 r-xs 00000000 08:06 5743247    /var/cache/fontconfig/17090aa38d5c6f09fb8c5c354938f1d7-le32d4.cache-3
aa553000-aa594000 r-xs 00000000 08:06 5743245    /var/cache/fontconfig/df311e82a1a24c41a75c2c930223552e-le32d4.cache-3
aa594000-aa596000 r-xs 00000000 08:06 5743279    /var/cache/fontconfig/5a8e70faeac692eefe28f2b44727cf4d-le32d4.cache-3
aa596000-aa598000 r-xs 0000f000 08:06 2305961    /home/tim/work/imagine~hg/Imagine/application/target/imagine/platform/modules/org-netbeans-modules-keyring-impl.jar
aa598000-aa59a000 r-xs 00001000 08:06 2305964    /home/tim/work/imagine~hg/Imagine/application/target/imagine/platform/modules/org-netbeans-modules-keyring.jar
aa59a000-aa59e000 r-xs 0003e000 08:06 2305977    /home/tim/work/imagine~hg/Imagine/application/target/imagine/platform/modules/org-netbeans-modules-print.jar
aa59e000-aa5a1000 r-xs 00020000 08:06 2305980    /home/tim/work/imagine~hg/Imagine/application/target/imagine/platform/modules/org-netbeans-modules-progress-ui.jar
aa5a1000-aa5a3000 r-xs 0003e000 08:06 2305990    /home/tim/work/imagine~hg/Imagine/application/target/imagine/platform/modules/org-netbeans-modules-settings.jar
aa5a3000-aa5a6000 r-xs 00022000 08:06 2305996    /home/tim/work/imagine~hg/Imagine/application/target/imagine/platform/modules/org-netbeans-spi-quicksearch.jar
aa5a6000-aa5af000 r-xs 0013a000 08:06 2306032    /home/tim/work/imagine~hg/Imagine/application/target/imagine/platform/modules/org-openide-loaders.jar
aa5af000-aa5bc000 r-xs 0019e000 08:06 2306025    /home/tim/work/imagine~hg/Imagine/application/target/imagine/platform/modules/org-openide-explorer.jar
aa5bc000-aa5c9000 r-xs 000de000 08:06 2306005    /home/tim/work/imagine~hg/Imagine/application/target/imagine/platform/modules/org-netbeans-swing-tabcontrol.jar
aa5c9000-aa5cc000 ---p 00000000 00:00 0 
aa5cc000-aa61a000 rwxp 00000000 00:00 0 
aa61a000-aa61d000 ---p 00000000 00:00 0 
aa61d000-aa66b000 rwxp 00000000 00:00 0 
aa66b000-aa66f000 r-xp 00000000 08:06 6136046    /usr/lib/libXfixes.so.3.1.0
aa66f000-aa670000 r-xp 00003000 08:06 6136046    /usr/lib/libXfixes.so.3.1.0
aa670000-aa671000 rwxp 00004000 08:06 6136046    /usr/lib/libXfixes.so.3.1.0
aa671000-aa67b000 r-xp 00000000 08:06 6136270    /usr/lib/libXrender.so.1.3.0
aa67b000-aa67c000 r-xp 00009000 08:06 6136270    /usr/lib/libXrender.so.1.3.0
aa67c000-aa67d000 rwxp 0000a000 08:06 6136270    /usr/lib/libXrender.so.1.3.0
aa67d000-aa687000 r-xp 00000000 08:06 6136785    /usr/lib/libXcursor.so.1.0.2
aa687000-aa688000 r-xp 00009000 08:06 6136785    /usr/lib/libXcursor.so.1.0.2
aa688000-aa689000 rwxp 0000a000 08:06 6136785    /usr/lib/libXcursor.so.1.0.2
aa689000-aa68c000 ---p 00000000 00:00 0 
aa68c000-aa6da000 rwxp 00000000 00:00 0 
aa6da000-aa6dd000 ---p 00000000 00:00 0 
aa6dd000-aa72b000 rwxp 00000000 00:00 0 
aa72b000-aa7a4000 r-xp 00000000 08:06 5750880    /opt/sun-jdk-1.6.0.24/jre/lib/i386/libfontmanager.so
aa7a4000-aa7ae000 rwxp 00078000 08:06 5750880    /opt/sun-jdk-1.6.0.24/jre/lib/i386/libfontmanager.so
aa7ae000-aa7b3000 rwxp 00000000 00:00 0 
aa7b3000-aa7ce000 r-xp 00000000 08:06 5582024    /usr/lib/libxcb.so.1.1.0
aa7ce000-aa7cf000 r-xp 0001a000 08:06 5582024    /usr/lib/libxcb.so.1.1.0
aa7cf000-aa7d0000 rwxp 0001b000 08:06 5582024    /usr/lib/libxcb.so.1.1.0
aa7d0000-aa7df000 r-xp 00000000 08:06 6137621    /usr/lib/libXi.so.6.1.0
aa7df000-aa7e0000 r-xp 0000e000 08:06 6137621    /usr/lib/libXi.so.6.1.0
aa7e0000-aa7e1000 rwxp 0000f000 08:06 6137621    /usr/lib/libXi.so.6.1.0
aa7e1000-aa930000 r-xp 00000000 08:06 2310512    /usr/lib/libX11.so.6.3.0
aa930000-aa931000 r-xp 0014f000 08:06 2310512    /usr/lib/libX11.so.6.3.0
aa931000-aa934000 rwxp 00150000 08:06 2310512    /usr/lib/libX11.so.6.3.0
aa934000-aa935000 rwxs 00271000 08:06 2443082    /tmp/imagine_643254720394989578891097448399396925imgdata
aa935000-aa936000 r-xs 00002000 08:06 2305864    /home/tim/work/imagine~hg/Imagine/application/target/imagine/platform/modules/org-netbeans-api-annotations-common.jar
aa936000-aa939000 r-xs 00036000 08:06 2306002    /home/tim/work/imagine~hg/Imagine/application/target/imagine/platform/modules/org-netbeans-swing-plaf.jar
aa939000-aa93b000 r-xs 0000a000 08:06 2306028    /home/tim/work/imagine~hg/Imagine/application/target/imagine/platform/modules/org-openide-io.jar
aa93b000-aa93f000 r-xs 0005f000 08:06 2306042    /home/tim/work/imagine~hg/Imagine/application/target/imagine/platform/modules/org-openide-text.jar
aa93f000-aa941000 r-xs 0000b000 08:06 2305951    /home/tim/work/imagine~hg/Imagine/application/target/imagine/platform/modules/org-netbeans-modules-editor-mimelookup.jar
aa941000-aa943000 r-xs 00025000 08:06 2306048    /home/tim/work/imagine~hg/Imagine/application/target/imagine/platform/modules/org-openide-windows.jar
aa943000-aa948000 r-xs 00081000 08:06 2306035    /home/tim/work/imagine~hg/Imagine/application/target/imagine/platform/modules/org-openide-nodes.jar
aa948000-aa94a000 r-xs 0002e000 08:06 2306017    /home/tim/work/imagine~hg/Imagine/application/target/imagine/platform/modules/org-openide-dialogs.jar
aa94a000-aa94c000 r-xs 00010000 08:06 2305867    /home/tim/work/imagine~hg/Imagine/application/target/imagine/platform/modules/org-netbeans-api-progress.jar
aa94c000-aa951000 r-xs 00086000 08:06 2306011    /home/tim/work/imagine~hg/Imagine/application/target/imagine/platform/modules/org-openide-awt.jar
aa951000-aa9d5000 r-xp 00000000 08:06 5750837    /opt/sun-jdk-1.6.0.24/jre/lib/i386/libawt.so
aa9d5000-aa9dc000 rwxp 00084000 08:06 5750837    /opt/sun-jdk-1.6.0.24/jre/lib/i386/libawt.so
aa9dc000-aaa00000 rwxp 00000000 00:00 0 
aaa00000-aaaeb000 rwxp 00000000 00:00 0 
aaaeb000-aab00000 ---p 00000000 00:00 0 
aab00000-aab03000 r-xs 00032000 08:06 2306008    /home/tim/work/imagine~hg/Imagine/application/target/imagine/platform/modules/org-openide-actions.jar
aab03000-aab09000 r-xp 00000000 08:06 6136272    /usr/lib/libXdmcp.so.6.0.0
aab09000-aab0a000 r-xp 00005000 08:06 6136272    /usr/lib/libXdmcp.so.6.0.0
aab0a000-aab0b000 rwxp 00006000 08:06 6136272    /usr/lib/libXdmcp.so.6.0.0
aab0b000-aab0e000 r-xp 00000000 08:06 6136263    /usr/lib/libXau.so.6.0.0
aab0e000-aab0f000 r-xp 00002000 08:06 6136263    /usr/lib/libXau.so.6.0.0
aab0f000-aab10000 rwxp 00003000 08:06 6136263    /usr/lib/libXau.so.6.0.0
aab10000-aab15000 r-xp 00000000 08:06 6136488    /usr/lib/libXtst.so.6.1.0
aab15000-aab16000 r-xp 00004000 08:06 6136488    /usr/lib/libXtst.so.6.1.0
aab16000-aab17000 rwxp 00005000 08:06 6136488    /usr/lib/libXtst.so.6.1.0
aab17000-aab5a000 r-xp 00000000 08:06 5767518    /opt/sun-jdk-1.6.0.24/jre/lib/i386/xawt/libmawt.so
aab5a000-aab5c000 rwxp 00043000 08:06 5767518    /opt/sun-jdk-1.6.0.24/jre/lib/i386/xawt/libmawt.so
aab5c000-aab5d000 rwxp 00000000 00:00 0 
aab5d000-aab60000 ---p 00000000 00:00 0 
aab60000-aabae000 rwxp 00000000 00:00 0 
aabae000-aabb1000 ---p 00000000 00:00 0 
aabb1000-aabff000 rwxp 00000000 00:00 0 
aabff000-aac02000 ---p 00000000 00:00 0 
aac02000-aac50000 rwxp 00000000 00:00 0 
aac50000-aacaf000 r-xs 00baa000 08:06 4255245    /opt/sun-jdk-1.6.0.24/lib/tools.jar
aacaf000-aacb2000 ---p 00000000 00:00 0 
aacb2000-aad00000 rwxp 00000000 00:00 0 
aad00000-aadfb000 rwxp 00000000 00:00 0 
aadfb000-aae00000 ---p 00000000 00:00 0 
aae00000-aae01000 r-xs 00000000 08:06 2305931    /home/tim/work/imagine~hg/Imagine/application/target/imagine/platform/modules/org-netbeans-libs-osgi.jar
aae01000-aae04000 r-xs 0003a000 08:06 2305999    /home/tim/work/imagine~hg/Imagine/application/target/imagine/platform/modules/org-netbeans-swing-outline.jar
aae04000-aae14000 r-xp 00000000 08:06 6136630    /usr/lib/libXext.so.6.4.0
aae14000-aae15000 r-xp 0000f000 08:06 6136630    /usr/lib/libXext.so.6.4.0
aae15000-aae16000 rwxp 00010000 08:06 6136630    /usr/lib/libXext.so.6.4.0
aae16000-aae1d000 r-xp 00000000 08:06 5750902    /opt/sun-jdk-1.6.0.24/jre/lib/i386/libnio.so
aae1d000-aae1e000 rwxp 00006000 08:06 5750902    /opt/sun-jdk-1.6.0.24/jre/lib/i386/libnio.so
aae1e000-aae32000 r-xp 00000000 08:06 5750898    /opt/sun-jdk-1.6.0.24/jre/lib/i386/libnet.so
aae32000-aae33000 rwxp 00013000 08:06 5750898    /opt/sun-jdk-1.6.0.24/jre/lib/i386/libnet.so
aae33000-aae39000 r-xs 0001e000 08:06 4255247    /opt/sun-jdk-1.6.0.24/lib/dt.jar
aae39000-aae3c000 ---p 00000000 00:00 0 
aae3c000-aae8a000 rwxp 00000000 00:00 0 
aae8a000-aae8b000 r-xs 00088000 08:06 2306056    /home/tim/work/imagine~hg/Imagine/application/target/imagine/imagine/core/locale/core_imagine.jar
aae8b000-aae92000 r-xs 000d0000 08:06 2305835    /home/tim/work/imagine~hg/Imagine/application/target/imagine/platform/core/org-openide-filesystems.jar
aae92000-aae97000 r-xs 000b9000 08:06 2305832    /home/tim/work/imagine~hg/Imagine/application/target/imagine/platform/core/core.jar
aae97000-aae9a000 r-xs 00047000 08:06 2305848    /home/tim/work/imagine~hg/Imagine/application/target/imagine/platform/lib/org-openide-util-lookup.jar
aae9a000-aaea1000 r-xs 000a7000 08:06 2305851    /home/tim/work/imagine~hg/Imagine/application/target/imagine/platform/lib/org-openide-util.jar
aaea1000-aaea2000 ---p 00000000 00:00 0 
aaea2000-aaf22000 rwxp 00000000 00:00 0 
aaf22000-aaf25000 ---p 00000000 00:00 0 
aaf25000-aaf73000 rwxp 00000000 00:00 0 
aaf73000-aaf76000 ---p 00000000 00:00 0 
aaf76000-aaff4000 rwxp 00000000 00:00 0 
aaff4000-aaff7000 ---p 00000000 00:00 0 
aaff7000-ab075000 rwxp 00000000 00:00 0 
ab075000-ab078000 ---p 00000000 00:00 0 
ab078000-ab0c6000 rwxp 00000000 00:00 0 
ab0c6000-ab2c6000 r-xp 00000000 08:06 4776585    /usr/lib/locale/locale-archive
ab2c6000-ab2c9000 ---p 00000000 00:00 0 
ab2c9000-ab317000 rwxp 00000000 00:00 0 
ab317000-ab31a000 ---p 00000000 00:00 0 
ab31a000-ab368000 rwxp 00000000 00:00 0 
ab368000-ab500000 r-xs 03027000 08:06 1125216    /opt/sun-jdk-1.6.0.24/jre/lib/rt.jar
ab500000-ab5ff000 rwxp 00000000 00:00 0 
ab5ff000-ab600000 ---p 00000000 00:00 0 
ab600000-ab601000 ---p 00000000 00:00 0 
ab601000-ab6b5000 rwxp 00000000 00:00 0 
ab6b5000-ab6b6000 ---p 00000000 00:00 0 
ab6b6000-ab736000 rwxp 00000000 00:00 0 
ab736000-ab737000 ---p 00000000 00:00 0 
ab737000-ab7b7000 rwxp 00000000 00:00 0 
ab7b7000-ab7b8000 ---p 00000000 00:00 0 
ab7b8000-ab838000 rwxp 00000000 00:00 0 
ab838000-ab839000 ---p 00000000 00:00 0 
ab839000-ab8d4000 rwxp 00000000 00:00 0 
ab8d4000-ab8d9000 rwxp 00000000 00:00 0 
ab8d9000-ab8ec000 rwxp 00000000 00:00 0 
ab8ec000-ab8ef000 rwxp 00000000 00:00 0 
ab8ef000-ab90a000 rwxp 00000000 00:00 0 
ab90a000-ab90f000 rwxp 00000000 00:00 0 
ab90f000-ab922000 rwxp 00000000 00:00 0 
ab922000-ab924000 rwxp 00000000 00:00 0 
ab924000-ab92f000 rwxp 00000000 00:00 0 
ab92f000-aed90000 rwxp 00000000 00:00 0 
aed90000-af930000 rwxp 00000000 00:00 0 
af930000-b1db0000 rwxp 00000000 00:00 0 
b1db0000-b23e0000 rwxp 00000000 00:00 0 
b23e0000-b3880000 rwxp 00000000 00:00 0 
b3880000-b3930000 ---p 00000000 00:00 0 
b3930000-b3932000 r-xs 0000a000 08:06 2305984    /home/tim/work/imagine~hg/Imagine/application/target/imagine/platform/modules/org-netbeans-modules-queries.jar
b3932000-b393b000 rwxp 00000000 00:00 0 
b393b000-b39f2000 rwxp 00000000 00:00 0 
b39f2000-b3c32000 rwxp 00000000 00:00 0 
b3c32000-b69f2000 rwxp 00000000 00:00 0 
b69f2000-b69fc000 r-xp 00000000 08:06 5681981    /lib/libnss_files-2.11.3.so
b69fc000-b69fd000 r-xp 00009000 08:06 5681981    /lib/libnss_files-2.11.3.so
b69fd000-b69fe000 rwxp 0000a000 08:06 5681981    /lib/libnss_files-2.11.3.so
b69fe000-b6a07000 r-xp 00000000 08:06 5682012    /lib/libnss_nis-2.11.3.so
b6a07000-b6a08000 r-xp 00008000 08:06 5682012    /lib/libnss_nis-2.11.3.so
b6a08000-b6a09000 rwxp 00009000 08:06 5682012    /lib/libnss_nis-2.11.3.so
b6a09000-b6a1c000 r-xp 00000000 08:06 5682028    /lib/libnsl-2.11.3.so
b6a1c000-b6a1d000 r-xp 00012000 08:06 5682028    /lib/libnsl-2.11.3.so
b6a1d000-b6a1e000 rwxp 00013000 08:06 5682028    /lib/libnsl-2.11.3.so
b6a1e000-b6a20000 rwxp 00000000 00:00 0 
b6a20000-b6a21000 r-xs 00009000 08:06 2305846    /home/tim/work/imagine~hg/Imagine/application/target/imagine/platform/lib/org-openide-modules.jar
b6a21000-b6a23000 r-xs 0005b000 08:06 2305838    /home/tim/work/imagine~hg/Imagine/application/target/imagine/platform/lib/boot.jar
b6a23000-b6a24000 r-xp 00e19000 08:06 4776585    /usr/lib/locale/locale-archive
b6a24000-b6a33000 r-xp 00000000 08:06 5750903    /opt/sun-jdk-1.6.0.24/jre/lib/i386/libzip.so
b6a33000-b6a35000 rwxp 0000e000 08:06 5750903    /opt/sun-jdk-1.6.0.24/jre/lib/i386/libzip.so
b6a35000-b6a3d000 rwxs 00000000 08:06 2443067    /tmp/hsperfdata_tim/20783
b6a3d000-b6a60000 r-xp 00000000 08:06 3917773    /opt/sun-jdk-1.6.0.24/jre/lib/i386/libjava.so
b6a60000-b6a62000 rwxp 00023000 08:06 3917773    /opt/sun-jdk-1.6.0.24/jre/lib/i386/libjava.so
b6a62000-b6a69000 r-xp 00000000 08:06 5682015    /lib/librt-2.11.3.so
b6a69000-b6a6a000 r-xp 00006000 08:06 5682015    /lib/librt-2.11.3.so
b6a6a000-b6a6b000 rwxp 00007000 08:06 5682015    /lib/librt-2.11.3.so
b6a6b000-b6a6e000 ---p 00000000 00:00 0 
b6a6e000-b6abc000 rwxp 00000000 00:00 0 
b6abc000-b6ae0000 r-xp 00000000 08:06 5682026    /lib/libm-2.11.3.so
b6ae0000-b6ae1000 r-xp 00023000 08:06 5682026    /lib/libm-2.11.3.so
b6ae1000-b6ae2000 rwxp 00024000 08:06 5682026    /lib/libm-2.11.3.so
b6ae2000-b726f000 r-xp 00000000 08:06 3765318    /opt/sun-jdk-1.6.0.24/jre/lib/i386/server/libjvm.so
b726f000-b72c2000 rwxp 0078d000 08:06 3765318    /opt/sun-jdk-1.6.0.24/jre/lib/i386/server/libjvm.so
b72c2000-b76e1000 rwxp 00000000 00:00 0 
b76e1000-b7822000 r-xp 00000000 08:06 5682027    /lib/libc-2.11.3.so
b7822000-b7824000 r-xp 00141000 08:06 5682027    /lib/libc-2.11.3.so
b7824000-b7825000 rwxp 00143000 08:06 5682027    /lib/libc-2.11.3.so
b7825000-b7829000 rwxp 00000000 00:00 0 
b7829000-b782b000 r-xp 00000000 08:06 5682010    /lib/libdl-2.11.3.so
b782b000-b782c000 r-xp 00001000 08:06 5682010    /lib/libdl-2.11.3.so
b782c000-b782d000 rwxp 00002000 08:06 5682010    /lib/libdl-2.11.3.so
b782d000-b7834000 r-xp 00000000 08:06 3744522    /opt/sun-jdk-1.6.0.24/jre/lib/i386/jli/libjli.so
b7834000-b7836000 rwxp 00006000 08:06 3744522    /opt/sun-jdk-1.6.0.24/jre/lib/i386/jli/libjli.so
b7836000-b784b000 r-xp 00000000 08:06 5682020    /lib/libpthread-2.11.3.so
b784b000-b784c000 r-xp 00014000 08:06 5682020    /lib/libpthread-2.11.3.so
b784c000-b784d000 rwxp 00015000 08:06 5682020    /lib/libpthread-2.11.3.so
b784d000-b784f000 rwxp 00000000 00:00 0 
b784f000-b7855000 r-xp 00000000 08:06 5682030    /lib/libnss_compat-2.11.3.so
b7855000-b7856000 r-xp 00006000 08:06 5682030    /lib/libnss_compat-2.11.3.so
b7856000-b7857000 rwxp 00007000 08:06 5682030    /lib/libnss_compat-2.11.3.so
b7857000-b785d000 r-xp 00000000 08:06 5783791    /opt/sun-jdk-1.6.0.24/jre/lib/i386/native_threads/libhpi.so
b785d000-b785e000 rwxp 00006000 08:06 5783791    /opt/sun-jdk-1.6.0.24/jre/lib/i386/native_threads/libhpi.so
b785e000-b785f000 rwxp 00000000 00:00 0 
b785f000-b7860000 r-xp 00000000 00:00 0 
b7860000-b786b000 r-xp 00000000 08:06 5750875    /opt/sun-jdk-1.6.0.24/jre/lib/i386/libverify.so
b786b000-b786c000 rwxp 0000b000 08:06 5750875    /opt/sun-jdk-1.6.0.24/jre/lib/i386/libverify.so
b786c000-b786d000 rwxp 00000000 00:00 0 
b786d000-b786e000 r-xp 00000000 00:00 0          [vdso]
b786e000-b788a000 r-xp 00000000 08:06 5682018    /lib/ld-2.11.3.so
b788a000-b788b000 r-xp 0001b000 08:06 5682018    /lib/ld-2.11.3.so
b788b000-b788c000 rwxp 0001c000 08:06 5682018    /lib/ld-2.11.3.so
bfe41000-bfe63000 rwxp 00000000 00:00 0          [stack]

VM Arguments:
jvm_args: -Djdk.home=/opt/sun-jdk-1.6.0.24 -Dnetbeans.system_http_proxy=DIRECT -Dnetbeans.system_http_non_proxy_hosts= -Dnetbeans.dirs=/home/tim/work/imagine~hg/Imagine/application/target/imagine/bin/../etc:/home/tim/work/imagine~hg/Imagine/application/target/imagine/bin/../platform:/home/tim/work/imagine~hg/Imagine/application/target/imagine/bin/../bin:/home/tim/work/imagine~hg/Imagine/application/target/imagine/bin/../imagine: -Dnetbeans.home=/home/tim/work/imagine~hg/Imagine/application/target/imagine/platform -Xms24m -Xmx64m -Dnetbeans.logger.console=true -ea -XX:+HeapDumpOnOutOfMemoryError -XX:HeapDumpPath=/home/tim/work/imagine~hg/Imagine/application/target/userdir/var/log/heapdump.hprof 
java_command: org.netbeans.Main --userdir /home/tim/work/imagine~hg/Imagine/application/target/userdir --branding imagine --branding imagine
Launcher Type: SUN_STANDARD

Environment Variables:
JAVA_HOME=/opt/sun-jdk-1.6.0.24
PATH=/usr/local/bin:/usr/bin:/bin:/opt/bin:/usr/i686-pc-linux-gnu/gcc-bin/4.4.5://opt/android-sdk-update-manager/tools:/usr/lib/subversion/bin:/home/tim/bin:/home/tim/bin
LD_LIBRARY_PATH=/opt/sun-jdk-1.6.0.24/jre/lib/i386/server:/opt/sun-jdk-1.6.0.24/jre/lib/i386:/opt/sun-jdk-1.6.0.24/jre/../lib/i386:/opt/sun-jdk-1.6.0.24/jre/lib/i386/client:/opt/sun-jdk-1.6.0.24/jre/lib/i386:/opt/sun-jdk-1.6.0.24/jre/../lib/i386
SHELL=/bin/bash
DISPLAY=:0

Signal Handlers:
SIGSEGV: [libjvm.so+0x708f80], sa_mask[0]=0x7ffbfeff, sa_flags=0x10000004
SIGBUS: [libjvm.so+0x708f80], sa_mask[0]=0x7ffbfeff, sa_flags=0x10000004
SIGFPE: [libjvm.so+0x5c4100], sa_mask[0]=0x7ffbfeff, sa_flags=0x10000004
SIGPIPE: SIG_IGN, sa_mask[0]=0x00001000, sa_flags=0x10000000
SIGXFSZ: [libjvm.so+0x5c4100], sa_mask[0]=0x7ffbfeff, sa_flags=0x10000004
SIGILL: [libjvm.so+0x5c4100], sa_mask[0]=0x7ffbfeff, sa_flags=0x10000004
SIGUSR1: SIG_DFL, sa_mask[0]=0x00000000, sa_flags=0x00000000
SIGUSR2: [libjvm.so+0x5c70e0], sa_mask[0]=0x00000004, sa_flags=0x10000004
SIGHUP: [libjvm.so+0x5c6cc0], sa_mask[0]=0x7ffbfeff, sa_flags=0x10000004
SIGINT: SIG_IGN, sa_mask[0]=0x00000000, sa_flags=0x00000000
SIGTERM: [libjvm.so+0x5c6cc0], sa_mask[0]=0x7ffbfeff, sa_flags=0x10000004
SIGQUIT: [libjvm.so+0x5c6cc0], sa_mask[0]=0x7ffbfeff, sa_flags=0x10000004


---------------  S Y S T E M  ---------------

OS:Gentoo Base System release 1.12.14

uname:Linux 2.6.37-tuxonice #3 SMP PREEMPT Sun Jun 5 22:53:43 EDT 2011 i686
libc:glibc 2.11.3 NPTL 2.11.3 
rlimit: STACK 8192k, CORE 0k, NPROC 25214, NOFILE 1024, AS infinity
load average:1.16 1.21 1.22

/proc/meminfo:
MemTotal:        3227932 kB
MemFree:          546880 kB
Buffers:          235200 kB
Cached:          1028232 kB
SwapCached:            0 kB
Active:          1938004 kB
Inactive:         628432 kB
Active(anon):    1304420 kB
Inactive(anon):   100880 kB
Active(file):     633584 kB
Inactive(file):   527552 kB
Unevictable:           0 kB
Mlocked:               0 kB
HighTotal:       2356136 kB
HighFree:          10712 kB
LowTotal:         871796 kB
LowFree:          536168 kB
SwapTotal:       8388604 kB
SwapFree:        8388604 kB
Dirty:              9376 kB
Writeback:             0 kB
AnonPages:       1303048 kB
Mapped:           122824 kB
Shmem:            102296 kB
Slab:              90956 kB
SReclaimable:      78248 kB
SUnreclaim:        12708 kB
KernelStack:        3016 kB
PageTables:         4880 kB
NFS_Unstable:          0 kB
Bounce:                0 kB
WritebackTmp:          0 kB
CommitLimit:    10002568 kB
Committed_AS:    2620296 kB
VmallocTotal:     122880 kB
VmallocUsed:       20644 kB
VmallocChunk:      89980 kB
HugePages_Total:       0
HugePages_Free:        0
HugePages_Rsvd:        0
HugePages_Surp:        0
Hugepagesize:       4096 kB
DirectMap4k:       20472 kB
DirectMap4M:      888832 kB


CPU:total 4 (2 cores per cpu, 2 threads per core) family 6 model 37 stepping 5, cmov, cx8, fxsr, mmx, sse, sse2, sse3, ssse3, sse4.1, sse4.2, popcnt, ht

Memory: 4k page, physical 3227932k(546880k free), swap 8388604k(8388604k free)

vm_info: Java HotSpot(TM) Server VM (19.1-b02) for linux-x86 JRE (1.6.0_24-b07), built on Feb  2 2011 16:51:52 by "java_re" with gcc 3.2.1-7a (J2SE release)

time: Wed Sep 28 20:20:37 2011
elapsed time: 44 seconds

